<?xml version="1.0" encoding="utf-8"?>
<test-run id="2" testcasecount="1" result="Passed" total="1" passed="1" failed="0" inconclusive="0" skipped="0" asserts="0" engine-version="3.5.0.0" clr-version="4.0.30319.42000" start-time="2026-01-26 06:01:26Z" end-time="2026-01-26 06:01:26Z" duration="0.065244">
  <test-suite type="TestSuite" id="1000" name="AnimationMergeToolForTimeline" fullname="AnimationMergeToolForTimeline" runstate="Runnable" testcasecount="574" result="Passed" start-time="2026-01-26 06:01:26Z" end-time="2026-01-26 06:01:26Z" duration="0.065244" total="1" passed="1" failed="0" inconclusive="0" skipped="0" asserts="0">
    <properties>
      <property name="platform" value="EditMode" />
    </properties>
    <test-suite type="Assembly" id="1591" name="AnimationMergeTool.Editor.Tests.dll" fullname="D:/Personal/Repositries/AnimationMergeToolForTimeline/AnimationMergeToolForTimeline/Library/ScriptAssemblies/AnimationMergeTool.Editor.Tests.dll" runstate="Runnable" testcasecount="574" result="Passed" start-time="2026-01-26 06:01:26Z" end-time="2026-01-26 06:01:26Z" duration="0.056495" total="1" passed="1" failed="0" inconclusive="0" skipped="0" asserts="0">
      <properties>
        <property name="_PID" value="499268" />
        <property name="_APPDOMAIN" value="Unity Child Domain" />
        <property name="platform" value="EditMode" />
        <property name="EditorOnly" value="True" />
      </properties>
      <test-suite type="TestSuite" id="1592" name="AnimationMergeTool" fullname="AnimationMergeTool" runstate="Runnable" testcasecount="574" result="Passed" start-time="2026-01-26 06:01:26Z" end-time="2026-01-26 06:01:26Z" duration="0.051323" total="1" passed="1" failed="0" inconclusive="0" skipped="0" asserts="0">
        <properties />
        <test-suite type="TestSuite" id="1593" name="Editor" fullname="AnimationMergeTool.Editor" runstate="Runnable" testcasecount="574" result="Passed" start-time="2026-01-26 06:01:26Z" end-time="2026-01-26 06:01:26Z" duration="0.048247" total="1" passed="1" failed="0" inconclusive="0" skipped="0" asserts="0">
          <properties />
          <test-suite type="TestSuite" id="1594" name="Tests" fullname="AnimationMergeTool.Editor.Tests" runstate="Runnable" testcasecount="574" result="Passed" start-time="2026-01-26 06:01:26Z" end-time="2026-01-26 06:01:26Z" duration="0.045129" total="1" passed="1" failed="0" inconclusive="0" skipped="0" asserts="0">
            <properties />
            <test-suite type="TestFixture" id="1151" name="ClipMergerTests" fullname="AnimationMergeTool.Editor.Tests.ClipMergerTests" classname="AnimationMergeTool.Editor.Tests.ClipMergerTests" runstate="Runnable" testcasecount="56" result="Passed" start-time="2026-01-26 06:01:26Z" end-time="2026-01-26 06:01:26Z" duration="0.035685" total="1" passed="1" failed="0" inconclusive="0" skipped="0" asserts="0">
              <properties />
              <test-case id="1179" name="Merge_時間オフセットが正しく適用される" fullname="AnimationMergeTool.Editor.Tests.ClipMergerTests.Merge_時間オフセットが正しく適用される" methodname="Merge_時間オフセットが正しく適用される" classname="AnimationMergeTool.Editor.Tests.ClipMergerTests" runstate="Runnable" seed="1333363062" result="Passed" start-time="2026-01-26 06:01:26Z" end-time="2026-01-26 06:01:26Z" duration="0.021021" asserts="0">
                <properties>
                  <property name="retryIteration" value="0" />
                  <property name="repeatIteration" value="0" />
                </properties>
                <output><![CDATA[Saving results to: D:\Personal\Repositries\AnimationMergeToolForTimeline\TestResults_TASK006_3.xml
]]></output>
              </test-case>
            </test-suite>
          </test-suite>
        </test-suite>
      </test-suite>
    </test-suite>
  </test-suite>
</test-run>