<?xml version="1.0" encoding="utf-8"?>
<test-run id="2" testcasecount="730" result="Skipped:Ignored" total="730" passed="729" failed="0" inconclusive="0" skipped="1" asserts="0" engine-version="3.5.0.0" clr-version="4.0.30319.42000" start-time="2026-01-26 18:15:48Z" end-time="2026-01-26 18:15:50Z" duration="2.0066285">
  <test-suite type="TestSuite" id="1000" name="AnimationMergeToolForTimeline" fullname="AnimationMergeToolForTimeline" runstate="Runnable" testcasecount="730" result="Skipped" label="Ignored" start-time="2026-01-26 18:15:48Z" end-time="2026-01-26 18:15:50Z" duration="2.006629" total="730" passed="729" failed="0" inconclusive="0" skipped="1" asserts="0">
    <properties>
      <property name="platform" value="EditMode" />
    </properties>
    <reason>
      <message><![CDATA[One or more child tests were ignored]]></message>
    </reason>
    <test-suite type="Assembly" id="1752" name="AnimationMergeTool.Editor.Tests.dll" fullname="D:/Personal/Repositries/AnimationMergeToolForTimeline/AnimationMergeToolForTimeline/Library/ScriptAssemblies/AnimationMergeTool.Editor.Tests.dll" runstate="Runnable" testcasecount="730" result="Skipped" label="Ignored" start-time="2026-01-26 18:15:48Z" end-time="2026-01-26 18:15:50Z" duration="2.001303" total="730" passed="729" failed="0" inconclusive="0" skipped="1" asserts="0">
      <properties>
        <property name="_PID" value="537716" />
        <property name="_APPDOMAIN" value="Unity Child Domain" />
        <property name="platform" value="EditMode" />
        <property name="EditorOnly" value="True" />
      </properties>
      <reason>
        <message><![CDATA[One or more child tests were ignored]]></message>
      </reason>
      <test-suite type="TestSuite" id="1753" name="AnimationMergeTool" fullname="AnimationMergeTool" runstate="Runnable" testcasecount="730" result="Skipped" label="Ignored" start-time="2026-01-26 18:15:48Z" end-time="2026-01-26 18:15:50Z" duration="2.000948" total="730" passed="729" failed="0" inconclusive="0" skipped="1" asserts="0">
        <properties />
        <reason>
          <message><![CDATA[One or more child tests were ignored]]></message>
        </reason>
        <test-suite type="TestSuite" id="1754" name="Editor" fullname="AnimationMergeTool.Editor" runstate="Runnable" testcasecount="730" result="Skipped" label="Ignored" start-time="2026-01-26 18:15:48Z" end-time="2026-01-26 18:15:50Z" duration="2.000727" total="730" passed="729" failed="0" inconclusive="0" skipped="1" asserts="0">
          <properties />
          <reason>
            <message><![CDATA[One or more child tests were ignored]]></message>
          </reason>
          <test-suite type="TestSuite" id="1755" name="Tests" fullname="AnimationMergeTool.Editor.Tests" runstate="Runnable" testcasecount="730" result="Skipped" label="Ignored" start-time="2026-01-26 18:15:48Z" end-time="2026-01-26 18:15:50Z" duration="2.000250" total="730" passed="729" failed="0" inconclusive="0" skipped="1" asserts="0">
            <properties />
            <reason>
              <message><![CDATA[One or more child tests were ignored]]></message>
            </reason>
            <test-suite type="TestFixture" id="1001" name="AnimationClipExporterTests" fullname="AnimationMergeTool.Editor.Tests.AnimationClipExporterTests" classname="AnimationMergeTool.Editor.Tests.AnimationClipExporterTests" runstate="Runnable" testcasecount="25" result="Passed" start-time="2026-01-26 18:15:48Z" end-time="2026-01-26 18:15:48Z" duration="0.128483" total="25" passed="25" failed="0" inconclusive="0" skipped="0" asserts="0">
              <properties />
              <test-case id="1003" name="CreateAnimationClip_MergeResultがnullの場合nullを返す" fullname="AnimationMergeTool.Editor.Tests.AnimationClipExporterTests.CreateAnimationClip_MergeResultがnullの場合nullを返す" methodname="CreateAnimationClip_MergeResultがnullの場合nullを返す" classname="AnimationMergeTool.Editor.Tests.AnimationClipExporterTests" runstate="Runnable" seed="394871953" result="Passed" start-time="2026-01-26 18:15:48Z" end-time="2026-01-26 18:15:48Z" duration="0.009025" asserts="0">
                <properties>
                  <property name="retryIteration" value="0" />
                  <property name="repeatIteration" value="0" />
                </properties>
                <output><![CDATA[MergeResultがnullです。
]]></output>
              </test-case>
              <test-case id="1015" name="CreateAnimationClip_MergeResult不要版_カーブリストがnullの場合nullを返す" fullname="AnimationMergeTool.Editor.Tests.AnimationClipExporterTests.CreateAnimationClip_MergeResult不要版_カーブリストがnullの場合nullを返す" methodname="CreateAnimationClip_MergeResult不要版_カーブリストがnullの場合nullを返す" classname="AnimationMergeTool.Editor.Tests.AnimationClipExporterTests" runstate="Runnable" seed="134083063" result="Passed" start-time="2026-01-26 18:15:48Z" end-time="2026-01-26 18:15:48Z" duration="0.000635" asserts="0">
                <properties>
                  <property name="retryIteration" value="0" />
                  <property name="repeatIteration" value="0" />
                </properties>
                <output><![CDATA[カーブデータが空のためAnimationClipを生成できません。
]]></output>
              </test-case>
              <test-case id="1016" name="CreateAnimationClip_MergeResult不要版_カーブリストが空の場合nullを返す" fullname="AnimationMergeTool.Editor.Tests.AnimationClipExporterTests.CreateAnimationClip_MergeResult不要版_カーブリストが空の場合nullを返す" methodname="CreateAnimationClip_MergeResult不要版_カーブリストが空の場合nullを返す" classname="AnimationMergeTool.Editor.Tests.AnimationClipExporterTests" runstate="Runnable" seed="1762420692" result="Passed" start-time="2026-01-26 18:15:48Z" end-time="2026-01-26 18:15:48Z" duration="0.001664" asserts="0">
                <properties>
                  <property name="retryIteration" value="0" />
                  <property name="repeatIteration" value="0" />
                </properties>
                <output><![CDATA[カーブデータが空のためAnimationClipを生成できません。
]]></output>
              </test-case>
              <test-case id="1017" name="CreateAnimationClip_MergeResult不要版_フレームレートが0以下の場合デフォルト60fpsを使用する" fullname="AnimationMergeTool.Editor.Tests.AnimationClipExporterTests.CreateAnimationClip_MergeResult不要版_フレームレートが0以下の場合デフォルト60fpsを使用する" methodname="CreateAnimationClip_MergeResult不要版_フレームレートが0以下の場合デフォルト60fpsを使用する" classname="AnimationMergeTool.Editor.Tests.AnimationClipExporterTests" runstate="Runnable" seed="1299541737" result="Passed" start-time="2026-01-26 18:15:48Z" end-time="2026-01-26 18:15:48Z" duration="0.003963" asserts="0">
                <properties>
                  <property name="retryIteration" value="0" />
                  <property name="repeatIteration" value="0" />
                </properties>
              </test-case>
              <test-case id="1018" name="CreateAnimationClip_MergeResult不要版_指定したフレームレートが設定される" fullname="AnimationMergeTool.Editor.Tests.AnimationClipExporterTests.CreateAnimationClip_MergeResult不要版_指定したフレームレートが設定される" methodname="CreateAnimationClip_MergeResult不要版_指定したフレームレートが設定される" classname="AnimationMergeTool.Editor.Tests.AnimationClipExporterTests" runstate="Runnable" seed="1808213039" result="Passed" start-time="2026-01-26 18:15:48Z" end-time="2026-01-26 18:15:48Z" duration="0.000214" asserts="0">
                <properties>
                  <property name="retryIteration" value="0" />
                  <property name="repeatIteration" value="0" />
                </properties>
              </test-case>
              <test-case id="1014" name="CreateAnimationClip_MergeResult不要版_有効なカーブデータからAnimationClipを生成できる" fullname="AnimationMergeTool.Editor.Tests.AnimationClipExporterTests.CreateAnimationClip_MergeResult不要版_有効なカーブデータからAnimationClipを生成できる" methodname="CreateAnimationClip_MergeResult不要版_有効なカーブデータからAnimationClipを生成できる" classname="AnimationMergeTool.Editor.Tests.AnimationClipExporterTests" runstate="Runnable" seed="292214201" result="Passed" start-time="2026-01-26 18:15:48Z" end-time="2026-01-26 18:15:48Z" duration="0.000188" asserts="0">
                <properties>
                  <property name="retryIteration" value="0" />
                  <property name="repeatIteration" value="0" />
                </properties>
              </test-case>
              <test-case id="1010" name="CreateAnimationClip_nullカーブをスキップする" fullname="AnimationMergeTool.Editor.Tests.AnimationClipExporterTests.CreateAnimationClip_nullカーブをスキップする" methodname="CreateAnimationClip_nullカーブをスキップする" classname="AnimationMergeTool.Editor.Tests.AnimationClipExporterTests" runstate="Runnable" seed="1804852517" result="Passed" start-time="2026-01-26 18:15:48Z" end-time="2026-01-26 18:15:48Z" duration="0.000729" asserts="0">
                <properties>
                  <property name="retryIteration" value="0" />
                  <property name="repeatIteration" value="0" />
                </properties>
              </test-case>
              <test-case id="1004" name="CreateAnimationClip_カーブリストがnullの場合nullを返しエラーログを追加する" fullname="AnimationMergeTool.Editor.Tests.AnimationClipExporterTests.CreateAnimationClip_カーブリストがnullの場合nullを返しエラーログを追加する" methodname="CreateAnimationClip_カーブリストがnullの場合nullを返しエラーログを追加する" classname="AnimationMergeTool.Editor.Tests.AnimationClipExporterTests" runstate="Runnable" seed="1190943836" result="Passed" start-time="2026-01-26 18:15:48Z" end-time="2026-01-26 18:15:48Z" duration="0.000427" asserts="0">
                <properties>
                  <property name="retryIteration" value="0" />
                  <property name="repeatIteration" value="0" />
                </properties>
              </test-case>
              <test-case id="1005" name="CreateAnimationClip_カーブリストが空の場合nullを返しエラーログを追加する" fullname="AnimationMergeTool.Editor.Tests.AnimationClipExporterTests.CreateAnimationClip_カーブリストが空の場合nullを返しエラーログを追加する" methodname="CreateAnimationClip_カーブリストが空の場合nullを返しエラーログを追加する" classname="AnimationMergeTool.Editor.Tests.AnimationClipExporterTests" runstate="Runnable" seed="684328723" result="Passed" start-time="2026-01-26 18:15:48Z" end-time="2026-01-26 18:15:48Z" duration="0.000177" asserts="0">
                <properties>
                  <property name="retryIteration" value="0" />
                  <property name="repeatIteration" value="0" />
                </properties>
              </test-case>
              <test-case id="1006" name="CreateAnimationClip_フレームレートが0以下の場合デフォルト60fpsを使用する" fullname="AnimationMergeTool.Editor.Tests.AnimationClipExporterTests.CreateAnimationClip_フレームレートが0以下の場合デフォルト60fpsを使用する" methodname="CreateAnimationClip_フレームレートが0以下の場合デフォルト60fpsを使用する" classname="AnimationMergeTool.Editor.Tests.AnimationClipExporterTests" runstate="Runnable" seed="220903681" result="Passed" start-time="2026-01-26 18:15:48Z" end-time="2026-01-26 18:15:48Z" duration="0.000206" asserts="0">
                <properties>
                  <property name="retryIteration" value="0" />
                  <property name="repeatIteration" value="0" />
                </properties>
              </test-case>
              <test-case id="1013" name="CreateAnimationClip_ログにカーブ数とフレームレートが記録される" fullname="AnimationMergeTool.Editor.Tests.AnimationClipExporterTests.CreateAnimationClip_ログにカーブ数とフレームレートが記録される" methodname="CreateAnimationClip_ログにカーブ数とフレームレートが記録される" classname="AnimationMergeTool.Editor.Tests.AnimationClipExporterTests" runstate="Runnable" seed="1505922903" result="Passed" start-time="2026-01-26 18:15:48Z" end-time="2026-01-26 18:15:48Z" duration="0.000203" asserts="0">
                <properties>
                  <property name="retryIteration" value="0" />
                  <property name="repeatIteration" value="0" />
                </properties>
              </test-case>
              <test-case id="1011" name="CreateAnimationClip_空のカーブをスキップする" fullname="AnimationMergeTool.Editor.Tests.AnimationClipExporterTests.CreateAnimationClip_空のカーブをスキップする" methodname="CreateAnimationClip_空のカーブをスキップする" classname="AnimationMergeTool.Editor.Tests.AnimationClipExporterTests" runstate="Runnable" seed="921136296" result="Passed" start-time="2026-01-26 18:15:48Z" end-time="2026-01-26 18:15:48Z" duration="0.000349" asserts="0">
                <properties>
                  <property name="retryIteration" value="0" />
                  <property name="repeatIteration" value="0" />
                </properties>
              </test-case>
              <test-case id="1008" name="CreateAnimationClip_指定したフレームレートが設定される" fullname="AnimationMergeTool.Editor.Tests.AnimationClipExporterTests.CreateAnimationClip_指定したフレームレートが設定される" methodname="CreateAnimationClip_指定したフレームレートが設定される" classname="AnimationMergeTool.Editor.Tests.AnimationClipExporterTests" runstate="Runnable" seed="1870555809" result="Passed" start-time="2026-01-26 18:15:48Z" end-time="2026-01-26 18:15:48Z" duration="0.000197" asserts="0">
                <properties>
                  <property name="retryIteration" value="0" />
                  <property name="repeatIteration" value="0" />
                </properties>
              </test-case>
              <test-case id="1012" name="CreateAnimationClip_全てのカーブが無効な場合nullを返す" fullname="AnimationMergeTool.Editor.Tests.AnimationClipExporterTests.CreateAnimationClip_全てのカーブが無効な場合nullを返す" methodname="CreateAnimationClip_全てのカーブが無効な場合nullを返す" classname="AnimationMergeTool.Editor.Tests.AnimationClipExporterTests" runstate="Runnable" seed="2078206670" result="Passed" start-time="2026-01-26 18:15:48Z" end-time="2026-01-26 18:15:48Z" duration="0.000212" asserts="0">
                <properties>
                  <property name="retryIteration" value="0" />
                  <property name="repeatIteration" value="0" />
                </properties>
              </test-case>
              <test-case id="1007" name="CreateAnimationClip_負のフレームレートの場合デフォルト60fpsを使用する" fullname="AnimationMergeTool.Editor.Tests.AnimationClipExporterTests.CreateAnimationClip_負のフレームレートの場合デフォルト60fpsを使用する" methodname="CreateAnimationClip_負のフレームレートの場合デフォルト60fpsを使用する" classname="AnimationMergeTool.Editor.Tests.AnimationClipExporterTests" runstate="Runnable" seed="247201229" result="Passed" start-time="2026-01-26 18:15:48Z" end-time="2026-01-26 18:15:48Z" duration="0.000203" asserts="0">
                <properties>
                  <property name="retryIteration" value="0" />
                  <property name="repeatIteration" value="0" />
                </properties>
              </test-case>
              <test-case id="1009" name="CreateAnimationClip_複数のカーブを正しく設定できる" fullname="AnimationMergeTool.Editor.Tests.AnimationClipExporterTests.CreateAnimationClip_複数のカーブを正しく設定できる" methodname="CreateAnimationClip_複数のカーブを正しく設定できる" classname="AnimationMergeTool.Editor.Tests.AnimationClipExporterTests" runstate="Runnable" seed="2021985146" result="Passed" start-time="2026-01-26 18:15:48Z" end-time="2026-01-26 18:15:48Z" duration="0.000247" asserts="0">
                <properties>
                  <property name="retryIteration" value="0" />
                  <property name="repeatIteration" value="0" />
                </properties>
              </test-case>
              <test-case id="1002" name="CreateAnimationClip_有効なカーブデータからAnimationClipを生成できる" fullname="AnimationMergeTool.Editor.Tests.AnimationClipExporterTests.CreateAnimationClip_有効なカーブデータからAnimationClipを生成できる" methodname="CreateAnimationClip_有効なカーブデータからAnimationClipを生成できる" classname="AnimationMergeTool.Editor.Tests.AnimationClipExporterTests" runstate="Runnable" seed="1576541056" result="Passed" start-time="2026-01-26 18:15:48Z" end-time="2026-01-26 18:15:48Z" duration="0.000318" asserts="0">
                <properties>
                  <property name="retryIteration" value="0" />
                  <property name="repeatIteration" value="0" />
                </properties>
              </test-case>
              <test-case id="1024" name="ExportToAsset_MergeResultとカーブからアセットを生成して保存できる" fullname="AnimationMergeTool.Editor.Tests.AnimationClipExporterTests.ExportToAsset_MergeResultとカーブからアセットを生成して保存できる" methodname="ExportToAsset_MergeResultとカーブからアセットを生成して保存できる" classname="AnimationMergeTool.Editor.Tests.AnimationClipExporterTests" runstate="Runnable" seed="287902500" result="Passed" start-time="2026-01-26 18:15:48Z" end-time="2026-01-26 18:15:48Z" duration="0.031868" asserts="0">
                <properties>
                  <property name="retryIteration" value="0" />
                  <property name="repeatIteration" value="0" />
                </properties>
                <output><![CDATA[AnimationClipを保存しました: Assets/TestTimeline_465ce82f_TestAnimator_Merged.anim
]]></output>
              </test-case>
              <test-case id="1025" name="ExportToAsset_カーブが空の場合nullを返す" fullname="AnimationMergeTool.Editor.Tests.AnimationClipExporterTests.ExportToAsset_カーブが空の場合nullを返す" methodname="ExportToAsset_カーブが空の場合nullを返す" classname="AnimationMergeTool.Editor.Tests.AnimationClipExporterTests" runstate="Runnable" seed="1732454527" result="Passed" start-time="2026-01-26 18:15:48Z" end-time="2026-01-26 18:15:48Z" duration="0.000200" asserts="0">
                <properties>
                  <property name="retryIteration" value="0" />
                  <property name="repeatIteration" value="0" />
                </properties>
              </test-case>
              <test-case id="1026" name="ExportToAsset_存在しないディレクトリの場合エラーログを追加する" fullname="AnimationMergeTool.Editor.Tests.AnimationClipExporterTests.ExportToAsset_存在しないディレクトリの場合エラーログを追加する" methodname="ExportToAsset_存在しないディレクトリの場合エラーログを追加する" classname="AnimationMergeTool.Editor.Tests.AnimationClipExporterTests" runstate="Runnable" seed="1979900439" result="Passed" start-time="2026-01-26 18:15:48Z" end-time="2026-01-26 18:15:48Z" duration="0.000748" asserts="0">
                <properties>
                  <property name="retryIteration" value="0" />
                  <property name="repeatIteration" value="0" />
                </properties>
                <output><![CDATA[保存先ディレクトリが存在しません: Assets/NonExistentFolder12345
]]></output>
              </test-case>
              <test-case id="1020" name="SaveAsAsset_clipがnullの場合nullを返す" fullname="AnimationMergeTool.Editor.Tests.AnimationClipExporterTests.SaveAsAsset_clipがnullの場合nullを返す" methodname="SaveAsAsset_clipがnullの場合nullを返す" classname="AnimationMergeTool.Editor.Tests.AnimationClipExporterTests" runstate="Runnable" seed="1177524827" result="Passed" start-time="2026-01-26 18:15:48Z" end-time="2026-01-26 18:15:48Z" duration="0.000494" asserts="0">
                <properties>
                  <property name="retryIteration" value="0" />
                  <property name="repeatIteration" value="0" />
                </properties>
                <output><![CDATA[保存するAnimationClipがnullです。
]]></output>
              </test-case>
              <test-case id="1022" name="SaveAsAsset_ディレクトリが空文字の場合Assetsに保存される" fullname="AnimationMergeTool.Editor.Tests.AnimationClipExporterTests.SaveAsAsset_ディレクトリが空文字の場合Assetsに保存される" methodname="SaveAsAsset_ディレクトリが空文字の場合Assetsに保存される" classname="AnimationMergeTool.Editor.Tests.AnimationClipExporterTests" runstate="Runnable" seed="424465360" result="Passed" start-time="2026-01-26 18:15:48Z" end-time="2026-01-26 18:15:48Z" duration="0.020820" asserts="0">
                <properties>
                  <property name="retryIteration" value="0" />
                  <property name="repeatIteration" value="0" />
                </properties>
                <output><![CDATA[AnimationClipを保存しました: Assets/TestTimeline_234628f3_TestAnimator_Merged.anim
]]></output>
              </test-case>
              <test-case id="1023" name="SaveAsAsset_ファイル名が正しい形式で生成される" fullname="AnimationMergeTool.Editor.Tests.AnimationClipExporterTests.SaveAsAsset_ファイル名が正しい形式で生成される" methodname="SaveAsAsset_ファイル名が正しい形式で生成される" classname="AnimationMergeTool.Editor.Tests.AnimationClipExporterTests" runstate="Runnable" seed="1724289264" result="Passed" start-time="2026-01-26 18:15:48Z" end-time="2026-01-26 18:15:48Z" duration="0.021377" asserts="0">
                <properties>
                  <property name="retryIteration" value="0" />
                  <property name="repeatIteration" value="0" />
                </properties>
                <output><![CDATA[AnimationClipを保存しました: Assets/MyTimeline_MyAnimator_Merged.anim
]]></output>
              </test-case>
              <test-case id="1021" name="SaveAsAsset_存在しないディレクトリの場合nullを返す" fullname="AnimationMergeTool.Editor.Tests.AnimationClipExporterTests.SaveAsAsset_存在しないディレクトリの場合nullを返す" methodname="SaveAsAsset_存在しないディレクトリの場合nullを返す" classname="AnimationMergeTool.Editor.Tests.AnimationClipExporterTests" runstate="Runnable" seed="957563139" result="Passed" start-time="2026-01-26 18:15:48Z" end-time="2026-01-26 18:15:48Z" duration="0.000846" asserts="0">
                <properties>
                  <property name="retryIteration" value="0" />
                  <property name="repeatIteration" value="0" />
                </properties>
                <output><![CDATA[保存先ディレクトリが存在しません: Assets/NonExistentFolder12345
]]></output>
              </test-case>
              <test-case id="1019" name="SaveAsAsset_有効なAnimationClipをAssets直下に保存できる" fullname="AnimationMergeTool.Editor.Tests.AnimationClipExporterTests.SaveAsAsset_有効なAnimationClipをAssets直下に保存できる" methodname="SaveAsAsset_有効なAnimationClipをAssets直下に保存できる" classname="AnimationMergeTool.Editor.Tests.AnimationClipExporterTests" runstate="Runnable" seed="150741874" result="Passed" start-time="2026-01-26 18:15:48Z" end-time="2026-01-26 18:15:48Z" duration="0.021240" asserts="0">
                <properties>
                  <property name="retryIteration" value="0" />
                  <property name="repeatIteration" value="0" />
                </properties>
                <output><![CDATA[AnimationClipを保存しました: Assets/TestTimeline_60e54eb5_TestAnimator_Merged.anim
]]></output>
              </test-case>
            </test-suite>
            <test-suite type="TestFixture" id="1027" name="AnimationMergeServiceTests" fullname="AnimationMergeTool.Editor.Tests.AnimationMergeServiceTests" classname="AnimationMergeTool.Editor.Tests.AnimationMergeServiceTests" runstate="Runnable" testcasecount="26" result="Passed" start-time="2026-01-26 18:15:48Z" end-time="2026-01-26 18:15:48Z" duration="0.211802" total="26" passed="26" failed="0" inconclusive="0" skipped="0" asserts="0">
              <properties />
              <test-case id="1032" name="MergeFromPlayableDirector_Muteトラックはスキップされる" fullname="AnimationMergeTool.Editor.Tests.AnimationMergeServiceTests.MergeFromPlayableDirector_Muteトラックはスキップされる" methodname="MergeFromPlayableDirector_Muteトラックはスキップされる" classname="AnimationMergeTool.Editor.Tests.AnimationMergeServiceTests" runstate="Runnable" seed="308391320" result="Passed" start-time="2026-01-26 18:15:48Z" end-time="2026-01-26 18:15:48Z" duration="0.037744" asserts="0">
                <properties>
                  <property name="retryIteration" value="0" />
                  <property name="repeatIteration" value="0" />
                </properties>
                <output><![CDATA[AnimationClipを保存しました: Assets/Unknown_TestAnimator_Merged.anim
]]></output>
              </test-case>
              <test-case id="1028" name="MergeFromPlayableDirector_PlayableDirectorがnullの場合空のリストを返す" fullname="AnimationMergeTool.Editor.Tests.AnimationMergeServiceTests.MergeFromPlayableDirector_PlayableDirectorがnullの場合空のリストを返す" methodname="MergeFromPlayableDirector_PlayableDirectorがnullの場合空のリストを返す" classname="AnimationMergeTool.Editor.Tests.AnimationMergeServiceTests" runstate="Runnable" seed="355631279" result="Passed" start-time="2026-01-26 18:15:48Z" end-time="2026-01-26 18:15:48Z" duration="0.000633" asserts="0">
                <properties>
                  <property name="retryIteration" value="0" />
                  <property name="repeatIteration" value="0" />
                </properties>
                <output><![CDATA[[AnimationMergeTool] PlayableDirectorがnullです。
]]></output>
              </test-case>
              <test-case id="1029" name="MergeFromPlayableDirector_TimelineAssetが未設定の場合空のリストを返す" fullname="AnimationMergeTool.Editor.Tests.AnimationMergeServiceTests.MergeFromPlayableDirector_TimelineAssetが未設定の場合空のリストを返す" methodname="MergeFromPlayableDirector_TimelineAssetが未設定の場合空のリストを返す" classname="AnimationMergeTool.Editor.Tests.AnimationMergeServiceTests" runstate="Runnable" seed="1782753656" result="Passed" start-time="2026-01-26 18:15:48Z" end-time="2026-01-26 18:15:48Z" duration="0.000639" asserts="0">
                <properties>
                  <property name="retryIteration" value="0" />
                  <property name="repeatIteration" value="0" />
                </properties>
                <output><![CDATA[[AnimationMergeTool] PlayableDirectorにTimelineAssetが設定されていません。
]]></output>
              </test-case>
              <test-case id="1030" name="MergeFromPlayableDirector_バインドされたAnimatorがない場合空のリストを返す" fullname="AnimationMergeTool.Editor.Tests.AnimationMergeServiceTests.MergeFromPlayableDirector_バインドされたAnimatorがない場合空のリストを返す" methodname="MergeFromPlayableDirector_バインドされたAnimatorがない場合空のリストを返す" classname="AnimationMergeTool.Editor.Tests.AnimationMergeServiceTests" runstate="Runnable" seed="861609985" result="Passed" start-time="2026-01-26 18:15:48Z" end-time="2026-01-26 18:15:48Z" duration="0.001238" asserts="0">
                <properties>
                  <property name="retryIteration" value="0" />
                  <property name="repeatIteration" value="0" />
                </properties>
                <output><![CDATA[[AnimationMergeTool] トラック "TestTrack" にAnimatorがバインドされていません。
[AnimationMergeTool] バインドされたAnimatorが見つかりません。
]]></output>
              </test-case>
              <test-case id="1047" name="MergeFromPlayableDirector_空のTimelineAssetがバインドされている場合エラーログを出力して空のリストを返す" fullname="AnimationMergeTool.Editor.Tests.AnimationMergeServiceTests.MergeFromPlayableDirector_空のTimelineAssetがバインドされている場合エラーログを出力して空のリストを返す" methodname="MergeFromPlayableDirector_空のTimelineAssetがバインドされている場合エラーログを出力して空のリストを返す" classname="AnimationMergeTool.Editor.Tests.AnimationMergeServiceTests" runstate="Runnable" seed="1575241606" result="Passed" start-time="2026-01-26 18:15:48Z" end-time="2026-01-26 18:15:48Z" duration="0.001024" asserts="0">
                <properties>
                  <property name="retryIteration" value="0" />
                  <property name="repeatIteration" value="0" />
                </properties>
                <output><![CDATA[[AnimationMergeTool] バインドされたAnimatorが見つかりません。
]]></output>
              </test-case>
              <test-case id="1050" name="MergeFromPlayableDirector_全てのトラックにクリップがない場合エラーログを出力して処理結果を返す" fullname="AnimationMergeTool.Editor.Tests.AnimationMergeServiceTests.MergeFromPlayableDirector_全てのトラックにクリップがない場合エラーログを出力して処理結果を返す" methodname="MergeFromPlayableDirector_全てのトラックにクリップがない場合エラーログを出力して処理結果を返す" classname="AnimationMergeTool.Editor.Tests.AnimationMergeServiceTests" runstate="Runnable" seed="1847945279" result="Passed" start-time="2026-01-26 18:15:48Z" end-time="2026-01-26 18:15:48Z" duration="0.001250" asserts="0">
                <properties>
                  <property name="retryIteration" value="0" />
                  <property name="repeatIteration" value="0" />
                </properties>
              </test-case>
              <test-case id="1043" name="MergeFromPlayableDirector_対象トラック0件の場合エラーログを出力して処理終了する" fullname="AnimationMergeTool.Editor.Tests.AnimationMergeServiceTests.MergeFromPlayableDirector_対象トラック0件の場合エラーログを出力して処理終了する" methodname="MergeFromPlayableDirector_対象トラック0件の場合エラーログを出力して処理終了する" classname="AnimationMergeTool.Editor.Tests.AnimationMergeServiceTests" runstate="Runnable" seed="1630949093" result="Passed" start-time="2026-01-26 18:15:48Z" end-time="2026-01-26 18:15:48Z" duration="0.001559" asserts="0">
                <properties>
                  <property name="retryIteration" value="0" />
                  <property name="repeatIteration" value="0" />
                </properties>
                <output><![CDATA[[AnimationMergeTool] トラック "UnboundTrack" にAnimatorがバインドされていません。
[AnimationMergeTool] バインドされたAnimatorが見つかりません。
]]></output>
              </test-case>
              <test-case id="1042" name="MergeFromPlayableDirector_同一Animatorに複数トラックがバインドされている場合1つのAnimationClipに統合される" fullname="AnimationMergeTool.Editor.Tests.AnimationMergeServiceTests.MergeFromPlayableDirector_同一Animatorに複数トラックがバインドされている場合1つのAnimationClipに統合される" methodname="MergeFromPlayableDirector_同一Animatorに複数トラックがバインドされている場合1つのAnimationClipに統合される" classname="AnimationMergeTool.Editor.Tests.AnimationMergeServiceTests" runstate="Runnable" seed="1535409179" result="Passed" start-time="2026-01-26 18:15:48Z" end-time="2026-01-26 18:15:48Z" duration="0.017631" asserts="0">
                <properties>
                  <property name="retryIteration" value="0" />
                  <property name="repeatIteration" value="0" />
                </properties>
                <output><![CDATA[AnimationClipを保存しました: Assets/Unknown_TestAnimator_Merged.anim
]]></output>
              </test-case>
              <test-case id="1041" name="MergeFromPlayableDirector_複数Animatorがある場合それぞれ別のAnimationClipを出力する" fullname="AnimationMergeTool.Editor.Tests.AnimationMergeServiceTests.MergeFromPlayableDirector_複数Animatorがある場合それぞれ別のAnimationClipを出力する" methodname="MergeFromPlayableDirector_複数Animatorがある場合それぞれ別のAnimationClipを出力する" classname="AnimationMergeTool.Editor.Tests.AnimationMergeServiceTests" runstate="Runnable" seed="1192617931" result="Passed" start-time="2026-01-26 18:15:48Z" end-time="2026-01-26 18:15:48Z" duration="0.041227" asserts="0">
                <properties>
                  <property name="retryIteration" value="0" />
                  <property name="repeatIteration" value="0" />
                </properties>
                <output><![CDATA[AnimationClipを保存しました: Assets/Unknown_AnimatorA_Merged.anim
AnimationClipを保存しました: Assets/Unknown_AnimatorB_Merged.anim
]]></output>
              </test-case>
              <test-case id="1031" name="MergeFromPlayableDirector_有効な設定でAnimationClipを生成できる" fullname="AnimationMergeTool.Editor.Tests.AnimationMergeServiceTests.MergeFromPlayableDirector_有効な設定でAnimationClipを生成できる" methodname="MergeFromPlayableDirector_有効な設定でAnimationClipを生成できる" classname="AnimationMergeTool.Editor.Tests.AnimationMergeServiceTests" runstate="Runnable" seed="482251198" result="Passed" start-time="2026-01-26 18:15:48Z" end-time="2026-01-26 18:15:48Z" duration="0.012978" asserts="0">
                <properties>
                  <property name="retryIteration" value="0" />
                  <property name="repeatIteration" value="0" />
                </properties>
                <output><![CDATA[AnimationClipを保存しました: Assets/Unknown_TestAnimator_Merged.anim
]]></output>
              </test-case>
              <test-case id="1053" name="MergeFromTimelineAsset_AnimationPlayableAssetのclipがnullのクリップは無視される" fullname="AnimationMergeTool.Editor.Tests.AnimationMergeServiceTests.MergeFromTimelineAsset_AnimationPlayableAssetのclipがnullのクリップは無視される" methodname="MergeFromTimelineAsset_AnimationPlayableAssetのclipがnullのクリップは無視される" classname="AnimationMergeTool.Editor.Tests.AnimationMergeServiceTests" runstate="Runnable" seed="1444002797" result="Passed" start-time="2026-01-26 18:15:48Z" end-time="2026-01-26 18:15:48Z" duration="0.001441" asserts="0">
                <properties>
                  <property name="retryIteration" value="0" />
                  <property name="repeatIteration" value="0" />
                </properties>
              </test-case>
              <test-case id="1045" name="MergeFromTimelineAsset_AnimationTrackがない場合エラーログを出力して処理終了する" fullname="AnimationMergeTool.Editor.Tests.AnimationMergeServiceTests.MergeFromTimelineAsset_AnimationTrackがない場合エラーログを出力して処理終了する" methodname="MergeFromTimelineAsset_AnimationTrackがない場合エラーログを出力して処理終了する" classname="AnimationMergeTool.Editor.Tests.AnimationMergeServiceTests" runstate="Runnable" seed="1473823012" result="Passed" start-time="2026-01-26 18:15:48Z" end-time="2026-01-26 18:15:48Z" duration="0.000764" asserts="0">
                <properties>
                  <property name="retryIteration" value="0" />
                  <property name="repeatIteration" value="0" />
                </properties>
                <output><![CDATA[[AnimationMergeTool] 有効なAnimationTrackが見つかりません。
]]></output>
              </test-case>
              <test-case id="1034" name="MergeFromTimelineAsset_AnimationTrackがない場合空のリストを返す" fullname="AnimationMergeTool.Editor.Tests.AnimationMergeServiceTests.MergeFromTimelineAsset_AnimationTrackがない場合空のリストを返す" methodname="MergeFromTimelineAsset_AnimationTrackがない場合空のリストを返す" classname="AnimationMergeTool.Editor.Tests.AnimationMergeServiceTests" runstate="Runnable" seed="711423122" result="Passed" start-time="2026-01-26 18:15:48Z" end-time="2026-01-26 18:15:48Z" duration="0.000611" asserts="0">
                <properties>
                  <property name="retryIteration" value="0" />
                  <property name="repeatIteration" value="0" />
                </properties>
                <output><![CDATA[[AnimationMergeTool] 有効なAnimationTrackが見つかりません。
]]></output>
              </test-case>
              <test-case id="1048" name="MergeFromTimelineAsset_AnimationTrack以外のトラックのみのTimelineAssetの場合空のリストを返す" fullname="AnimationMergeTool.Editor.Tests.AnimationMergeServiceTests.MergeFromTimelineAsset_AnimationTrack以外のトラックのみのTimelineAssetの場合空のリストを返す" methodname="MergeFromTimelineAsset_AnimationTrack以外のトラックのみのTimelineAssetの場合空のリストを返す" classname="AnimationMergeTool.Editor.Tests.AnimationMergeServiceTests" runstate="Runnable" seed="704273605" result="Passed" start-time="2026-01-26 18:15:48Z" end-time="2026-01-26 18:15:48Z" duration="0.001111" asserts="0">
                <properties>
                  <property name="retryIteration" value="0" />
                  <property name="repeatIteration" value="0" />
                </properties>
                <output><![CDATA[[AnimationMergeTool] 有効なAnimationTrackが見つかりません。
]]></output>
              </test-case>
              <test-case id="1033" name="MergeFromTimelineAsset_TimelineAssetがnullの場合空のリストを返す" fullname="AnimationMergeTool.Editor.Tests.AnimationMergeServiceTests.MergeFromTimelineAsset_TimelineAssetがnullの場合空のリストを返す" methodname="MergeFromTimelineAsset_TimelineAssetがnullの場合空のリストを返す" classname="AnimationMergeTool.Editor.Tests.AnimationMergeServiceTests" runstate="Runnable" seed="1099046098" result="Passed" start-time="2026-01-26 18:15:48Z" end-time="2026-01-26 18:15:48Z" duration="0.000531" asserts="0">
                <properties>
                  <property name="retryIteration" value="0" />
                  <property name="repeatIteration" value="0" />
                </properties>
                <output><![CDATA[[AnimationMergeTool] TimelineAssetがnullです。
]]></output>
              </test-case>
              <test-case id="1052" name="MergeFromTimelineAsset_クリップがないトラックが複数ある場合それぞれログが出力される" fullname="AnimationMergeTool.Editor.Tests.AnimationMergeServiceTests.MergeFromTimelineAsset_クリップがないトラックが複数ある場合それぞれログが出力される" methodname="MergeFromTimelineAsset_クリップがないトラックが複数ある場合それぞれログが出力される" classname="AnimationMergeTool.Editor.Tests.AnimationMergeServiceTests" runstate="Runnable" seed="1508862752" result="Passed" start-time="2026-01-26 18:15:48Z" end-time="2026-01-26 18:15:48Z" duration="0.001019" asserts="0">
                <properties>
                  <property name="retryIteration" value="0" />
                  <property name="repeatIteration" value="0" />
                </properties>
              </test-case>
              <test-case id="1051" name="MergeFromTimelineAsset_一部のトラックにクリップがない場合クリップありトラックのみ処理される" fullname="AnimationMergeTool.Editor.Tests.AnimationMergeServiceTests.MergeFromTimelineAsset_一部のトラックにクリップがない場合クリップありトラックのみ処理される" methodname="MergeFromTimelineAsset_一部のトラックにクリップがない場合クリップありトラックのみ処理される" classname="AnimationMergeTool.Editor.Tests.AnimationMergeServiceTests" runstate="Runnable" seed="490102812" result="Passed" start-time="2026-01-26 18:15:48Z" end-time="2026-01-26 18:15:48Z" duration="0.020171" asserts="0">
                <properties>
                  <property name="retryIteration" value="0" />
                  <property name="repeatIteration" value="0" />
                </properties>
                <output><![CDATA[AnimationClipを保存しました: Assets/MixedTracksTimeline_NoAnimator_Merged.anim
]]></output>
              </test-case>
              <test-case id="1046" name="MergeFromTimelineAsset_完全に空のTimelineAssetの場合エラーログを出力して空のリストを返す" fullname="AnimationMergeTool.Editor.Tests.AnimationMergeServiceTests.MergeFromTimelineAsset_完全に空のTimelineAssetの場合エラーログを出力して空のリストを返す" methodname="MergeFromTimelineAsset_完全に空のTimelineAssetの場合エラーログを出力して空のリストを返す" classname="AnimationMergeTool.Editor.Tests.AnimationMergeServiceTests" runstate="Runnable" seed="1348555595" result="Passed" start-time="2026-01-26 18:15:48Z" end-time="2026-01-26 18:15:48Z" duration="0.000904" asserts="0">
                <properties>
                  <property name="retryIteration" value="0" />
                  <property name="repeatIteration" value="0" />
                </properties>
                <output><![CDATA[[AnimationMergeTool] 有効なAnimationTrackが見つかりません。
]]></output>
              </test-case>
              <test-case id="1036" name="MergeFromTimelineAsset_全てのトラックがMuteの場合空のリストを返す" fullname="AnimationMergeTool.Editor.Tests.AnimationMergeServiceTests.MergeFromTimelineAsset_全てのトラックがMuteの場合空のリストを返す" methodname="MergeFromTimelineAsset_全てのトラックがMuteの場合空のリストを返す" classname="AnimationMergeTool.Editor.Tests.AnimationMergeServiceTests" runstate="Runnable" seed="2036972882" result="Passed" start-time="2026-01-26 18:15:48Z" end-time="2026-01-26 18:15:48Z" duration="0.001086" asserts="0">
                <properties>
                  <property name="retryIteration" value="0" />
                  <property name="repeatIteration" value="0" />
                </properties>
                <output><![CDATA[[AnimationMergeTool] 有効なAnimationTrackが見つかりません。
]]></output>
              </test-case>
              <test-case id="1049" name="MergeFromTimelineAsset_全てのトラックにクリップがない場合エラーログを出力して処理結果を返す" fullname="AnimationMergeTool.Editor.Tests.AnimationMergeServiceTests.MergeFromTimelineAsset_全てのトラックにクリップがない場合エラーログを出力して処理結果を返す" methodname="MergeFromTimelineAsset_全てのトラックにクリップがない場合エラーログを出力して処理結果を返す" classname="AnimationMergeTool.Editor.Tests.AnimationMergeServiceTests" runstate="Runnable" seed="2128298198" result="Passed" start-time="2026-01-26 18:15:48Z" end-time="2026-01-26 18:15:48Z" duration="0.000967" asserts="0">
                <properties>
                  <property name="retryIteration" value="0" />
                  <property name="repeatIteration" value="0" />
                </properties>
              </test-case>
              <test-case id="1035" name="MergeFromTimelineAsset_有効なTimelineAssetからAnimationClipを生成できる" fullname="AnimationMergeTool.Editor.Tests.AnimationMergeServiceTests.MergeFromTimelineAsset_有効なTimelineAssetからAnimationClipを生成できる" methodname="MergeFromTimelineAsset_有効なTimelineAssetからAnimationClipを生成できる" classname="AnimationMergeTool.Editor.Tests.AnimationMergeServiceTests" runstate="Runnable" seed="1189170917" result="Passed" start-time="2026-01-26 18:15:48Z" end-time="2026-01-26 18:15:48Z" duration="0.019139" asserts="0">
                <properties>
                  <property name="retryIteration" value="0" />
                  <property name="repeatIteration" value="0" />
                </properties>
                <output><![CDATA[AnimationClipを保存しました: Assets/Unknown_NoAnimator_Merged.anim
]]></output>
              </test-case>
              <test-case id="1044" name="MergeFromTimelineAsset_有効なトラック0件の場合エラーログを出力して処理終了する" fullname="AnimationMergeTool.Editor.Tests.AnimationMergeServiceTests.MergeFromTimelineAsset_有効なトラック0件の場合エラーログを出力して処理終了する" methodname="MergeFromTimelineAsset_有効なトラック0件の場合エラーログを出力して処理終了する" classname="AnimationMergeTool.Editor.Tests.AnimationMergeServiceTests" runstate="Runnable" seed="1750198157" result="Passed" start-time="2026-01-26 18:15:48Z" end-time="2026-01-26 18:15:48Z" duration="0.001471" asserts="0">
                <properties>
                  <property name="retryIteration" value="0" />
                  <property name="repeatIteration" value="0" />
                </properties>
                <output><![CDATA[[AnimationMergeTool] 有効なAnimationTrackが見つかりません。
]]></output>
              </test-case>
              <test-case id="1040" name="コンストラクタ_依存性注入でFileNameGeneratorとExporterを設定できる" fullname="AnimationMergeTool.Editor.Tests.AnimationMergeServiceTests.コンストラクタ_依存性注入でFileNameGeneratorとExporterを設定できる" methodname="コンストラクタ_依存性注入でFileNameGeneratorとExporterを設定できる" classname="AnimationMergeTool.Editor.Tests.AnimationMergeServiceTests" runstate="Runnable" seed="1417997450" result="Passed" start-time="2026-01-26 18:15:48Z" end-time="2026-01-26 18:15:48Z" duration="0.000204" asserts="0">
                <properties>
                  <property name="retryIteration" value="0" />
                  <property name="repeatIteration" value="0" />
                </properties>
              </test-case>
              <test-case id="1038" name="処理オーケストレーション_クリップがないトラックはスキップされる" fullname="AnimationMergeTool.Editor.Tests.AnimationMergeServiceTests.処理オーケストレーション_クリップがないトラックはスキップされる" methodname="処理オーケストレーション_クリップがないトラックはスキップされる" classname="AnimationMergeTool.Editor.Tests.AnimationMergeServiceTests" runstate="Runnable" seed="362426544" result="Passed" start-time="2026-01-26 18:15:48Z" end-time="2026-01-26 18:15:48Z" duration="0.013248" asserts="0">
                <properties>
                  <property name="retryIteration" value="0" />
                  <property name="repeatIteration" value="0" />
                </properties>
                <output><![CDATA[AnimationClipを保存しました: Assets/Unknown_NoAnimator_Merged.anim
]]></output>
              </test-case>
              <test-case id="1039" name="処理オーケストレーション_フレームレートが正しく設定される" fullname="AnimationMergeTool.Editor.Tests.AnimationMergeServiceTests.処理オーケストレーション_フレームレートが正しく設定される" methodname="処理オーケストレーション_フレームレートが正しく設定される" classname="AnimationMergeTool.Editor.Tests.AnimationMergeServiceTests" runstate="Runnable" seed="1468853292" result="Passed" start-time="2026-01-26 18:15:48Z" end-time="2026-01-26 18:15:48Z" duration="0.013779" asserts="0">
                <properties>
                  <property name="retryIteration" value="0" />
                  <property name="repeatIteration" value="0" />
                </properties>
                <output><![CDATA[AnimationClipを保存しました: Assets/Unknown_NoAnimator_Merged.anim
]]></output>
              </test-case>
              <test-case id="1037" name="処理オーケストレーション_複数トラックの優先順位に基づいてOverride処理が適用される" fullname="AnimationMergeTool.Editor.Tests.AnimationMergeServiceTests.処理オーケストレーション_複数トラックの優先順位に基づいてOverride処理が適用される" methodname="処理オーケストレーション_複数トラックの優先順位に基づいてOverride処理が適用される" classname="AnimationMergeTool.Editor.Tests.AnimationMergeServiceTests" runstate="Runnable" seed="1318864649" result="Passed" start-time="2026-01-26 18:15:48Z" end-time="2026-01-26 18:15:48Z" duration="0.014428" asserts="0">
                <properties>
                  <property name="retryIteration" value="0" />
                  <property name="repeatIteration" value="0" />
                </properties>
                <output><![CDATA[AnimationClipを保存しました: Assets/Unknown_NoAnimator_Merged.anim
]]></output>
              </test-case>
            </test-suite>
            <test-suite type="TestFixture" id="1054" name="BlendProcessorTests" fullname="AnimationMergeTool.Editor.Tests.BlendProcessorTests" classname="AnimationMergeTool.Editor.Tests.BlendProcessorTests" runstate="Runnable" testcasecount="67" result="Passed" start-time="2026-01-26 18:15:48Z" end-time="2026-01-26 18:15:48Z" duration="0.071625" total="67" passed="67" failed="0" inconclusive="0" skipped="0" asserts="0">
              <properties />
              <test-case id="1121" name="BlendConsecutiveClipQuaternionValues_ブレンド区間前では前クリップの値を返す" fullname="AnimationMergeTool.Editor.Tests.BlendProcessorTests.BlendConsecutiveClipQuaternionValues_ブレンド区間前では前クリップの値を返す" methodname="BlendConsecutiveClipQuaternionValues_ブレンド区間前では前クリップの値を返す" classname="AnimationMergeTool.Editor.Tests.BlendProcessorTests" runstate="Runnable" seed="1914570306" result="Passed" start-time="2026-01-26 18:15:48Z" end-time="2026-01-26 18:15:48Z" duration="0.003645" asserts="0">
                <properties>
                  <property name="retryIteration" value="0" />
                  <property name="repeatIteration" value="0" />
                </properties>
              </test-case>
              <test-case id="1120" name="BlendConsecutiveClipQuaternionValues_ブレンド区間内で正しく補間する" fullname="AnimationMergeTool.Editor.Tests.BlendProcessorTests.BlendConsecutiveClipQuaternionValues_ブレンド区間内で正しく補間する" methodname="BlendConsecutiveClipQuaternionValues_ブレンド区間内で正しく補間する" classname="AnimationMergeTool.Editor.Tests.BlendProcessorTests" runstate="Runnable" seed="1472622788" result="Passed" start-time="2026-01-26 18:15:48Z" end-time="2026-01-26 18:15:48Z" duration="0.003509" asserts="0">
                <properties>
                  <property name="retryIteration" value="0" />
                  <property name="repeatIteration" value="0" />
                </properties>
              </test-case>
              <test-case id="1118" name="BlendConsecutiveClipValues_ブレンド区間後では次クリップの値を返す" fullname="AnimationMergeTool.Editor.Tests.BlendProcessorTests.BlendConsecutiveClipValues_ブレンド区間後では次クリップの値を返す" methodname="BlendConsecutiveClipValues_ブレンド区間後では次クリップの値を返す" classname="AnimationMergeTool.Editor.Tests.BlendProcessorTests" runstate="Runnable" seed="345985910" result="Passed" start-time="2026-01-26 18:15:48Z" end-time="2026-01-26 18:15:48Z" duration="0.001448" asserts="0">
                <properties>
                  <property name="retryIteration" value="0" />
                  <property name="repeatIteration" value="0" />
                </properties>
              </test-case>
              <test-case id="1117" name="BlendConsecutiveClipValues_ブレンド区間前では前クリップの値を返す" fullname="AnimationMergeTool.Editor.Tests.BlendProcessorTests.BlendConsecutiveClipValues_ブレンド区間前では前クリップの値を返す" methodname="BlendConsecutiveClipValues_ブレンド区間前では前クリップの値を返す" classname="AnimationMergeTool.Editor.Tests.BlendProcessorTests" runstate="Runnable" seed="717837450" result="Passed" start-time="2026-01-26 18:15:48Z" end-time="2026-01-26 18:15:48Z" duration="0.001133" asserts="0">
                <properties>
                  <property name="retryIteration" value="0" />
                  <property name="repeatIteration" value="0" />
                </properties>
              </test-case>
              <test-case id="1116" name="BlendConsecutiveClipValues_ブレンド区間内で正しく補間する" fullname="AnimationMergeTool.Editor.Tests.BlendProcessorTests.BlendConsecutiveClipValues_ブレンド区間内で正しく補間する" methodname="BlendConsecutiveClipValues_ブレンド区間内で正しく補間する" classname="AnimationMergeTool.Editor.Tests.BlendProcessorTests" runstate="Runnable" seed="870953281" result="Passed" start-time="2026-01-26 18:15:48Z" end-time="2026-01-26 18:15:48Z" duration="0.001160" asserts="0">
                <properties>
                  <property name="retryIteration" value="0" />
                  <property name="repeatIteration" value="0" />
                </properties>
              </test-case>
              <test-case id="1119" name="BlendConsecutiveClipVector3Values_ブレンド区間内で正しく補間する" fullname="AnimationMergeTool.Editor.Tests.BlendProcessorTests.BlendConsecutiveClipVector3Values_ブレンド区間内で正しく補間する" methodname="BlendConsecutiveClipVector3Values_ブレンド区間内で正しく補間する" classname="AnimationMergeTool.Editor.Tests.BlendProcessorTests" runstate="Runnable" seed="577413470" result="Passed" start-time="2026-01-26 18:15:48Z" end-time="2026-01-26 18:15:48Z" duration="0.001493" asserts="0">
                <properties>
                  <property name="retryIteration" value="0" />
                  <property name="repeatIteration" value="0" />
                </properties>
              </test-case>
              <test-case id="1090" name="BlendCurveValues_1より大きいウェイトは1にクランプされる" fullname="AnimationMergeTool.Editor.Tests.BlendProcessorTests.BlendCurveValues_1より大きいウェイトは1にクランプされる" methodname="BlendCurveValues_1より大きいウェイトは1にクランプされる" classname="AnimationMergeTool.Editor.Tests.BlendProcessorTests" runstate="Runnable" seed="340054258" result="Passed" start-time="2026-01-26 18:15:48Z" end-time="2026-01-26 18:15:48Z" duration="0.000702" asserts="0">
                <properties>
                  <property name="retryIteration" value="0" />
                  <property name="repeatIteration" value="0" />
                </properties>
              </test-case>
              <test-case id="1088" name="BlendCurveValues_ウェイト025の場合正しい補間値を返す" fullname="AnimationMergeTool.Editor.Tests.BlendProcessorTests.BlendCurveValues_ウェイト025の場合正しい補間値を返す" methodname="BlendCurveValues_ウェイト025の場合正しい補間値を返す" classname="AnimationMergeTool.Editor.Tests.BlendProcessorTests" runstate="Runnable" seed="1092995098" result="Passed" start-time="2026-01-26 18:15:48Z" end-time="2026-01-26 18:15:48Z" duration="0.000694" asserts="0">
                <properties>
                  <property name="retryIteration" value="0" />
                  <property name="repeatIteration" value="0" />
                </properties>
              </test-case>
              <test-case id="1087" name="BlendCurveValues_ウェイト05の場合中間値を返す" fullname="AnimationMergeTool.Editor.Tests.BlendProcessorTests.BlendCurveValues_ウェイト05の場合中間値を返す" methodname="BlendCurveValues_ウェイト05の場合中間値を返す" classname="AnimationMergeTool.Editor.Tests.BlendProcessorTests" runstate="Runnable" seed="1347069793" result="Passed" start-time="2026-01-26 18:15:48Z" end-time="2026-01-26 18:15:48Z" duration="0.000658" asserts="0">
                <properties>
                  <property name="retryIteration" value="0" />
                  <property name="repeatIteration" value="0" />
                </properties>
              </test-case>
              <test-case id="1085" name="BlendCurveValues_ウェイト0の場合value1を返す" fullname="AnimationMergeTool.Editor.Tests.BlendProcessorTests.BlendCurveValues_ウェイト0の場合value1を返す" methodname="BlendCurveValues_ウェイト0の場合value1を返す" classname="AnimationMergeTool.Editor.Tests.BlendProcessorTests" runstate="Runnable" seed="1447123917" result="Passed" start-time="2026-01-26 18:15:48Z" end-time="2026-01-26 18:15:48Z" duration="0.000568" asserts="0">
                <properties>
                  <property name="retryIteration" value="0" />
                  <property name="repeatIteration" value="0" />
                </properties>
              </test-case>
              <test-case id="1086" name="BlendCurveValues_ウェイト1の場合value2を返す" fullname="AnimationMergeTool.Editor.Tests.BlendProcessorTests.BlendCurveValues_ウェイト1の場合value2を返す" methodname="BlendCurveValues_ウェイト1の場合value2を返す" classname="AnimationMergeTool.Editor.Tests.BlendProcessorTests" runstate="Runnable" seed="1679071138" result="Passed" start-time="2026-01-26 18:15:48Z" end-time="2026-01-26 18:15:48Z" duration="0.000554" asserts="0">
                <properties>
                  <property name="retryIteration" value="0" />
                  <property name="repeatIteration" value="0" />
                </properties>
              </test-case>
              <test-case id="1089" name="BlendCurveValues_負のウェイトは0にクランプされる" fullname="AnimationMergeTool.Editor.Tests.BlendProcessorTests.BlendCurveValues_負のウェイトは0にクランプされる" methodname="BlendCurveValues_負のウェイトは0にクランプされる" classname="AnimationMergeTool.Editor.Tests.BlendProcessorTests" runstate="Runnable" seed="1218951983" result="Passed" start-time="2026-01-26 18:15:48Z" end-time="2026-01-26 18:15:48Z" duration="0.000563" asserts="0">
                <properties>
                  <property name="retryIteration" value="0" />
                  <property name="repeatIteration" value="0" />
                </properties>
              </test-case>
              <test-case id="1091" name="BlendCurveValues_負の値でも正しく補間する" fullname="AnimationMergeTool.Editor.Tests.BlendProcessorTests.BlendCurveValues_負の値でも正しく補間する" methodname="BlendCurveValues_負の値でも正しく補間する" classname="AnimationMergeTool.Editor.Tests.BlendProcessorTests" runstate="Runnable" seed="408891924" result="Passed" start-time="2026-01-26 18:15:48Z" end-time="2026-01-26 18:15:48Z" duration="0.000553" asserts="0">
                <properties>
                  <property name="retryIteration" value="0" />
                  <property name="repeatIteration" value="0" />
                </properties>
              </test-case>
              <test-case id="1095" name="BlendCurveValuesAtTime_2つのカーブを正しく補間する" fullname="AnimationMergeTool.Editor.Tests.BlendProcessorTests.BlendCurveValuesAtTime_2つのカーブを正しく補間する" methodname="BlendCurveValuesAtTime_2つのカーブを正しく補間する" classname="AnimationMergeTool.Editor.Tests.BlendProcessorTests" runstate="Runnable" seed="221913078" result="Passed" start-time="2026-01-26 18:15:48Z" end-time="2026-01-26 18:15:48Z" duration="0.000648" asserts="0">
                <properties>
                  <property name="retryIteration" value="0" />
                  <property name="repeatIteration" value="0" />
                </properties>
              </test-case>
              <test-case id="1093" name="BlendCurveValuesAtTime_curve1がnullの場合curve2の値を返す" fullname="AnimationMergeTool.Editor.Tests.BlendProcessorTests.BlendCurveValuesAtTime_curve1がnullの場合curve2の値を返す" methodname="BlendCurveValuesAtTime_curve1がnullの場合curve2の値を返す" classname="AnimationMergeTool.Editor.Tests.BlendProcessorTests" runstate="Runnable" seed="1026198334" result="Passed" start-time="2026-01-26 18:15:48Z" end-time="2026-01-26 18:15:48Z" duration="0.000580" asserts="0">
                <properties>
                  <property name="retryIteration" value="0" />
                  <property name="repeatIteration" value="0" />
                </properties>
              </test-case>
              <test-case id="1094" name="BlendCurveValuesAtTime_curve2がnullの場合curve1の値を返す" fullname="AnimationMergeTool.Editor.Tests.BlendProcessorTests.BlendCurveValuesAtTime_curve2がnullの場合curve1の値を返す" methodname="BlendCurveValuesAtTime_curve2がnullの場合curve1の値を返す" classname="AnimationMergeTool.Editor.Tests.BlendProcessorTests" runstate="Runnable" seed="1697694241" result="Passed" start-time="2026-01-26 18:15:48Z" end-time="2026-01-26 18:15:48Z" duration="0.000558" asserts="0">
                <properties>
                  <property name="retryIteration" value="0" />
                  <property name="repeatIteration" value="0" />
                </properties>
              </test-case>
              <test-case id="1097" name="BlendCurveValuesAtTime_ウェイト0でcurve1の値を返す" fullname="AnimationMergeTool.Editor.Tests.BlendProcessorTests.BlendCurveValuesAtTime_ウェイト0でcurve1の値を返す" methodname="BlendCurveValuesAtTime_ウェイト0でcurve1の値を返す" classname="AnimationMergeTool.Editor.Tests.BlendProcessorTests" runstate="Runnable" seed="212426518" result="Passed" start-time="2026-01-26 18:15:48Z" end-time="2026-01-26 18:15:48Z" duration="0.000558" asserts="0">
                <properties>
                  <property name="retryIteration" value="0" />
                  <property name="repeatIteration" value="0" />
                </properties>
              </test-case>
              <test-case id="1098" name="BlendCurveValuesAtTime_ウェイト1でcurve2の値を返す" fullname="AnimationMergeTool.Editor.Tests.BlendProcessorTests.BlendCurveValuesAtTime_ウェイト1でcurve2の値を返す" methodname="BlendCurveValuesAtTime_ウェイト1でcurve2の値を返す" classname="AnimationMergeTool.Editor.Tests.BlendProcessorTests" runstate="Runnable" seed="347874696" result="Passed" start-time="2026-01-26 18:15:48Z" end-time="2026-01-26 18:15:48Z" duration="0.000574" asserts="0">
                <properties>
                  <property name="retryIteration" value="0" />
                  <property name="repeatIteration" value="0" />
                </properties>
              </test-case>
              <test-case id="1096" name="BlendCurveValuesAtTime_異なる時間での評価が正しい" fullname="AnimationMergeTool.Editor.Tests.BlendProcessorTests.BlendCurveValuesAtTime_異なる時間での評価が正しい" methodname="BlendCurveValuesAtTime_異なる時間での評価が正しい" classname="AnimationMergeTool.Editor.Tests.BlendProcessorTests" runstate="Runnable" seed="1670704598" result="Passed" start-time="2026-01-26 18:15:48Z" end-time="2026-01-26 18:15:48Z" duration="0.000560" asserts="0">
                <properties>
                  <property name="retryIteration" value="0" />
                  <property name="repeatIteration" value="0" />
                </properties>
              </test-case>
              <test-case id="1092" name="BlendCurveValuesAtTime_両方nullの場合0を返す" fullname="AnimationMergeTool.Editor.Tests.BlendProcessorTests.BlendCurveValuesAtTime_両方nullの場合0を返す" methodname="BlendCurveValuesAtTime_両方nullの場合0を返す" classname="AnimationMergeTool.Editor.Tests.BlendProcessorTests" runstate="Runnable" seed="1763846895" result="Passed" start-time="2026-01-26 18:15:48Z" end-time="2026-01-26 18:15:48Z" duration="0.000557" asserts="0">
                <properties>
                  <property name="retryIteration" value="0" />
                  <property name="repeatIteration" value="0" />
                </properties>
              </test-case>
              <test-case id="1070" name="BlendInfo_HasEaseIn_EaseInDurationが0の場合falseを返す" fullname="AnimationMergeTool.Editor.Tests.BlendProcessorTests.BlendInfo_HasEaseIn_EaseInDurationが0の場合falseを返す" methodname="BlendInfo_HasEaseIn_EaseInDurationが0の場合falseを返す" classname="AnimationMergeTool.Editor.Tests.BlendProcessorTests" runstate="Runnable" seed="1469596089" result="Passed" start-time="2026-01-26 18:15:48Z" end-time="2026-01-26 18:15:48Z" duration="0.000811" asserts="0">
                <properties>
                  <property name="retryIteration" value="0" />
                  <property name="repeatIteration" value="0" />
                </properties>
              </test-case>
              <test-case id="1069" name="BlendInfo_HasEaseIn_EaseInDurationが正でカーブがある場合trueを返す" fullname="AnimationMergeTool.Editor.Tests.BlendProcessorTests.BlendInfo_HasEaseIn_EaseInDurationが正でカーブがある場合trueを返す" methodname="BlendInfo_HasEaseIn_EaseInDurationが正でカーブがある場合trueを返す" classname="AnimationMergeTool.Editor.Tests.BlendProcessorTests" runstate="Runnable" seed="1497243236" result="Passed" start-time="2026-01-26 18:15:48Z" end-time="2026-01-26 18:15:48Z" duration="0.000670" asserts="0">
                <properties>
                  <property name="retryIteration" value="0" />
                  <property name="repeatIteration" value="0" />
                </properties>
              </test-case>
              <test-case id="1072" name="BlendInfo_HasEaseOut_EaseOutDurationが0の場合falseを返す" fullname="AnimationMergeTool.Editor.Tests.BlendProcessorTests.BlendInfo_HasEaseOut_EaseOutDurationが0の場合falseを返す" methodname="BlendInfo_HasEaseOut_EaseOutDurationが0の場合falseを返す" classname="AnimationMergeTool.Editor.Tests.BlendProcessorTests" runstate="Runnable" seed="1405273042" result="Passed" start-time="2026-01-26 18:15:48Z" end-time="2026-01-26 18:15:48Z" duration="0.000611" asserts="0">
                <properties>
                  <property name="retryIteration" value="0" />
                  <property name="repeatIteration" value="0" />
                </properties>
              </test-case>
              <test-case id="1071" name="BlendInfo_HasEaseOut_EaseOutDurationが正でカーブがある場合trueを返す" fullname="AnimationMergeTool.Editor.Tests.BlendProcessorTests.BlendInfo_HasEaseOut_EaseOutDurationが正でカーブがある場合trueを返す" methodname="BlendInfo_HasEaseOut_EaseOutDurationが正でカーブがある場合trueを返す" classname="AnimationMergeTool.Editor.Tests.BlendProcessorTests" runstate="Runnable" seed="828857416" result="Passed" start-time="2026-01-26 18:15:48Z" end-time="2026-01-26 18:15:48Z" duration="0.000699" asserts="0">
                <properties>
                  <property name="retryIteration" value="0" />
                  <property name="repeatIteration" value="0" />
                </properties>
              </test-case>
              <test-case id="1067" name="BlendInfo_IsValid_カーブがある場合trueを返す" fullname="AnimationMergeTool.Editor.Tests.BlendProcessorTests.BlendInfo_IsValid_カーブがある場合trueを返す" methodname="BlendInfo_IsValid_カーブがある場合trueを返す" classname="AnimationMergeTool.Editor.Tests.BlendProcessorTests" runstate="Runnable" seed="542953350" result="Passed" start-time="2026-01-26 18:15:48Z" end-time="2026-01-26 18:15:48Z" duration="0.000640" asserts="0">
                <properties>
                  <property name="retryIteration" value="0" />
                  <property name="repeatIteration" value="0" />
                </properties>
              </test-case>
              <test-case id="1068" name="BlendInfo_IsValid_カーブがない場合falseを返す" fullname="AnimationMergeTool.Editor.Tests.BlendProcessorTests.BlendInfo_IsValid_カーブがない場合falseを返す" methodname="BlendInfo_IsValid_カーブがない場合falseを返す" classname="AnimationMergeTool.Editor.Tests.BlendProcessorTests" runstate="Runnable" seed="1972795308" result="Passed" start-time="2026-01-26 18:15:48Z" end-time="2026-01-26 18:15:48Z" duration="0.000597" asserts="0">
                <properties>
                  <property name="retryIteration" value="0" />
                  <property name="repeatIteration" value="0" />
                </properties>
              </test-case>
              <test-case id="1104" name="BlendQuaternionValues_ウェイト05の場合中間の回転を返す" fullname="AnimationMergeTool.Editor.Tests.BlendProcessorTests.BlendQuaternionValues_ウェイト05の場合中間の回転を返す" methodname="BlendQuaternionValues_ウェイト05の場合中間の回転を返す" classname="AnimationMergeTool.Editor.Tests.BlendProcessorTests" runstate="Runnable" seed="863906155" result="Passed" start-time="2026-01-26 18:15:48Z" end-time="2026-01-26 18:15:48Z" duration="0.000699" asserts="0">
                <properties>
                  <property name="retryIteration" value="0" />
                  <property name="repeatIteration" value="0" />
                </properties>
              </test-case>
              <test-case id="1102" name="BlendQuaternionValues_ウェイト0の場合value1を返す" fullname="AnimationMergeTool.Editor.Tests.BlendProcessorTests.BlendQuaternionValues_ウェイト0の場合value1を返す" methodname="BlendQuaternionValues_ウェイト0の場合value1を返す" classname="AnimationMergeTool.Editor.Tests.BlendProcessorTests" runstate="Runnable" seed="669614777" result="Passed" start-time="2026-01-26 18:15:48Z" end-time="2026-01-26 18:15:48Z" duration="0.000632" asserts="0">
                <properties>
                  <property name="retryIteration" value="0" />
                  <property name="repeatIteration" value="0" />
                </properties>
              </test-case>
              <test-case id="1103" name="BlendQuaternionValues_ウェイト1の場合value2を返す" fullname="AnimationMergeTool.Editor.Tests.BlendProcessorTests.BlendQuaternionValues_ウェイト1の場合value2を返す" methodname="BlendQuaternionValues_ウェイト1の場合value2を返す" classname="AnimationMergeTool.Editor.Tests.BlendProcessorTests" runstate="Runnable" seed="1648146590" result="Passed" start-time="2026-01-26 18:15:48Z" end-time="2026-01-26 18:15:48Z" duration="0.000673" asserts="0">
                <properties>
                  <property name="retryIteration" value="0" />
                  <property name="repeatIteration" value="0" />
                </properties>
              </test-case>
              <test-case id="1101" name="BlendVector3Values_ウェイト05の場合中間値を返す" fullname="AnimationMergeTool.Editor.Tests.BlendProcessorTests.BlendVector3Values_ウェイト05の場合中間値を返す" methodname="BlendVector3Values_ウェイト05の場合中間値を返す" classname="AnimationMergeTool.Editor.Tests.BlendProcessorTests" runstate="Runnable" seed="1393785116" result="Passed" start-time="2026-01-26 18:15:48Z" end-time="2026-01-26 18:15:48Z" duration="0.001566" asserts="0">
                <properties>
                  <property name="retryIteration" value="0" />
                  <property name="repeatIteration" value="0" />
                </properties>
              </test-case>
              <test-case id="1099" name="BlendVector3Values_ウェイト0の場合value1を返す" fullname="AnimationMergeTool.Editor.Tests.BlendProcessorTests.BlendVector3Values_ウェイト0の場合value1を返す" methodname="BlendVector3Values_ウェイト0の場合value1を返す" classname="AnimationMergeTool.Editor.Tests.BlendProcessorTests" runstate="Runnable" seed="568354486" result="Passed" start-time="2026-01-26 18:15:48Z" end-time="2026-01-26 18:15:48Z" duration="0.000619" asserts="0">
                <properties>
                  <property name="retryIteration" value="0" />
                  <property name="repeatIteration" value="0" />
                </properties>
              </test-case>
              <test-case id="1100" name="BlendVector3Values_ウェイト1の場合value2を返す" fullname="AnimationMergeTool.Editor.Tests.BlendProcessorTests.BlendVector3Values_ウェイト1の場合value2を返す" methodname="BlendVector3Values_ウェイト1の場合value2を返す" classname="AnimationMergeTool.Editor.Tests.BlendProcessorTests" runstate="Runnable" seed="174682739" result="Passed" start-time="2026-01-26 18:15:48Z" end-time="2026-01-26 18:15:48Z" duration="0.000641" asserts="0">
                <properties>
                  <property name="retryIteration" value="0" />
                  <property name="repeatIteration" value="0" />
                </properties>
              </test-case>
              <test-case id="1080" name="CalculateBlendWeight_BlendInfo_clipDurationが0以下の場合0を返す" fullname="AnimationMergeTool.Editor.Tests.BlendProcessorTests.CalculateBlendWeight_BlendInfo_clipDurationが0以下の場合0を返す" methodname="CalculateBlendWeight_BlendInfo_clipDurationが0以下の場合0を返す" classname="AnimationMergeTool.Editor.Tests.BlendProcessorTests" runstate="Runnable" seed="1676714077" result="Passed" start-time="2026-01-26 18:15:48Z" end-time="2026-01-26 18:15:48Z" duration="0.000779" asserts="0">
                <properties>
                  <property name="retryIteration" value="0" />
                  <property name="repeatIteration" value="0" />
                </properties>
              </test-case>
              <test-case id="1082" name="CalculateBlendWeight_BlendInfo_EaseInなしEaseOutなしの場合1を返す" fullname="AnimationMergeTool.Editor.Tests.BlendProcessorTests.CalculateBlendWeight_BlendInfo_EaseInなしEaseOutなしの場合1を返す" methodname="CalculateBlendWeight_BlendInfo_EaseInなしEaseOutなしの場合1を返す" classname="AnimationMergeTool.Editor.Tests.BlendProcessorTests" runstate="Runnable" seed="887186745" result="Passed" start-time="2026-01-26 18:15:48Z" end-time="2026-01-26 18:15:48Z" duration="0.000712" asserts="0">
                <properties>
                  <property name="retryIteration" value="0" />
                  <property name="repeatIteration" value="0" />
                </properties>
              </test-case>
              <test-case id="1083" name="CalculateBlendWeight_BlendInfo_EaseIn区間で正しく計算する" fullname="AnimationMergeTool.Editor.Tests.BlendProcessorTests.CalculateBlendWeight_BlendInfo_EaseIn区間で正しく計算する" methodname="CalculateBlendWeight_BlendInfo_EaseIn区間で正しく計算する" classname="AnimationMergeTool.Editor.Tests.BlendProcessorTests" runstate="Runnable" seed="1552297436" result="Passed" start-time="2026-01-26 18:15:48Z" end-time="2026-01-26 18:15:48Z" duration="0.000785" asserts="0">
                <properties>
                  <property name="retryIteration" value="0" />
                  <property name="repeatIteration" value="0" />
                </properties>
              </test-case>
              <test-case id="1084" name="CalculateBlendWeight_BlendInfo_EaseOut区間で正しく計算する" fullname="AnimationMergeTool.Editor.Tests.BlendProcessorTests.CalculateBlendWeight_BlendInfo_EaseOut区間で正しく計算する" methodname="CalculateBlendWeight_BlendInfo_EaseOut区間で正しく計算する" classname="AnimationMergeTool.Editor.Tests.BlendProcessorTests" runstate="Runnable" seed="1986027289" result="Passed" start-time="2026-01-26 18:15:48Z" end-time="2026-01-26 18:15:48Z" duration="0.000760" asserts="0">
                <properties>
                  <property name="retryIteration" value="0" />
                  <property name="repeatIteration" value="0" />
                </properties>
              </test-case>
              <test-case id="1081" name="CalculateBlendWeight_BlendInfo_ローカル時間が範囲外の場合0を返す" fullname="AnimationMergeTool.Editor.Tests.BlendProcessorTests.CalculateBlendWeight_BlendInfo_ローカル時間が範囲外の場合0を返す" methodname="CalculateBlendWeight_BlendInfo_ローカル時間が範囲外の場合0を返す" classname="AnimationMergeTool.Editor.Tests.BlendProcessorTests" runstate="Runnable" seed="1048762793" result="Passed" start-time="2026-01-26 18:15:48Z" end-time="2026-01-26 18:15:48Z" duration="0.000634" asserts="0">
                <properties>
                  <property name="retryIteration" value="0" />
                  <property name="repeatIteration" value="0" />
                </properties>
              </test-case>
              <test-case id="1075" name="CalculateBlendWeight_ClipInfo_EaseInなしEaseOutなしの場合1を返す" fullname="AnimationMergeTool.Editor.Tests.BlendProcessorTests.CalculateBlendWeight_ClipInfo_EaseInなしEaseOutなしの場合1を返す" methodname="CalculateBlendWeight_ClipInfo_EaseInなしEaseOutなしの場合1を返す" classname="AnimationMergeTool.Editor.Tests.BlendProcessorTests" runstate="Runnable" seed="293135639" result="Passed" start-time="2026-01-26 18:15:48Z" end-time="2026-01-26 18:15:48Z" duration="0.000724" asserts="0">
                <properties>
                  <property name="retryIteration" value="0" />
                  <property name="repeatIteration" value="0" />
                </properties>
              </test-case>
              <test-case id="1078" name="CalculateBlendWeight_ClipInfo_EaseIn区間とEaseOut区間が重なる場合両方のウェイトが乗算される" fullname="AnimationMergeTool.Editor.Tests.BlendProcessorTests.CalculateBlendWeight_ClipInfo_EaseIn区間とEaseOut区間が重なる場合両方のウェイトが乗算される" methodname="CalculateBlendWeight_ClipInfo_EaseIn区間とEaseOut区間が重なる場合両方のウェイトが乗算される" classname="AnimationMergeTool.Editor.Tests.BlendProcessorTests" runstate="Runnable" seed="238963114" result="Passed" start-time="2026-01-26 18:15:48Z" end-time="2026-01-26 18:15:48Z" duration="0.000670" asserts="0">
                <properties>
                  <property name="retryIteration" value="0" />
                  <property name="repeatIteration" value="0" />
                </properties>
              </test-case>
              <test-case id="1076" name="CalculateBlendWeight_ClipInfo_EaseIn区間内で0から1に変化する" fullname="AnimationMergeTool.Editor.Tests.BlendProcessorTests.CalculateBlendWeight_ClipInfo_EaseIn区間内で0から1に変化する" methodname="CalculateBlendWeight_ClipInfo_EaseIn区間内で0から1に変化する" classname="AnimationMergeTool.Editor.Tests.BlendProcessorTests" runstate="Runnable" seed="1786057238" result="Passed" start-time="2026-01-26 18:15:48Z" end-time="2026-01-26 18:15:48Z" duration="0.000945" asserts="0">
                <properties>
                  <property name="retryIteration" value="0" />
                  <property name="repeatIteration" value="0" />
                </properties>
              </test-case>
              <test-case id="1077" name="CalculateBlendWeight_ClipInfo_EaseOut区間内で1から0に変化する" fullname="AnimationMergeTool.Editor.Tests.BlendProcessorTests.CalculateBlendWeight_ClipInfo_EaseOut区間内で1から0に変化する" methodname="CalculateBlendWeight_ClipInfo_EaseOut区間内で1から0に変化する" classname="AnimationMergeTool.Editor.Tests.BlendProcessorTests" runstate="Runnable" seed="228920269" result="Passed" start-time="2026-01-26 18:15:48Z" end-time="2026-01-26 18:15:48Z" duration="0.000660" asserts="0">
                <properties>
                  <property name="retryIteration" value="0" />
                  <property name="repeatIteration" value="0" />
                </properties>
              </test-case>
              <test-case id="1073" name="CalculateBlendWeight_ClipInfo_nullの場合0を返す" fullname="AnimationMergeTool.Editor.Tests.BlendProcessorTests.CalculateBlendWeight_ClipInfo_nullの場合0を返す" methodname="CalculateBlendWeight_ClipInfo_nullの場合0を返す" classname="AnimationMergeTool.Editor.Tests.BlendProcessorTests" runstate="Runnable" seed="457779489" result="Passed" start-time="2026-01-26 18:15:48Z" end-time="2026-01-26 18:15:48Z" duration="0.000578" asserts="0">
                <properties>
                  <property name="retryIteration" value="0" />
                  <property name="repeatIteration" value="0" />
                </properties>
              </test-case>
              <test-case id="1074" name="CalculateBlendWeight_ClipInfo_クリップ範囲外の場合0を返す" fullname="AnimationMergeTool.Editor.Tests.BlendProcessorTests.CalculateBlendWeight_ClipInfo_クリップ範囲外の場合0を返す" methodname="CalculateBlendWeight_ClipInfo_クリップ範囲外の場合0を返す" classname="AnimationMergeTool.Editor.Tests.BlendProcessorTests" runstate="Runnable" seed="889047510" result="Passed" start-time="2026-01-26 18:15:48Z" end-time="2026-01-26 18:15:48Z" duration="0.001003" asserts="0">
                <properties>
                  <property name="retryIteration" value="0" />
                  <property name="repeatIteration" value="0" />
                </properties>
              </test-case>
              <test-case id="1079" name="CalculateBlendWeight_ClipInfo_中間区間では1を返す" fullname="AnimationMergeTool.Editor.Tests.BlendProcessorTests.CalculateBlendWeight_ClipInfo_中間区間では1を返す" methodname="CalculateBlendWeight_ClipInfo_中間区間では1を返す" classname="AnimationMergeTool.Editor.Tests.BlendProcessorTests" runstate="Runnable" seed="85485009" result="Passed" start-time="2026-01-26 18:15:48Z" end-time="2026-01-26 18:15:48Z" duration="0.000948" asserts="0">
                <properties>
                  <property name="retryIteration" value="0" />
                  <property name="repeatIteration" value="0" />
                </properties>
              </test-case>
              <test-case id="1114" name="CalculateConsecutiveBlendWeights_ブレンド開始時は前クリップのウェイトが高い" fullname="AnimationMergeTool.Editor.Tests.BlendProcessorTests.CalculateConsecutiveBlendWeights_ブレンド開始時は前クリップのウェイトが高い" methodname="CalculateConsecutiveBlendWeights_ブレンド開始時は前クリップのウェイトが高い" classname="AnimationMergeTool.Editor.Tests.BlendProcessorTests" runstate="Runnable" seed="1262127583" result="Passed" start-time="2026-01-26 18:15:48Z" end-time="2026-01-26 18:15:48Z" duration="0.001171" asserts="0">
                <properties>
                  <property name="retryIteration" value="0" />
                  <property name="repeatIteration" value="0" />
                </properties>
              </test-case>
              <test-case id="1112" name="CalculateConsecutiveBlendWeights_ブレンド区間外の場合両方0を返す" fullname="AnimationMergeTool.Editor.Tests.BlendProcessorTests.CalculateConsecutiveBlendWeights_ブレンド区間外の場合両方0を返す" methodname="CalculateConsecutiveBlendWeights_ブレンド区間外の場合両方0を返す" classname="AnimationMergeTool.Editor.Tests.BlendProcessorTests" runstate="Runnable" seed="1788161710" result="Passed" start-time="2026-01-26 18:15:48Z" end-time="2026-01-26 18:15:48Z" duration="0.001160" asserts="0">
                <properties>
                  <property name="retryIteration" value="0" />
                  <property name="repeatIteration" value="0" />
                </properties>
              </test-case>
              <test-case id="1113" name="CalculateConsecutiveBlendWeights_ブレンド区間内でウェイトの合計が1になる" fullname="AnimationMergeTool.Editor.Tests.BlendProcessorTests.CalculateConsecutiveBlendWeights_ブレンド区間内でウェイトの合計が1になる" methodname="CalculateConsecutiveBlendWeights_ブレンド区間内でウェイトの合計が1になる" classname="AnimationMergeTool.Editor.Tests.BlendProcessorTests" runstate="Runnable" seed="1060982249" result="Passed" start-time="2026-01-26 18:15:48Z" end-time="2026-01-26 18:15:48Z" duration="0.001130" asserts="0">
                <properties>
                  <property name="retryIteration" value="0" />
                  <property name="repeatIteration" value="0" />
                </properties>
              </test-case>
              <test-case id="1115" name="CalculateConsecutiveBlendWeights_ブレンド終了時は次クリップのウェイトが高い" fullname="AnimationMergeTool.Editor.Tests.BlendProcessorTests.CalculateConsecutiveBlendWeights_ブレンド終了時は次クリップのウェイトが高い" methodname="CalculateConsecutiveBlendWeights_ブレンド終了時は次クリップのウェイトが高い" classname="AnimationMergeTool.Editor.Tests.BlendProcessorTests" runstate="Runnable" seed="1552611622" result="Passed" start-time="2026-01-26 18:15:48Z" end-time="2026-01-26 18:15:48Z" duration="0.001076" asserts="0">
                <properties>
                  <property name="retryIteration" value="0" />
                  <property name="repeatIteration" value="0" />
                </properties>
              </test-case>
              <test-case id="1111" name="CalculateConsecutiveBlendWeights_無効なブレンド情報の場合両方0を返す" fullname="AnimationMergeTool.Editor.Tests.BlendProcessorTests.CalculateConsecutiveBlendWeights_無効なブレンド情報の場合両方0を返す" methodname="CalculateConsecutiveBlendWeights_無効なブレンド情報の場合両方0を返す" classname="AnimationMergeTool.Editor.Tests.BlendProcessorTests" runstate="Runnable" seed="419964646" result="Passed" start-time="2026-01-26 18:15:48Z" end-time="2026-01-26 18:15:48Z" duration="0.000607" asserts="0">
                <properties>
                  <property name="retryIteration" value="0" />
                  <property name="repeatIteration" value="0" />
                </properties>
              </test-case>
              <test-case id="1108" name="DetectConsecutiveBlend_クリップが重なっていない場合無効なブレンド情報を返す" fullname="AnimationMergeTool.Editor.Tests.BlendProcessorTests.DetectConsecutiveBlend_クリップが重なっていない場合無効なブレンド情報を返す" methodname="DetectConsecutiveBlend_クリップが重なっていない場合無効なブレンド情報を返す" classname="AnimationMergeTool.Editor.Tests.BlendProcessorTests" runstate="Runnable" seed="495293560" result="Passed" start-time="2026-01-26 18:15:48Z" end-time="2026-01-26 18:15:48Z" duration="0.001041" asserts="0">
                <properties>
                  <property name="retryIteration" value="0" />
                  <property name="repeatIteration" value="0" />
                </properties>
              </test-case>
              <test-case id="1109" name="DetectConsecutiveBlend_クリップが重なっている場合有効なブレンド情報を返す" fullname="AnimationMergeTool.Editor.Tests.BlendProcessorTests.DetectConsecutiveBlend_クリップが重なっている場合有効なブレンド情報を返す" methodname="DetectConsecutiveBlend_クリップが重なっている場合有効なブレンド情報を返す" classname="AnimationMergeTool.Editor.Tests.BlendProcessorTests" runstate="Runnable" seed="1083778689" result="Passed" start-time="2026-01-26 18:15:48Z" end-time="2026-01-26 18:15:48Z" duration="0.001038" asserts="0">
                <properties>
                  <property name="retryIteration" value="0" />
                  <property name="repeatIteration" value="0" />
                </properties>
              </test-case>
              <test-case id="1110" name="DetectConsecutiveBlend_ブレンドカーブ情報を正しく取得する" fullname="AnimationMergeTool.Editor.Tests.BlendProcessorTests.DetectConsecutiveBlend_ブレンドカーブ情報を正しく取得する" methodname="DetectConsecutiveBlend_ブレンドカーブ情報を正しく取得する" classname="AnimationMergeTool.Editor.Tests.BlendProcessorTests" runstate="Runnable" seed="575428210" result="Passed" start-time="2026-01-26 18:15:48Z" end-time="2026-01-26 18:15:48Z" duration="0.001068" asserts="0">
                <properties>
                  <property name="retryIteration" value="0" />
                  <property name="repeatIteration" value="0" />
                </properties>
              </test-case>
[...]
                <properties>
                  <property name="retryIteration" value="0" />
                  <property name="repeatIteration" value="0" />
                </properties>
              </test-case>
              <test-case id="1673" name="GetOverrideTracks_複数のOverrideTrackがある場合全てのTrackInfoを返す" fullname="AnimationMergeTool.Editor.Tests.TrackAnalyzerTests.GetOverrideTracks_複数のOverrideTrackがある場合全てのTrackInfoを返す" methodname="GetOverrideTracks_複数のOverrideTrackがある場合全てのTrackInfoを返す" classname="AnimationMergeTool.Editor.Tests.TrackAnalyzerTests" runstate="Runnable" seed="2136172952" result="Passed" start-time="2026-01-26 18:15:50Z" end-time="2026-01-26 18:15:50Z" duration="0.000820" asserts="0">
                <properties>
                  <property name="retryIteration" value="0" />
                  <property name="repeatIteration" value="0" />
                </properties>
              </test-case>
              <test-case id="1711" name="GetParentGroup_GroupTrack内のトラックの場合親GroupTrackを返す" fullname="AnimationMergeTool.Editor.Tests.TrackAnalyzerTests.GetParentGroup_GroupTrack内のトラックの場合親GroupTrackを返す" methodname="GetParentGroup_GroupTrack内のトラックの場合親GroupTrackを返す" classname="AnimationMergeTool.Editor.Tests.TrackAnalyzerTests" runstate="Runnable" seed="1126603895" result="Passed" start-time="2026-01-26 18:15:50Z" end-time="2026-01-26 18:15:50Z" duration="0.000734" asserts="0">
                <properties>
                  <property name="retryIteration" value="0" />
                  <property name="repeatIteration" value="0" />
                </properties>
              </test-case>
              <test-case id="1709" name="GetParentGroup_trackがnullの場合nullを返す" fullname="AnimationMergeTool.Editor.Tests.TrackAnalyzerTests.GetParentGroup_trackがnullの場合nullを返す" methodname="GetParentGroup_trackがnullの場合nullを返す" classname="AnimationMergeTool.Editor.Tests.TrackAnalyzerTests" runstate="Runnable" seed="318804758" result="Passed" start-time="2026-01-26 18:15:50Z" end-time="2026-01-26 18:15:50Z" duration="0.000252" asserts="0">
                <properties>
                  <property name="retryIteration" value="0" />
                  <property name="repeatIteration" value="0" />
                </properties>
              </test-case>
              <test-case id="1710" name="GetParentGroup_ルートトラックの場合nullを返す" fullname="AnimationMergeTool.Editor.Tests.TrackAnalyzerTests.GetParentGroup_ルートトラックの場合nullを返す" methodname="GetParentGroup_ルートトラックの場合nullを返す" classname="AnimationMergeTool.Editor.Tests.TrackAnalyzerTests" runstate="Runnable" seed="1377246999" result="Passed" start-time="2026-01-26 18:15:50Z" end-time="2026-01-26 18:15:50Z" duration="0.000467" asserts="0">
                <properties>
                  <property name="retryIteration" value="0" />
                  <property name="repeatIteration" value="0" />
                </properties>
              </test-case>
              <test-case id="1725" name="GetTrackDepth_GroupTrack内のトラックの場合1を返す" fullname="AnimationMergeTool.Editor.Tests.TrackAnalyzerTests.GetTrackDepth_GroupTrack内のトラックの場合1を返す" methodname="GetTrackDepth_GroupTrack内のトラックの場合1を返す" classname="AnimationMergeTool.Editor.Tests.TrackAnalyzerTests" runstate="Runnable" seed="405883901" result="Passed" start-time="2026-01-26 18:15:50Z" end-time="2026-01-26 18:15:50Z" duration="0.000915" asserts="0">
                <properties>
                  <property name="retryIteration" value="0" />
                  <property name="repeatIteration" value="0" />
                </properties>
              </test-case>
              <test-case id="1723" name="GetTrackDepth_trackがnullの場合マイナス1を返す" fullname="AnimationMergeTool.Editor.Tests.TrackAnalyzerTests.GetTrackDepth_trackがnullの場合マイナス1を返す" methodname="GetTrackDepth_trackがnullの場合マイナス1を返す" classname="AnimationMergeTool.Editor.Tests.TrackAnalyzerTests" runstate="Runnable" seed="1769592166" result="Passed" start-time="2026-01-26 18:15:50Z" end-time="2026-01-26 18:15:50Z" duration="0.000217" asserts="0">
                <properties>
                  <property name="retryIteration" value="0" />
                  <property name="repeatIteration" value="0" />
                </properties>
              </test-case>
              <test-case id="1726" name="GetTrackDepth_ネストされたGroupTrack内のトラックの場合2を返す" fullname="AnimationMergeTool.Editor.Tests.TrackAnalyzerTests.GetTrackDepth_ネストされたGroupTrack内のトラックの場合2を返す" methodname="GetTrackDepth_ネストされたGroupTrack内のトラックの場合2を返す" classname="AnimationMergeTool.Editor.Tests.TrackAnalyzerTests" runstate="Runnable" seed="1207620230" result="Passed" start-time="2026-01-26 18:15:50Z" end-time="2026-01-26 18:15:50Z" duration="0.000978" asserts="0">
                <properties>
                  <property name="retryIteration" value="0" />
                  <property name="repeatIteration" value="0" />
                </properties>
              </test-case>
              <test-case id="1724" name="GetTrackDepth_ルートトラックの場合0を返す" fullname="AnimationMergeTool.Editor.Tests.TrackAnalyzerTests.GetTrackDepth_ルートトラックの場合0を返す" methodname="GetTrackDepth_ルートトラックの場合0を返す" classname="AnimationMergeTool.Editor.Tests.TrackAnalyzerTests" runstate="Runnable" seed="599305060" result="Passed" start-time="2026-01-26 18:15:50Z" end-time="2026-01-26 18:15:50Z" duration="0.000489" asserts="0">
                <properties>
                  <property name="retryIteration" value="0" />
                  <property name="repeatIteration" value="0" />
                </properties>
              </test-case>
              <test-case id="1688" name="GetTrackIndex_TimelineAssetがnullの場合マイナス1を返す" fullname="AnimationMergeTool.Editor.Tests.TrackAnalyzerTests.GetTrackIndex_TimelineAssetがnullの場合マイナス1を返す" methodname="GetTrackIndex_TimelineAssetがnullの場合マイナス1を返す" classname="AnimationMergeTool.Editor.Tests.TrackAnalyzerTests" runstate="Runnable" seed="887290072" result="Passed" start-time="2026-01-26 18:15:50Z" end-time="2026-01-26 18:15:50Z" duration="0.000537" asserts="0">
                <properties>
                  <property name="retryIteration" value="0" />
                  <property name="repeatIteration" value="0" />
                </properties>
              </test-case>
              <test-case id="1689" name="GetTrackIndex_trackがnullの場合マイナス1を返す" fullname="AnimationMergeTool.Editor.Tests.TrackAnalyzerTests.GetTrackIndex_trackがnullの場合マイナス1を返す" methodname="GetTrackIndex_trackがnullの場合マイナス1を返す" classname="AnimationMergeTool.Editor.Tests.TrackAnalyzerTests" runstate="Runnable" seed="382365195" result="Passed" start-time="2026-01-26 18:15:50Z" end-time="2026-01-26 18:15:50Z" duration="0.000283" asserts="0">
                <properties>
                  <property name="retryIteration" value="0" />
                  <property name="repeatIteration" value="0" />
                </properties>
              </test-case>
              <test-case id="1691" name="GetTrackIndex_トラックが存在しない場合マイナス1を返す" fullname="AnimationMergeTool.Editor.Tests.TrackAnalyzerTests.GetTrackIndex_トラックが存在しない場合マイナス1を返す" methodname="GetTrackIndex_トラックが存在しない場合マイナス1を返す" classname="AnimationMergeTool.Editor.Tests.TrackAnalyzerTests" runstate="Runnable" seed="1297666608" result="Passed" start-time="2026-01-26 18:15:50Z" end-time="2026-01-26 18:15:50Z" duration="0.000683" asserts="0">
                <properties>
                  <property name="retryIteration" value="0" />
                  <property name="repeatIteration" value="0" />
                </properties>
              </test-case>
              <test-case id="1690" name="GetTrackIndex_トラックが存在する場合正しいインデックスを返す" fullname="AnimationMergeTool.Editor.Tests.TrackAnalyzerTests.GetTrackIndex_トラックが存在する場合正しいインデックスを返す" methodname="GetTrackIndex_トラックが存在する場合正しいインデックスを返す" classname="AnimationMergeTool.Editor.Tests.TrackAnalyzerTests" runstate="Runnable" seed="421348883" result="Passed" start-time="2026-01-26 18:15:50Z" end-time="2026-01-26 18:15:50Z" duration="0.000802" asserts="0">
                <properties>
                  <property name="retryIteration" value="0" />
                  <property name="repeatIteration" value="0" />
                </properties>
              </test-case>
              <test-case id="1722" name="IsTrackInGroup_GroupTrack内のトラックの場合trueを返す" fullname="AnimationMergeTool.Editor.Tests.TrackAnalyzerTests.IsTrackInGroup_GroupTrack内のトラックの場合trueを返す" methodname="IsTrackInGroup_GroupTrack内のトラックの場合trueを返す" classname="AnimationMergeTool.Editor.Tests.TrackAnalyzerTests" runstate="Runnable" seed="1956665947" result="Passed" start-time="2026-01-26 18:15:50Z" end-time="2026-01-26 18:15:50Z" duration="0.000710" asserts="0">
                <properties>
                  <property name="retryIteration" value="0" />
                  <property name="repeatIteration" value="0" />
                </properties>
              </test-case>
              <test-case id="1720" name="IsTrackInGroup_trackがnullの場合falseを返す" fullname="AnimationMergeTool.Editor.Tests.TrackAnalyzerTests.IsTrackInGroup_trackがnullの場合falseを返す" methodname="IsTrackInGroup_trackがnullの場合falseを返す" classname="AnimationMergeTool.Editor.Tests.TrackAnalyzerTests" runstate="Runnable" seed="1536681454" result="Passed" start-time="2026-01-26 18:15:50Z" end-time="2026-01-26 18:15:50Z" duration="0.002010" asserts="0">
                <properties>
                  <property name="retryIteration" value="0" />
                  <property name="repeatIteration" value="0" />
                </properties>
              </test-case>
              <test-case id="1721" name="IsTrackInGroup_ルートトラックの場合falseを返す" fullname="AnimationMergeTool.Editor.Tests.TrackAnalyzerTests.IsTrackInGroup_ルートトラックの場合falseを返す" methodname="IsTrackInGroup_ルートトラックの場合falseを返す" classname="AnimationMergeTool.Editor.Tests.TrackAnalyzerTests" runstate="Runnable" seed="778022561" result="Passed" start-time="2026-01-26 18:15:50Z" end-time="2026-01-26 18:15:50Z" duration="0.000539" asserts="0">
                <properties>
                  <property name="retryIteration" value="0" />
                  <property name="repeatIteration" value="0" />
                </properties>
              </test-case>
            </test-suite>
            <test-suite type="TestFixture" id="1737" name="TrackInfoTests" fullname="AnimationMergeTool.Editor.Tests.TrackInfoTests" classname="AnimationMergeTool.Editor.Tests.TrackInfoTests" runstate="Runnable" testcasecount="14" result="Passed" start-time="2026-01-26 18:15:50Z" end-time="2026-01-26 18:15:50Z" duration="0.011277" total="14" passed="14" failed="0" inconclusive="0" skipped="0" asserts="0">
              <properties />
              <test-case id="1744" name="AddOverrideTrack_nullを渡しても例外が発生しない" fullname="AnimationMergeTool.Editor.Tests.TrackInfoTests.AddOverrideTrack_nullを渡しても例外が発生しない" methodname="AddOverrideTrack_nullを渡しても例外が発生しない" classname="AnimationMergeTool.Editor.Tests.TrackInfoTests" runstate="Runnable" seed="251243270" result="Passed" start-time="2026-01-26 18:15:50Z" end-time="2026-01-26 18:15:50Z" duration="0.000843" asserts="0">
                <properties>
                  <property name="retryIteration" value="0" />
                  <property name="repeatIteration" value="0" />
                </properties>
              </test-case>
              <test-case id="1743" name="AddOverrideTrack_OverrideTrackが追加される" fullname="AnimationMergeTool.Editor.Tests.TrackInfoTests.AddOverrideTrack_OverrideTrackが追加される" methodname="AddOverrideTrack_OverrideTrackが追加される" classname="AnimationMergeTool.Editor.Tests.TrackInfoTests" runstate="Runnable" seed="1349481069" result="Passed" start-time="2026-01-26 18:15:50Z" end-time="2026-01-26 18:15:50Z" duration="0.000878" asserts="0">
                <properties>
                  <property name="retryIteration" value="0" />
                  <property name="repeatIteration" value="0" />
                </properties>
              </test-case>
              <test-case id="1745" name="AddOverrideTrack_複数のOverrideTrackを追加できる" fullname="AnimationMergeTool.Editor.Tests.TrackInfoTests.AddOverrideTrack_複数のOverrideTrackを追加できる" methodname="AddOverrideTrack_複数のOverrideTrackを追加できる" classname="AnimationMergeTool.Editor.Tests.TrackInfoTests" runstate="Runnable" seed="1272796203" result="Passed" start-time="2026-01-26 18:15:50Z" end-time="2026-01-26 18:15:50Z" duration="0.000942" asserts="0">
                <properties>
                  <property name="retryIteration" value="0" />
                  <property name="repeatIteration" value="0" />
                </properties>
              </test-case>
              <test-case id="1751" name="BoundAnimator_設定と取得ができる" fullname="AnimationMergeTool.Editor.Tests.TrackInfoTests.BoundAnimator_設定と取得ができる" methodname="BoundAnimator_設定と取得ができる" classname="AnimationMergeTool.Editor.Tests.TrackInfoTests" runstate="Runnable" seed="1505394014" result="Passed" start-time="2026-01-26 18:15:50Z" end-time="2026-01-26 18:15:50Z" duration="0.000503" asserts="0">
                <properties>
                  <property name="retryIteration" value="0" />
                  <property name="repeatIteration" value="0" />
                </properties>
              </test-case>
              <test-case id="1738" name="Constructor_デフォルト値で初期化される" fullname="AnimationMergeTool.Editor.Tests.TrackInfoTests.Constructor_デフォルト値で初期化される" methodname="Constructor_デフォルト値で初期化される" classname="AnimationMergeTool.Editor.Tests.TrackInfoTests" runstate="Runnable" seed="448013480" result="Passed" start-time="2026-01-26 18:15:50Z" end-time="2026-01-26 18:15:50Z" duration="0.000583" asserts="0">
                <properties>
                  <property name="retryIteration" value="0" />
                  <property name="repeatIteration" value="0" />
                </properties>
              </test-case>
              <test-case id="1739" name="Constructor_指定した値で初期化される" fullname="AnimationMergeTool.Editor.Tests.TrackInfoTests.Constructor_指定した値で初期化される" methodname="Constructor_指定した値で初期化される" classname="AnimationMergeTool.Editor.Tests.TrackInfoTests" runstate="Runnable" seed="254061800" result="Passed" start-time="2026-01-26 18:15:50Z" end-time="2026-01-26 18:15:50Z" duration="0.000528" asserts="0">
                <properties>
                  <property name="retryIteration" value="0" />
                  <property name="repeatIteration" value="0" />
                </properties>
              </test-case>
              <test-case id="1741" name="IsMuted_TrackがMuteされていない場合falseを返す" fullname="AnimationMergeTool.Editor.Tests.TrackInfoTests.IsMuted_TrackがMuteされていない場合falseを返す" methodname="IsMuted_TrackがMuteされていない場合falseを返す" classname="AnimationMergeTool.Editor.Tests.TrackInfoTests" runstate="Runnable" seed="843752725" result="Passed" start-time="2026-01-26 18:15:50Z" end-time="2026-01-26 18:15:50Z" duration="0.000509" asserts="0">
                <properties>
                  <property name="retryIteration" value="0" />
                  <property name="repeatIteration" value="0" />
                </properties>
              </test-case>
              <test-case id="1742" name="IsMuted_TrackがMuteされている場合trueを返す" fullname="AnimationMergeTool.Editor.Tests.TrackInfoTests.IsMuted_TrackがMuteされている場合trueを返す" methodname="IsMuted_TrackがMuteされている場合trueを返す" classname="AnimationMergeTool.Editor.Tests.TrackInfoTests" runstate="Runnable" seed="981831832" result="Passed" start-time="2026-01-26 18:15:50Z" end-time="2026-01-26 18:15:50Z" duration="0.000485" asserts="0">
                <properties>
                  <property name="retryIteration" value="0" />
                  <property name="repeatIteration" value="0" />
                </properties>
              </test-case>
              <test-case id="1740" name="IsMuted_Trackがnullの場合falseを返す" fullname="AnimationMergeTool.Editor.Tests.TrackInfoTests.IsMuted_Trackがnullの場合falseを返す" methodname="IsMuted_Trackがnullの場合falseを返す" classname="AnimationMergeTool.Editor.Tests.TrackInfoTests" runstate="Runnable" seed="1443464819" result="Passed" start-time="2026-01-26 18:15:50Z" end-time="2026-01-26 18:15:50Z" duration="0.000500" asserts="0">
                <properties>
                  <property name="retryIteration" value="0" />
                  <property name="repeatIteration" value="0" />
                </properties>
              </test-case>
              <test-case id="1748" name="IsValid_Animatorがバインドされていない場合falseを返す" fullname="AnimationMergeTool.Editor.Tests.TrackInfoTests.IsValid_Animatorがバインドされていない場合falseを返す" methodname="IsValid_Animatorがバインドされていない場合falseを返す" classname="AnimationMergeTool.Editor.Tests.TrackInfoTests" runstate="Runnable" seed="1816930689" result="Passed" start-time="2026-01-26 18:15:50Z" end-time="2026-01-26 18:15:50Z" duration="0.000516" asserts="0">
                <properties>
                  <property name="retryIteration" value="0" />
                  <property name="repeatIteration" value="0" />
                </properties>
              </test-case>
              <test-case id="1749" name="IsValid_MuteされていてAnimatorもバインドされていない場合falseを返す" fullname="AnimationMergeTool.Editor.Tests.TrackInfoTests.IsValid_MuteされていてAnimatorもバインドされていない場合falseを返す" methodname="IsValid_MuteされていてAnimatorもバインドされていない場合falseを返す" classname="AnimationMergeTool.Editor.Tests.TrackInfoTests" runstate="Runnable" seed="1602554211" result="Passed" start-time="2026-01-26 18:15:50Z" end-time="2026-01-26 18:15:50Z" duration="0.000466" asserts="0">
                <properties>
                  <property name="retryIteration" value="0" />
                  <property name="repeatIteration" value="0" />
                </properties>
              </test-case>
              <test-case id="1747" name="IsValid_Muteされている場合falseを返す" fullname="AnimationMergeTool.Editor.Tests.TrackInfoTests.IsValid_Muteされている場合falseを返す" methodname="IsValid_Muteされている場合falseを返す" classname="AnimationMergeTool.Editor.Tests.TrackInfoTests" runstate="Runnable" seed="659393017" result="Passed" start-time="2026-01-26 18:15:50Z" end-time="2026-01-26 18:15:50Z" duration="0.000518" asserts="0">
                <properties>
                  <property name="retryIteration" value="0" />
                  <property name="repeatIteration" value="0" />
                </properties>
              </test-case>
              <test-case id="1746" name="IsValid_MuteされておらずAnimatorがバインドされている場合trueを返す" fullname="AnimationMergeTool.Editor.Tests.TrackInfoTests.IsValid_MuteされておらずAnimatorがバインドされている場合trueを返す" methodname="IsValid_MuteされておらずAnimatorがバインドされている場合trueを返す" classname="AnimationMergeTool.Editor.Tests.TrackInfoTests" runstate="Runnable" seed="1458497218" result="Passed" start-time="2026-01-26 18:15:50Z" end-time="2026-01-26 18:15:50Z" duration="0.000478" asserts="0">
                <properties>
                  <property name="retryIteration" value="0" />
                  <property name="repeatIteration" value="0" />
                </properties>
              </test-case>
              <test-case id="1750" name="Priority_設定と取得ができる" fullname="AnimationMergeTool.Editor.Tests.TrackInfoTests.Priority_設定と取得ができる" methodname="Priority_設定と取得ができる" classname="AnimationMergeTool.Editor.Tests.TrackInfoTests" runstate="Runnable" seed="1862668195" result="Passed" start-time="2026-01-26 18:15:50Z" end-time="2026-01-26 18:15:50Z" duration="0.000471" asserts="0">
                <properties>
                  <property name="retryIteration" value="0" />
                  <property name="repeatIteration" value="0" />
                </properties>
                <output><![CDATA[Saving results to: D:\Personal\Repositries\AnimationMergeToolForTimeline\TestResults.xml
]]></output>
              </test-case>
            </test-suite>
          </test-suite>
        </test-suite>
      </test-suite>
    </test-suite>
  </test-suite>
</test-run>