<?xml version="1.0" encoding="utf-8"?>
<test-run id="2" testcasecount="1" result="Failed(Child)" total="1" passed="0" failed="1" inconclusive="0" skipped="0" asserts="0" engine-version="3.5.0.0" clr-version="4.0.30319.42000" start-time="2026-01-26 06:00:45Z" end-time="2026-01-26 06:00:45Z" duration="0.0664514">
  <test-suite type="TestSuite" id="1000" name="AnimationMergeToolForTimeline" fullname="AnimationMergeToolForTimeline" runstate="Runnable" testcasecount="574" result="Failed" site="Child" start-time="2026-01-26 06:00:45Z" end-time="2026-01-26 06:00:45Z" duration="0.066451" total="1" passed="0" failed="1" inconclusive="0" skipped="0" asserts="0">
    <properties>
      <property name="platform" value="EditMode" />
    </properties>
    <failure>
      <message><![CDATA[One or more child tests had errors]]></message>
    </failure>
    <test-suite type="Assembly" id="1591" name="AnimationMergeTool.Editor.Tests.dll" fullname="D:/Personal/Repositries/AnimationMergeToolForTimeline/AnimationMergeToolForTimeline/Library/ScriptAssemblies/AnimationMergeTool.Editor.Tests.dll" runstate="Runnable" testcasecount="574" result="Failed" site="Child" start-time="2026-01-26 06:00:45Z" end-time="2026-01-26 06:00:45Z" duration="0.057361" total="1" passed="0" failed="1" inconclusive="0" skipped="0" asserts="0">
      <properties>
        <property name="_PID" value="450568" />
        <property name="_APPDOMAIN" value="Unity Child Domain" />
        <property name="platform" value="EditMode" />
        <property name="EditorOnly" value="True" />
      </properties>
      <failure>
        <message><![CDATA[One or more child tests had errors]]></message>
      </failure>
      <test-suite type="TestSuite" id="1592" name="AnimationMergeTool" fullname="AnimationMergeTool" runstate="Runnable" testcasecount="574" result="Failed" site="Child" start-time="2026-01-26 06:00:45Z" end-time="2026-01-26 06:00:45Z" duration="0.053971" total="1" passed="0" failed="1" inconclusive="0" skipped="0" asserts="0">
        <properties />
        <failure>
          <message><![CDATA[One or more child tests had errors]]></message>
        </failure>
        <test-suite type="TestSuite" id="1593" name="Editor" fullname="AnimationMergeTool.Editor" runstate="Runnable" testcasecount="574" result="Failed" site="Child" start-time="2026-01-26 06:00:45Z" end-time="2026-01-26 06:00:45Z" duration="0.048736" total="1" passed="0" failed="1" inconclusive="0" skipped="0" asserts="0">
          <properties />
          <failure>
            <message><![CDATA[One or more child tests had errors]]></message>
          </failure>
          <test-suite type="TestSuite" id="1594" name="Tests" fullname="AnimationMergeTool.Editor.Tests" runstate="Runnable" testcasecount="574" result="Failed" site="Child" start-time="2026-01-26 06:00:45Z" end-time="2026-01-26 06:00:45Z" duration="0.044402" total="1" passed="0" failed="1" inconclusive="0" skipped="0" asserts="0">
            <properties />
            <failure>
              <message><![CDATA[One or more child tests had errors]]></message>
            </failure>
            <test-suite type="TestFixture" id="1151" name="ClipMergerTests" fullname="AnimationMergeTool.Editor.Tests.ClipMergerTests" classname="AnimationMergeTool.Editor.Tests.ClipMergerTests" runstate="Runnable" testcasecount="56" result="Failed" site="Child" start-time="2026-01-26 06:00:45Z" end-time="2026-01-26 06:00:45Z" duration="0.034706" total="1" passed="0" failed="1" inconclusive="0" skipped="0" asserts="0">
              <properties />
              <failure>
                <message><![CDATA[One or more child tests had errors]]></message>
              </failure>
              <test-case id="1179" name="Merge_時間オフセットが正しく適用される" fullname="AnimationMergeTool.Editor.Tests.ClipMergerTests.Merge_時間オフセットが正しく適用される" methodname="Merge_時間オフセットが正しく適用される" classname="AnimationMergeTool.Editor.Tests.ClipMergerTests" runstate="Runnable" seed="1577280739" result="Failed" start-time="2026-01-26 06:00:45Z" end-time="2026-01-26 06:00:45Z" duration="0.020953" asserts="0">
                <properties>
                  <property name="retryIteration" value="0" />
                  <property name="repeatIteration" value="0" />
                </properties>
                <failure>
                  <message><![CDATA[  localPosition.xのカーブが含まれるべき
  Expected: not null
  But was:  null
]]></message>
                  <stack-trace><![CDATA[at AnimationMergeTool.Editor.Tests.ClipMergerTests.Merge_時間オフセットが正しく適用される () [0x0011e] in .\Packages\AnimationMergeToolForTimeline\Tests\Editor\ClipMergerTests.cs:719
]]></stack-trace>
                </failure>
                <output><![CDATA[Saving results to: D:\Personal\Repositries\AnimationMergeToolForTimeline\TestResults_TASK006_2.xml
]]></output>
              </test-case>
            </test-suite>
          </test-suite>
        </test-suite>
      </test-suite>
    </test-suite>
  </test-suite>
</test-run>