<?xml version="1.0" encoding="utf-8"?>
<test-run id="2" testcasecount="54" result="Passed" total="54" passed="54" failed="0" inconclusive="0" skipped="0" asserts="0" engine-version="3.5.0.0" clr-version="4.0.30319.42000" start-time="2026-01-26 16:52:30Z" end-time="2026-01-26 16:52:30Z" duration="0.0972265">
  <test-suite type="TestSuite" id="1000" name="AnimationMergeToolForTimeline" fullname="AnimationMergeToolForTimeline" runstate="Runnable" testcasecount="628" result="Passed" start-time="2026-01-26 16:52:30Z" end-time="2026-01-26 16:52:30Z" duration="0.097227" total="54" passed="54" failed="0" inconclusive="0" skipped="0" asserts="0">
    <properties>
      <property name="platform" value="EditMode" />
    </properties>
    <test-suite type="Assembly" id="1646" name="AnimationMergeTool.Editor.Tests.dll" fullname="D:/Personal/Repositries/AnimationMergeToolForTimeline/AnimationMergeToolForTimeline/Library/ScriptAssemblies/AnimationMergeTool.Editor.Tests.dll" runstate="Runnable" testcasecount="628" result="Passed" start-time="2026-01-26 16:52:30Z" end-time="2026-01-26 16:52:30Z" duration="0.089262" total="54" passed="54" failed="0" inconclusive="0" skipped="0" asserts="0">
      <properties>
        <property name="_PID" value="546072" />
        <property name="_APPDOMAIN" value="Unity Child Domain" />
        <property name="platform" value="EditMode" />
        <property name="EditorOnly" value="True" />
      </properties>
      <test-suite type="TestSuite" id="1647" name="AnimationMergeTool" fullname="AnimationMergeTool" runstate="Runnable" testcasecount="628" result="Passed" start-time="2026-01-26 16:52:30Z" end-time="2026-01-26 16:52:30Z" duration="0.085398" total="54" passed="54" failed="0" inconclusive="0" skipped="0" asserts="0">
        <properties />
        <test-suite type="TestSuite" id="1648" name="Editor" fullname="AnimationMergeTool.Editor" runstate="Runnable" testcasecount="628" result="Passed" start-time="2026-01-26 16:52:30Z" end-time="2026-01-26 16:52:30Z" duration="0.083249" total="54" passed="54" failed="0" inconclusive="0" skipped="0" asserts="0">
          <properties />
          <test-suite type="TestSuite" id="1649" name="Tests" fullname="AnimationMergeTool.Editor.Tests" runstate="Runnable" testcasecount="628" result="Passed" start-time="2026-01-26 16:52:30Z" end-time="2026-01-26 16:52:30Z" duration="0.079904" total="54" passed="54" failed="0" inconclusive="0" skipped="0" asserts="0">
            <properties />
            <test-suite type="TestFixture" id="1266" name="CurveOverriderTests" fullname="AnimationMergeTool.Editor.Tests.CurveOverriderTests" classname="AnimationMergeTool.Editor.Tests.CurveOverriderTests" runstate="Runnable" testcasecount="54" result="Passed" start-time="2026-01-26 16:52:30Z" end-time="2026-01-26 16:52:30Z" duration="0.072719" total="54" passed="54" failed="0" inconclusive="0" skipped="0" asserts="0">
              <properties />
              <test-case id="1318" name="ApplyFullOverride_BlendShapeカーブのOverride処理で元のカーブを変更しない" fullname="AnimationMergeTool.Editor.Tests.CurveOverriderTests.ApplyFullOverride_BlendShapeカーブのOverride処理で元のカーブを変更しない" methodname="ApplyFullOverride_BlendShapeカーブのOverride処理で元のカーブを変更しない" classname="AnimationMergeTool.Editor.Tests.CurveOverriderTests" runstate="Runnable" seed="1040882077" result="Passed" start-time="2026-01-26 16:52:30Z" end-time="2026-01-26 16:52:30Z" duration="0.010852" asserts="0">
                <properties>
                  <property name="retryIteration" value="0" />
                  <property name="repeatIteration" value="0" />
                </properties>
              </test-case>
              <test-case id="1315" name="ApplyFullOverride_BlendShapeカーブの部分的重なりでOverrideできる" fullname="AnimationMergeTool.Editor.Tests.CurveOverriderTests.ApplyFullOverride_BlendShapeカーブの部分的重なりでOverrideできる" methodname="ApplyFullOverride_BlendShapeカーブの部分的重なりでOverrideできる" classname="AnimationMergeTool.Editor.Tests.CurveOverriderTests" runstate="Runnable" seed="1782543377" result="Passed" start-time="2026-01-26 16:52:30Z" end-time="2026-01-26 16:52:30Z" duration="0.000818" asserts="0">
                <properties>
                  <property name="retryIteration" value="0" />
                  <property name="repeatIteration" value="0" />
                </properties>
              </test-case>
              <test-case id="1314" name="ApplyFullOverride_BlendShapeカーブを完全にOverrideできる" fullname="AnimationMergeTool.Editor.Tests.CurveOverriderTests.ApplyFullOverride_BlendShapeカーブを完全にOverrideできる" methodname="ApplyFullOverride_BlendShapeカーブを完全にOverrideできる" classname="AnimationMergeTool.Editor.Tests.CurveOverriderTests" runstate="Runnable" seed="620652163" result="Passed" start-time="2026-01-26 16:52:30Z" end-time="2026-01-26 16:52:30Z" duration="0.000234" asserts="0">
                <properties>
                  <property name="retryIteration" value="0" />
                  <property name="repeatIteration" value="0" />
                </properties>
              </test-case>
              <test-case id="1288" name="ApplyFullOverride_元のカーブを変更しない" fullname="AnimationMergeTool.Editor.Tests.CurveOverriderTests.ApplyFullOverride_元のカーブを変更しない" methodname="ApplyFullOverride_元のカーブを変更しない" classname="AnimationMergeTool.Editor.Tests.CurveOverriderTests" runstate="Runnable" seed="1494876699" result="Passed" start-time="2026-01-26 16:52:30Z" end-time="2026-01-26 16:52:30Z" duration="0.000210" asserts="0">
                <properties>
                  <property name="retryIteration" value="0" />
                  <property name="repeatIteration" value="0" />
                </properties>
              </test-case>
              <test-case id="1282" name="ApplyFullOverride_高優先順位カーブがnullの場合_低優先順位カーブを返す" fullname="AnimationMergeTool.Editor.Tests.CurveOverriderTests.ApplyFullOverride_高優先順位カーブがnullの場合_低優先順位カーブを返す" methodname="ApplyFullOverride_高優先順位カーブがnullの場合_低優先順位カーブを返す" classname="AnimationMergeTool.Editor.Tests.CurveOverriderTests" runstate="Runnable" seed="137070894" result="Passed" start-time="2026-01-26 16:52:30Z" end-time="2026-01-26 16:52:30Z" duration="0.000251" asserts="0">
                <properties>
                  <property name="retryIteration" value="0" />
                  <property name="repeatIteration" value="0" />
                </properties>
              </test-case>
              <test-case id="1281" name="ApplyFullOverride_高優先順位カーブで完全にカバーする場合_高優先順位カーブを返す" fullname="AnimationMergeTool.Editor.Tests.CurveOverriderTests.ApplyFullOverride_高優先順位カーブで完全にカバーする場合_高優先順位カーブを返す" methodname="ApplyFullOverride_高優先順位カーブで完全にカバーする場合_高優先順位カーブを返す" classname="AnimationMergeTool.Editor.Tests.CurveOverriderTests" runstate="Runnable" seed="1035776988" result="Passed" start-time="2026-01-26 16:52:30Z" end-time="2026-01-26 16:52:30Z" duration="0.000231" asserts="0">
                <properties>
                  <property name="retryIteration" value="0" />
                  <property name="repeatIteration" value="0" />
                </properties>
              </test-case>
              <test-case id="1287" name="ApplyFullOverride_高優先順位が前半のみカバーする場合_部分的Overrideが適用される" fullname="AnimationMergeTool.Editor.Tests.CurveOverriderTests.ApplyFullOverride_高優先順位が前半のみカバーする場合_部分的Overrideが適用される" methodname="ApplyFullOverride_高優先順位が前半のみカバーする場合_部分的Overrideが適用される" classname="AnimationMergeTool.Editor.Tests.CurveOverriderTests" runstate="Runnable" seed="1183929925" result="Passed" start-time="2026-01-26 16:52:30Z" end-time="2026-01-26 16:52:30Z" duration="0.000236" asserts="0">
                <properties>
                  <property name="retryIteration" value="0" />
                  <property name="repeatIteration" value="0" />
                </properties>
              </test-case>
              <test-case id="1283" name="ApplyFullOverride_低優先順位カーブがnullの場合_高優先順位カーブを返す" fullname="AnimationMergeTool.Editor.Tests.CurveOverriderTests.ApplyFullOverride_低優先順位カーブがnullの場合_高優先順位カーブを返す" methodname="ApplyFullOverride_低優先順位カーブがnullの場合_高優先順位カーブを返す" classname="AnimationMergeTool.Editor.Tests.CurveOverriderTests" runstate="Runnable" seed="2000327952" result="Passed" start-time="2026-01-26 16:52:30Z" end-time="2026-01-26 16:52:30Z" duration="0.000174" asserts="0">
                <properties>
                  <property name="retryIteration" value="0" />
                  <property name="repeatIteration" value="0" />
                </properties>
              </test-case>
              <test-case id="1286" name="ApplyFullOverride_低優先順位カーブが空の場合_高優先順位カーブを返す" fullname="AnimationMergeTool.Editor.Tests.CurveOverriderTests.ApplyFullOverride_低優先順位カーブが空の場合_高優先順位カーブを返す" methodname="ApplyFullOverride_低優先順位カーブが空の場合_高優先順位カーブを返す" classname="AnimationMergeTool.Editor.Tests.CurveOverriderTests" runstate="Runnable" seed="2124653669" result="Passed" start-time="2026-01-26 16:52:30Z" end-time="2026-01-26 16:52:30Z" duration="0.000235" asserts="0">
                <properties>
                  <property name="retryIteration" value="0" />
                  <property name="repeatIteration" value="0" />
                </properties>
              </test-case>
              <test-case id="1285" name="ApplyFullOverride_部分的重なりの場合_ApplyPartialOverrideが呼ばれる" fullname="AnimationMergeTool.Editor.Tests.CurveOverriderTests.ApplyFullOverride_部分的重なりの場合_ApplyPartialOverrideが呼ばれる" methodname="ApplyFullOverride_部分的重なりの場合_ApplyPartialOverrideが呼ばれる" classname="AnimationMergeTool.Editor.Tests.CurveOverriderTests" runstate="Runnable" seed="1210966106" result="Passed" start-time="2026-01-26 16:52:30Z" end-time="2026-01-26 16:52:30Z" duration="0.000236" asserts="0">
                <properties>
                  <property name="retryIteration" value="0" />
                  <property name="repeatIteration" value="0" />
                </properties>
              </test-case>
              <test-case id="1284" name="ApplyFullOverride_両方のカーブがnullの場合_空のカーブを返す" fullname="AnimationMergeTool.Editor.Tests.CurveOverriderTests.ApplyFullOverride_両方のカーブがnullの場合_空のカーブを返す" methodname="ApplyFullOverride_両方のカーブがnullの場合_空のカーブを返す" classname="AnimationMergeTool.Editor.Tests.CurveOverriderTests" runstate="Runnable" seed="479135422" result="Passed" start-time="2026-01-26 16:52:30Z" end-time="2026-01-26 16:52:30Z" duration="0.000315" asserts="0">
                <properties>
                  <property name="retryIteration" value="0" />
                  <property name="repeatIteration" value="0" />
                </properties>
              </test-case>
              <test-case id="1292" name="ApplyPartialOverrideWithExtrapolation_ExtrapolationがNoneの場合_重なり区間外は低優先順位カーブを使用" fullname="AnimationMergeTool.Editor.Tests.CurveOverriderTests.ApplyPartialOverrideWithExtrapolation_ExtrapolationがNoneの場合_重なり区間外は低優先順位カーブを使用" methodname="ApplyPartialOverrideWithExtrapolation_ExtrapolationがNoneの場合_重なり区間外は低優先順位カーブを使用" classname="AnimationMergeTool.Editor.Tests.CurveOverriderTests" runstate="Runnable" seed="1130942425" result="Passed" start-time="2026-01-26 16:52:30Z" end-time="2026-01-26 16:52:30Z" duration="0.011725" asserts="0">
                <properties>
                  <property name="retryIteration" value="0" />
                  <property name="repeatIteration" value="0" />
                </properties>
              </test-case>
              <test-case id="1293" name="ApplyPartialOverrideWithExtrapolation_PostExtrapolationがHoldの場合_終了後は高優先順位の値を維持" fullname="AnimationMergeTool.Editor.Tests.CurveOverriderTests.ApplyPartialOverrideWithExtrapolation_PostExtrapolationがHoldの場合_終了後は高優先順位の値を維持" methodname="ApplyPartialOverrideWithExtrapolation_PostExtrapolationがHoldの場合_終了後は高優先順位の値を維持" classname="AnimationMergeTool.Editor.Tests.CurveOverriderTests" runstate="Runnable" seed="1077300320" result="Passed" start-time="2026-01-26 16:52:30Z" end-time="2026-01-26 16:52:30Z" duration="0.001703" asserts="0">
                <properties>
                  <property name="retryIteration" value="0" />
                  <property name="repeatIteration" value="0" />
                </properties>
              </test-case>
              <test-case id="1294" name="ApplyPartialOverrideWithExtrapolation_PreExtrapolationがHoldの場合_開始前は高優先順位の値を維持" fullname="AnimationMergeTool.Editor.Tests.CurveOverriderTests.ApplyPartialOverrideWithExtrapolation_PreExtrapolationがHoldの場合_開始前は高優先順位の値を維持" methodname="ApplyPartialOverrideWithExtrapolation_PreExtrapolationがHoldの場合_開始前は高優先順位の値を維持" classname="AnimationMergeTool.Editor.Tests.CurveOverriderTests" runstate="Runnable" seed="891447761" result="Passed" start-time="2026-01-26 16:52:30Z" end-time="2026-01-26 16:52:30Z" duration="0.001290" asserts="0">
                <properties>
                  <property name="retryIteration" value="0" />
                  <property name="repeatIteration" value="0" />
                </properties>
              </test-case>
              <test-case id="1296" name="ApplyPartialOverrideWithExtrapolation_元のカーブを変更しない" fullname="AnimationMergeTool.Editor.Tests.CurveOverriderTests.ApplyPartialOverrideWithExtrapolation_元のカーブを変更しない" methodname="ApplyPartialOverrideWithExtrapolation_元のカーブを変更しない" classname="AnimationMergeTool.Editor.Tests.CurveOverriderTests" runstate="Runnable" seed="443615309" result="Passed" start-time="2026-01-26 16:52:30Z" end-time="2026-01-26 16:52:30Z" duration="0.013134" asserts="0">
                <properties>
                  <property name="retryIteration" value="0" />
                  <property name="repeatIteration" value="0" />
                </properties>
              </test-case>
              <test-case id="1290" name="ApplyPartialOverrideWithExtrapolation_高優先順位がnullの場合_低優先順位カーブを返す" fullname="AnimationMergeTool.Editor.Tests.CurveOverriderTests.ApplyPartialOverrideWithExtrapolation_高優先順位がnullの場合_低優先順位カーブを返す" methodname="ApplyPartialOverrideWithExtrapolation_高優先順位がnullの場合_低優先順位カーブを返す" classname="AnimationMergeTool.Editor.Tests.CurveOverriderTests" runstate="Runnable" seed="684975195" result="Passed" start-time="2026-01-26 16:52:30Z" end-time="2026-01-26 16:52:30Z" duration="0.001006" asserts="0">
                <properties>
                  <property name="retryIteration" value="0" />
                  <property name="repeatIteration" value="0" />
                </properties>
              </test-case>
              <test-case id="1291" name="ApplyPartialOverrideWithExtrapolation_低優先順位がnullの場合_高優先順位カーブを返す" fullname="AnimationMergeTool.Editor.Tests.CurveOverriderTests.ApplyPartialOverrideWithExtrapolation_低優先順位がnullの場合_高優先順位カーブを返す" methodname="ApplyPartialOverrideWithExtrapolation_低優先順位がnullの場合_高優先順位カーブを返す" classname="AnimationMergeTool.Editor.Tests.CurveOverriderTests" runstate="Runnable" seed="1325062255" result="Passed" start-time="2026-01-26 16:52:30Z" end-time="2026-01-26 16:52:30Z" duration="0.000814" asserts="0">
                <properties>
                  <property name="retryIteration" value="0" />
                  <property name="repeatIteration" value="0" />
                </properties>
              </test-case>
              <test-case id="1295" name="ApplyPartialOverrideWithExtrapolation_両方のExtrapolationがHoldの場合_全区間で高優先順位が有効" fullname="AnimationMergeTool.Editor.Tests.CurveOverriderTests.ApplyPartialOverrideWithExtrapolation_両方のExtrapolationがHoldの場合_全区間で高優先順位が有効" methodname="ApplyPartialOverrideWithExtrapolation_両方のExtrapolationがHoldの場合_全区間で高優先順位が有効" classname="AnimationMergeTool.Editor.Tests.CurveOverriderTests" runstate="Runnable" seed="1920419264" result="Passed" start-time="2026-01-26 16:52:30Z" end-time="2026-01-26 16:52:30Z" duration="0.002418" asserts="0">
                <properties>
                  <property name="retryIteration" value="0" />
                  <property name="repeatIteration" value="0" />
                </properties>
              </test-case>
              <test-case id="1289" name="CurveBindingPair_コンストラクタで値が正しく設定される" fullname="AnimationMergeTool.Editor.Tests.CurveOverriderTests.CurveBindingPair_コンストラクタで値が正しく設定される" methodname="CurveBindingPair_コンストラクタで値が正しく設定される" classname="AnimationMergeTool.Editor.Tests.CurveOverriderTests" runstate="Runnable" seed="1565784740" result="Passed" start-time="2026-01-26 16:52:30Z" end-time="2026-01-26 16:52:30Z" duration="0.000399" asserts="0">
                <properties>
                  <property name="retryIteration" value="0" />
                  <property name="repeatIteration" value="0" />
                </properties>
              </test-case>
              <test-case id="1307" name="CurveWithTimeRange_コンストラクタで値が正しく設定される" fullname="AnimationMergeTool.Editor.Tests.CurveOverriderTests.CurveWithTimeRange_コンストラクタで値が正しく設定される" methodname="CurveWithTimeRange_コンストラクタで値が正しく設定される" classname="AnimationMergeTool.Editor.Tests.CurveOverriderTests" runstate="Runnable" seed="563869027" result="Passed" start-time="2026-01-26 16:52:30Z" end-time="2026-01-26 16:52:30Z" duration="0.000205" asserts="0">
                <properties>
                  <property name="retryIteration" value="0" />
                  <property name="repeatIteration" value="0" />
                </properties>
              </test-case>
              <test-case id="1319" name="DetectOverlappingProperties_BlendShapeとTransformカーブは重複しない" fullname="AnimationMergeTool.Editor.Tests.CurveOverriderTests.DetectOverlappingProperties_BlendShapeとTransformカーブは重複しない" methodname="DetectOverlappingProperties_BlendShapeとTransformカーブは重複しない" classname="AnimationMergeTool.Editor.Tests.CurveOverriderTests" runstate="Runnable" seed="2109442363" result="Passed" start-time="2026-01-26 16:52:30Z" end-time="2026-01-26 16:52:30Z" duration="0.000667" asserts="0">
                <properties>
                  <property name="retryIteration" value="0" />
                  <property name="repeatIteration" value="0" />
                </properties>
              </test-case>
              <test-case id="1279" name="DetectOverlappingProperties_higherPriorityPairsがnullの場合空のセットを返す" fullname="AnimationMergeTool.Editor.Tests.CurveOverriderTests.DetectOverlappingProperties_higherPriorityPairsがnullの場合空のセットを返す" methodname="DetectOverlappingProperties_higherPriorityPairsがnullの場合空のセットを返す" classname="AnimationMergeTool.Editor.Tests.CurveOverriderTests" runstate="Runnable" seed="502538613" result="Passed" start-time="2026-01-26 16:52:30Z" end-time="2026-01-26 16:52:30Z" duration="0.000279" asserts="0">
                <properties>
                  <property name="retryIteration" value="0" />
                  <property name="repeatIteration" value="0" />
                </properties>
              </test-case>
              <test-case id="1278" name="DetectOverlappingProperties_lowerPriorityPairsがnullの場合空のセットを返す" fullname="AnimationMergeTool.Editor.Tests.CurveOverriderTests.DetectOverlappingProperties_lowerPriorityPairsがnullの場合空のセットを返す" methodname="DetectOverlappingProperties_lowerPriorityPairsがnullの場合空のセットを返す" classname="AnimationMergeTool.Editor.Tests.CurveOverriderTests" runstate="Runnable" seed="1978112635" result="Passed" start-time="2026-01-26 16:52:30Z" end-time="2026-01-26 16:52:30Z" duration="0.000237" asserts="0">
                <properties>
                  <property name="retryIteration" value="0" />
                  <property name="repeatIteration" value="0" />
                </properties>
              </test-case>
              <test-case id="1277" name="DetectOverlappingProperties_重複がない場合空のセットを返す" fullname="AnimationMergeTool.Editor.Tests.CurveOverriderTests.DetectOverlappingProperties_重複がない場合空のセットを返す" methodname="DetectOverlappingProperties_重複がない場合空のセットを返す" classname="AnimationMergeTool.Editor.Tests.CurveOverriderTests" runstate="Runnable" seed="1210627931" result="Passed" start-time="2026-01-26 16:52:30Z" end-time="2026-01-26 16:52:30Z" duration="0.000264" asserts="0">
                <properties>
                  <property name="retryIteration" value="0" />
                  <property name="repeatIteration" value="0" />
                </properties>
              </test-case>
              <test-case id="1312" name="DetectOverlappingProperties_重複するBlendShapeプロパティを検出できる" fullname="AnimationMergeTool.Editor.Tests.CurveOverriderTests.DetectOverlappingProperties_重複するBlendShapeプロパティを検出できる" methodname="DetectOverlappingProperties_重複するBlendShapeプロパティを検出できる" classname="AnimationMergeTool.Editor.Tests.CurveOverriderTests" runstate="Runnable" seed="766901827" result="Passed" start-time="2026-01-26 16:52:30Z" end-time="2026-01-26 16:52:30Z" duration="0.000448" asserts="0">
                <properties>
                  <property name="retryIteration" value="0" />
                  <property name="repeatIteration" value="0" />
                </properties>
              </test-case>
              <test-case id="1276" name="DetectOverlappingProperties_重複するプロパティを検出できる" fullname="AnimationMergeTool.Editor.Tests.CurveOverriderTests.DetectOverlappingProperties_重複するプロパティを検出できる" methodname="DetectOverlappingProperties_重複するプロパティを検出できる" classname="AnimationMergeTool.Editor.Tests.CurveOverriderTests" runstate="Runnable" seed="1763214551" result="Passed" start-time="2026-01-26 16:52:30Z" end-time="2026-01-26 16:52:30Z" duration="0.000352" asserts="0">
                <properties>
                  <property name="retryIteration" value="0" />
                  <property name="repeatIteration" value="0" />
                </properties>
              </test-case>
              <test-case id="1313" name="DetectOverlappingProperties_複数のBlendShapeプロパティの重複を検出できる" fullname="AnimationMergeTool.Editor.Tests.CurveOverriderTests.DetectOverlappingProperties_複数のBlendShapeプロパティの重複を検出できる" methodname="DetectOverlappingProperties_複数のBlendShapeプロパティの重複を検出できる" classname="AnimationMergeTool.Editor.Tests.CurveOverriderTests" runstate="Runnable" seed="1971646579" result="Passed" start-time="2026-01-26 16:52:30Z" end-time="2026-01-26 16:52:30Z" duration="0.000339" asserts="0">
                <properties>
                  <property name="retryIteration" value="0" />
                  <property name="repeatIteration" value="0" />
                </properties>
              </test-case>
              <test-case id="1280" name="DetectOverlappingProperties_複数の重複を検出できる" fullname="AnimationMergeTool.Editor.Tests.CurveOverriderTests.DetectOverlappingProperties_複数の重複を検出できる" methodname="DetectOverlappingProperties_複数の重複を検出できる" classname="AnimationMergeTool.Editor.Tests.CurveOverriderTests" runstate="Runnable" seed="1645689586" result="Passed" start-time="2026-01-26 16:52:30Z" end-time="2026-01-26 16:52:30Z" duration="0.000354" asserts="0">
                <properties>
                  <property name="retryIteration" value="0" />
                  <property name="repeatIteration" value="0" />
                </properties>
              </test-case>
              <test-case id="1311" name="GetBindingKey_BlendShapeプロパティの正しいキーを生成する" fullname="AnimationMergeTool.Editor.Tests.CurveOverriderTests.GetBindingKey_BlendShapeプロパティの正しいキーを生成する" methodname="GetBindingKey_BlendShapeプロパティの正しいキーを生成する" classname="AnimationMergeTool.Editor.Tests.CurveOverriderTests" runstate="Runnable" seed="1837768873" result="Passed" start-time="2026-01-26 16:52:30Z" end-time="2026-01-26 16:52:30Z" duration="0.000214" asserts="0">
                <properties>
                  <property name="retryIteration" value="0" />
                  <property name="repeatIteration" value="0" />
                </properties>
              </test-case>
              <test-case id="1274" name="GetBindingKey_異なるバインディングは異なるキーを生成する" fullname="AnimationMergeTool.Editor.Tests.CurveOverriderTests.GetBindingKey_異なるバインディングは異なるキーを生成する" methodname="GetBindingKey_異なるバインディングは異なるキーを生成する" classname="AnimationMergeTool.Editor.Tests.CurveOverriderTests" runstate="Runnable" seed="799245543" result="Passed" start-time="2026-01-26 16:52:30Z" end-time="2026-01-26 16:52:30Z" duration="0.000290" asserts="0">
                <properties>
                  <property name="retryIteration" value="0" />
                  <property name="repeatIteration" value="0" />
                </properties>
              </test-case>
              <test-case id="1275" name="GetBindingKey_空のパスでもキーを生成できる" fullname="AnimationMergeTool.Editor.Tests.CurveOverriderTests.GetBindingKey_空のパスでもキーを生成できる" methodname="GetBindingKey_空のパスでもキーを生成できる" classname="AnimationMergeTool.Editor.Tests.CurveOverriderTests" runstate="Runnable" seed="316393792" result="Passed" start-time="2026-01-26 16:52:30Z" end-time="2026-01-26 16:52:30Z" duration="0.000189" asserts="0">
                <properties>
                  <property name="retryIteration" value="0" />
                  <property name="repeatIteration" value="0" />
                </properties>
              </test-case>
              <test-case id="1272" name="GetBindingKey_正しい形式のキーを生成する" fullname="AnimationMergeTool.Editor.Tests.CurveOverriderTests.GetBindingKey_正しい形式のキーを生成する" methodname="GetBindingKey_正しい形式のキーを生成する" classname="AnimationMergeTool.Editor.Tests.CurveOverriderTests" runstate="Runnable" seed="252101761" result="Passed" start-time="2026-01-26 16:52:30Z" end-time="2026-01-26 16:52:30Z" duration="0.000178" asserts="0">
                <properties>
                  <property name="retryIteration" value="0" />
                  <property name="repeatIteration" value="0" />
                </properties>
              </test-case>
              <test-case id="1273" name="GetBindingKey_同一バインディングは同じキーを生成する" fullname="AnimationMergeTool.Editor.Tests.CurveOverriderTests.GetBindingKey_同一バインディングは同じキーを生成する" methodname="GetBindingKey_同一バインディングは同じキーを生成する" classname="AnimationMergeTool.Editor.Tests.CurveOverriderTests" runstate="Runnable" seed="1290557055" result="Passed" start-time="2026-01-26 16:52:30Z" end-time="2026-01-26 16:52:30Z" duration="0.000239" asserts="0">
                <properties>
                  <property name="retryIteration" value="0" />
                  <property name="repeatIteration" value="0" />
                </properties>
              </test-case>
              <test-case id="1268" name="IsSameProperty_pathが異なる場合falseを返す" fullname="AnimationMergeTool.Editor.Tests.CurveOverriderTests.IsSameProperty_pathが異なる場合falseを返す" methodname="IsSameProperty_pathが異なる場合falseを返す" classname="AnimationMergeTool.Editor.Tests.CurveOverriderTests" runstate="Runnable" seed="1072250006" result="Passed" start-time="2026-01-26 16:52:30Z" end-time="2026-01-26 16:52:30Z" duration="0.000239" asserts="0">
                <properties>
                  <property name="retryIteration" value="0" />
                  <property name="repeatIteration" value="0" />
                </properties>
              </test-case>
              <test-case id="1270" name="IsSameProperty_propertyNameが異なる場合falseを返す" fullname="AnimationMergeTool.Editor.Tests.CurveOverriderTests.IsSameProperty_propertyNameが異なる場合falseを返す" methodname="IsSameProperty_propertyNameが異なる場合falseを返す" classname="AnimationMergeTool.Editor.Tests.CurveOverriderTests" runstate="Runnable" seed="537016702" result="Passed" start-time="2026-01-26 16:52:30Z" end-time="2026-01-26 16:52:30Z" duration="0.000166" asserts="0">
                <properties>
                  <property name="retryIteration" value="0" />
                  <property name="repeatIteration" value="0" />
                </properties>
              </test-case>
              <test-case id="1269" name="IsSameProperty_typeが異なる場合falseを返す" fullname="AnimationMergeTool.Editor.Tests.CurveOverriderTests.IsSameProperty_typeが異なる場合falseを返す" methodname="IsSameProperty_typeが異なる場合falseを返す" classname="AnimationMergeTool.Editor.Tests.CurveOverriderTests" runstate="Runnable" seed="541150862" result="Passed" start-time="2026-01-26 16:52:30Z" end-time="2026-01-26 16:52:30Z" duration="0.000165" asserts="0">
                <properties>
                  <property name="retryIteration" value="0" />
                  <property name="repeatIteration" value="0" />
                </properties>
              </test-case>
              <test-case id="1309" name="IsSameProperty_異なるBlendShapeプロパティの場合falseを返す" fullname="AnimationMergeTool.Editor.Tests.CurveOverriderTests.IsSameProperty_異なるBlendShapeプロパティの場合falseを返す" methodname="IsSameProperty_異なるBlendShapeプロパティの場合falseを返す" classname="AnimationMergeTool.Editor.Tests.CurveOverriderTests" runstate="Runnable" seed="1187604616" result="Passed" start-time="2026-01-26 16:52:30Z" end-time="2026-01-26 16:52:30Z" duration="0.000157" asserts="0">
                <properties>
                  <property name="retryIteration" value="0" />
                  <property name="repeatIteration" value="0" />
                </properties>
              </test-case>
              <test-case id="1271" name="IsSameProperty_空のパスでも正しく比較できる" fullname="AnimationMergeTool.Editor.Tests.CurveOverriderTests.IsSameProperty_空のパスでも正しく比較できる" methodname="IsSameProperty_空のパスでも正しく比較できる" classname="AnimationMergeTool.Editor.Tests.CurveOverriderTests" runstate="Runnable" seed="1141604751" result="Passed" start-time="2026-01-26 16:52:30Z" end-time="2026-01-26 16:52:30Z" duration="0.000157" asserts="0">
                <properties>
                  <property name="retryIteration" value="0" />
                  <property name="repeatIteration" value="0" />
                </properties>
              </test-case>
              <test-case id="1310" name="IsSameProperty_同一BlendShape名でもpathが異なる場合falseを返す" fullname="AnimationMergeTool.Editor.Tests.CurveOverriderTests.IsSameProperty_同一BlendShape名でもpathが異なる場合falseを返す" methodname="IsSameProperty_同一BlendShape名でもpathが異なる場合falseを返す" classname="AnimationMergeTool.Editor.Tests.CurveOverriderTests" runstate="Runnable" seed="610577926" result="Passed" start-time="2026-01-26 16:52:30Z" end-time="2026-01-26 16:52:30Z" duration="0.000166" asserts="0">
                <properties>
                  <property name="retryIteration" value="0" />
                  <property name="repeatIteration" value="0" />
                </properties>
              </test-case>
              <test-case id="1308" name="IsSameProperty_同一のBlendShapeプロパティの場合trueを返す" fullname="AnimationMergeTool.Editor.Tests.CurveOverriderTests.IsSameProperty_同一のBlendShapeプロパティの場合trueを返す" methodname="IsSameProperty_同一のBlendShapeプロパティの場合trueを返す" classname="AnimationMergeTool.Editor.Tests.CurveOverriderTests" runstate="Runnable" seed="398954742" result="Passed" start-time="2026-01-26 16:52:30Z" end-time="2026-01-26 16:52:30Z" duration="0.000164" asserts="0">
                <properties>
                  <property name="retryIteration" value="0" />
                  <property name="repeatIteration" value="0" />
                </properties>
              </test-case>
              <test-case id="1267" name="IsSameProperty_同一のバインディングの場合trueを返す" fullname="AnimationMergeTool.Editor.Tests.CurveOverriderTests.IsSameProperty_同一のバインディングの場合trueを返す" methodname="IsSameProperty_同一のバインディングの場合trueを返す" classname="AnimationMergeTool.Editor.Tests.CurveOverriderTests" runstate="Runnable" seed="883035120" result="Passed" start-time="2026-01-26 16:52:30Z" end-time="2026-01-26 16:52:30Z" duration="0.000154" asserts="0">
                <properties>
                  <property name="retryIteration" value="0" />
                  <property name="repeatIteration" value="0" />
                </properties>
              </test-case>
              <test-case id="1301" name="MergeMultipleTracks_2つのトラックで完全重なりの場合_高優先順位のカーブで上書きされる" fullname="AnimationMergeTool.Editor.Tests.CurveOverriderTests.MergeMultipleTracks_2つのトラックで完全重なりの場合_高優先順位のカーブで上書きされる" methodname="MergeMultipleTracks_2つのトラックで完全重なりの場合_高優先順位のカーブで上書きされる" classname="AnimationMergeTool.Editor.Tests.CurveOverriderTests" runstate="Runnable" seed="1621893054" result="Passed" start-time="2026-01-26 16:52:30Z" end-time="2026-01-26 16:52:30Z" duration="0.000645" asserts="0">
                <properties>
                  <property name="retryIteration" value="0" />
                  <property name="repeatIteration" value="0" />
                </properties>
              </test-case>
              <test-case id="1300" name="MergeMultipleTracks_2つのトラックで重なりがない場合_両方のキーが含まれる" fullname="AnimationMergeTool.Editor.Tests.CurveOverriderTests.MergeMultipleTracks_2つのトラックで重なりがない場合_両方のキーが含まれる" methodname="MergeMultipleTracks_2つのトラックで重なりがない場合_両方のキーが含まれる" classname="AnimationMergeTool.Editor.Tests.CurveOverriderTests" runstate="Runnable" seed="1887440167" result="Passed" start-time="2026-01-26 16:52:30Z" end-time="2026-01-26 16:52:30Z" duration="0.000297" asserts="0">
                <properties>
                  <property name="retryIteration" value="0" />
                  <property name="repeatIteration" value="0" />
                </properties>
              </test-case>
              <test-case id="1302" name="MergeMultipleTracks_2つのトラックで部分重なりの場合_重なり区間は高優先順位で上書きされる" fullname="AnimationMergeTool.Editor.Tests.CurveOverriderTests.MergeMultipleTracks_2つのトラックで部分重なりの場合_重なり区間は高優先順位で上書きされる" methodname="MergeMultipleTracks_2つのトラックで部分重なりの場合_重なり区間は高優先順位で上書きされる" classname="AnimationMergeTool.Editor.Tests.CurveOverriderTests" runstate="Runnable" seed="111625695" result="Passed" start-time="2026-01-26 16:52:30Z" end-time="2026-01-26 16:52:30Z" duration="0.000321" asserts="0">
                <properties>
                  <property name="retryIteration" value="0" />
                  <property name="repeatIteration" value="0" />
                </properties>
              </test-case>
              <test-case id="1303" name="MergeMultipleTracks_3つのトラックを優先順位順に統合できる" fullname="AnimationMergeTool.Editor.Tests.CurveOverriderTests.MergeMultipleTracks_3つのトラックを優先順位順に統合できる" methodname="MergeMultipleTracks_3つのトラックを優先順位順に統合できる" classname="AnimationMergeTool.Editor.Tests.CurveOverriderTests" runstate="Runnable" seed="444695807" result="Passed" start-time="2026-01-26 16:52:30Z" end-time="2026-01-26 16:52:30Z" duration="0.000406" asserts="0">
                <properties>
                  <property name="retryIteration" value="0" />
                  <property name="repeatIteration" value="0" />
                </properties>
              </test-case>
              <test-case id="1320" name="MergeMultipleTracks_BlendShapeカーブの値が0から100の範囲で正しくマージされる" fullname="AnimationMergeTool.Editor.Tests.CurveOverriderTests.MergeMultipleTracks_BlendShapeカーブの値が0から100の範囲で正しくマージされる" methodname="MergeMultipleTracks_BlendShapeカーブの値が0から100の範囲で正しくマージされる" classname="AnimationMergeTool.Editor.Tests.CurveOverriderTests" runstate="Runnable" seed="2057372572" result="Passed" start-time="2026-01-26 16:52:30Z" end-time="2026-01-26 16:52:30Z" duration="0.000317" asserts="0">
                <properties>
                  <property name="retryIteration" value="0" />
                  <property name="repeatIteration" value="0" />
                </properties>
              </test-case>
              <test-case id="1298" name="MergeMultipleTracks_nullの場合_空のカーブを返す" fullname="AnimationMergeTool.Editor.Tests.CurveOverriderTests.MergeMultipleTracks_nullの場合_空のカーブを返す" methodname="MergeMultipleTracks_nullの場合_空のカーブを返す" classname="AnimationMergeTool.Editor.Tests.CurveOverriderTests" runstate="Runnable" seed="1998525334" result="Passed" start-time="2026-01-26 16:52:30Z" end-time="2026-01-26 16:52:30Z" duration="0.000192" asserts="0">
                <properties>
                  <property name="retryIteration" value="0" />
                  <property name="repeatIteration" value="0" />
                </properties>
              </test-case>
              <test-case id="1297" name="MergeMultipleTracks_空のリストの場合_空のカーブを返す" fullname="AnimationMergeTool.Editor.Tests.CurveOverriderTests.MergeMultipleTracks_空のリストの場合_空のカーブを返す" methodname="MergeMultipleTracks_空のリストの場合_空のカーブを返す" classname="AnimationMergeTool.Editor.Tests.CurveOverriderTests" runstate="Runnable" seed="47038128" result="Passed" start-time="2026-01-26 16:52:30Z" end-time="2026-01-26 16:52:30Z" duration="0.000180" asserts="0">
                <properties>
                  <property name="retryIteration" value="0" />
                  <property name="repeatIteration" value="0" />
                </properties>
              </test-case>
              <test-case id="1306" name="MergeMultipleTracks_元のカーブを変更しない" fullname="AnimationMergeTool.Editor.Tests.CurveOverriderTests.MergeMultipleTracks_元のカーブを変更しない" methodname="MergeMultipleTracks_元のカーブを変更しない" classname="AnimationMergeTool.Editor.Tests.CurveOverriderTests" runstate="Runnable" seed="582713538" result="Passed" start-time="2026-01-26 16:52:30Z" end-time="2026-01-26 16:52:30Z" duration="0.000259" asserts="0">
                <properties>
                  <property name="retryIteration" value="0" />
                  <property name="repeatIteration" value="0" />
                </properties>
              </test-case>
              <test-case id="1305" name="MergeMultipleTracks_最初のカーブがnullの場合_空のカーブから開始して処理する" fullname="AnimationMergeTool.Editor.Tests.CurveOverriderTests.MergeMultipleTracks_最初のカーブがnullの場合_空のカーブから開始して処理する" methodname="MergeMultipleTracks_最初のカーブがnullの場合_空のカーブから開始して処理する" classname="AnimationMergeTool.Editor.Tests.CurveOverriderTests" runstate="Runnable" seed="374814763" result="Passed" start-time="2026-01-26 16:52:30Z" end-time="2026-01-26 16:52:30Z" duration="0.000257" asserts="0">
                <properties>
                  <property name="retryIteration" value="0" />
                  <property name="repeatIteration" value="0" />
                </properties>
              </test-case>
              <test-case id="1299" name="MergeMultipleTracks_単一カーブの場合_そのカーブのコピーを返す" fullname="AnimationMergeTool.Editor.Tests.CurveOverriderTests.MergeMultipleTracks_単一カーブの場合_そのカーブのコピーを返す" methodname="MergeMultipleTracks_単一カーブの場合_そのカーブのコピーを返す" classname="AnimationMergeTool.Editor.Tests.CurveOverriderTests" runstate="Runnable" seed="1072098098" result="Passed" start-time="2026-01-26 16:52:30Z" end-time="2026-01-26 16:52:30Z" duration="0.000270" asserts="0">
                <properties>
                  <property name="retryIteration" value="0" />
                  <property name="repeatIteration" value="0" />
                </properties>
              </test-case>
              <test-case id="1304" name="MergeMultipleTracks_途中のカーブがnullの場合_スキップして処理する" fullname="AnimationMergeTool.Editor.Tests.CurveOverriderTests.MergeMultipleTracks_途中のカーブがnullの場合_スキップして処理する" methodname="MergeMultipleTracks_途中のカーブがnullの場合_スキップして処理する" classname="AnimationMergeTool.Editor.Tests.CurveOverriderTests" runstate="Runnable" seed="1521798927" result="Passed" start-time="2026-01-26 16:52:30Z" end-time="2026-01-26 16:52:30Z" duration="0.000299" asserts="0">
                <properties>
                  <property name="retryIteration" value="0" />
                  <property name="repeatIteration" value="0" />
                </properties>
              </test-case>
              <test-case id="1317" name="MergeMultipleTracks_同一BlendShapeの完全重なりで高優先順位が採用される" fullname="AnimationMergeTool.Editor.Tests.CurveOverriderTests.MergeMultipleTracks_同一BlendShapeの完全重なりで高優先順位が採用される" methodname="MergeMultipleTracks_同一BlendShapeの完全重なりで高優先順位が採用される" classname="AnimationMergeTool.Editor.Tests.CurveOverriderTests" runstate="Runnable" seed="1464648503" result="Passed" start-time="2026-01-26 16:52:30Z" end-time="2026-01-26 16:52:30Z" duration="0.000250" asserts="0">
                <properties>
                  <property name="retryIteration" value="0" />
                  <property name="repeatIteration" value="0" />
                </properties>
              </test-case>
              <test-case id="1316" name="MergeMultipleTracks_複数トラックのBlendShapeカーブを優先順位順にマージできる" fullname="AnimationMergeTool.Editor.Tests.CurveOverriderTests.MergeMultipleTracks_複数トラックのBlendShapeカーブを優先順位順にマージできる" methodname="MergeMultipleTracks_複数トラックのBlendShapeカーブを優先順位順にマージできる" classname="AnimationMergeTool.Editor.Tests.CurveOverriderTests" runstate="Runnable" seed="1644253761" result="Passed" start-time="2026-01-26 16:52:30Z" end-time="2026-01-26 16:52:30Z" duration="0.000363" asserts="0">
                <properties>
                  <property name="retryIteration" value="0" />
                  <property name="repeatIteration" value="0" />
                </properties>
                <output><![CDATA[Saving results to: D:/Personal/Repositries/AnimationMergeToolForTimeline/AnimationMergeToolForTimeline/TestResults_P11006.xml
]]></output>
              </test-case>
            </test-suite>
          </test-suite>
        </test-suite>
      </test-suite>
    </test-suite>
  </test-suite>
</test-run>