<?xml version="1.0" encoding="utf-8"?>
<test-run id="2" testcasecount="14" result="Passed" total="14" passed="14" failed="0" inconclusive="0" skipped="0" asserts="0" engine-version="3.5.0.0" clr-version="4.0.30319.42000" start-time="2026-01-26 16:48:49Z" end-time="2026-01-26 16:48:49Z" duration="0.0750266">
  <test-suite type="TestSuite" id="1000" name="AnimationMergeToolForTimeline" fullname="AnimationMergeToolForTimeline" runstate="Runnable" testcasecount="615" result="Passed" start-time="2026-01-26 16:48:49Z" end-time="2026-01-26 16:48:49Z" duration="0.075027" total="14" passed="14" failed="0" inconclusive="0" skipped="0" asserts="0">
    <properties>
      <property name="platform" value="EditMode" />
    </properties>
    <test-suite type="Assembly" id="1633" name="AnimationMergeTool.Editor.Tests.dll" fullname="D:/Personal/Repositries/AnimationMergeToolForTimeline/AnimationMergeToolForTimeline/Library/ScriptAssemblies/AnimationMergeTool.Editor.Tests.dll" runstate="Runnable" testcasecount="615" result="Passed" start-time="2026-01-26 16:48:49Z" end-time="2026-01-26 16:48:49Z" duration="0.067108" total="14" passed="14" failed="0" inconclusive="0" skipped="0" asserts="0">
      <properties>
        <property name="_PID" value="499624" />
        <property name="_APPDOMAIN" value="Unity Child Domain" />
        <property name="platform" value="EditMode" />
        <property name="EditorOnly" value="True" />
      </properties>
      <test-suite type="TestSuite" id="1634" name="AnimationMergeTool" fullname="AnimationMergeTool" runstate="Runnable" testcasecount="615" result="Passed" start-time="2026-01-26 16:48:49Z" end-time="2026-01-26 16:48:49Z" duration="0.063745" total="14" passed="14" failed="0" inconclusive="0" skipped="0" asserts="0">
        <properties />
        <test-suite type="TestSuite" id="1635" name="Editor" fullname="AnimationMergeTool.Editor" runstate="Runnable" testcasecount="615" result="Passed" start-time="2026-01-26 16:48:49Z" end-time="2026-01-26 16:48:49Z" duration="0.061853" total="14" passed="14" failed="0" inconclusive="0" skipped="0" asserts="0">
          <properties />
          <test-suite type="TestSuite" id="1636" name="Tests" fullname="AnimationMergeTool.Editor.Tests" runstate="Runnable" testcasecount="615" result="Passed" start-time="2026-01-26 16:48:49Z" end-time="2026-01-26 16:48:49Z" duration="0.060029" total="14" passed="14" failed="0" inconclusive="0" skipped="0" asserts="0">
            <properties />
            <test-suite type="TestFixture" id="1174" name="ClipMergerTests" fullname="AnimationMergeTool.Editor.Tests.ClipMergerTests" classname="AnimationMergeTool.Editor.Tests.ClipMergerTests" runstate="Runnable" testcasecount="75" result="Passed" start-time="2026-01-26 16:48:49Z" end-time="2026-01-26 16:48:49Z" duration="0.050684" total="14" passed="14" failed="0" inconclusive="0" skipped="0" asserts="0">
              <properties />
              <test-case id="1241" name="ApplyTimeOffset_BlendShapeカーブに時間オフセットが正しく適用される" fullname="AnimationMergeTool.Editor.Tests.ClipMergerTests.ApplyTimeOffset_BlendShapeカーブに時間オフセットが正しく適用される" methodname="ApplyTimeOffset_BlendShapeカーブに時間オフセットが正しく適用される" classname="AnimationMergeTool.Editor.Tests.ClipMergerTests" runstate="Runnable" seed="1404887189" result="Passed" start-time="2026-01-26 16:48:49Z" end-time="2026-01-26 16:48:49Z" duration="0.019546" asserts="0">
                <properties>
                  <property name="retryIteration" value="0" />
                  <property name="repeatIteration" value="0" />
                </properties>
              </test-case>
              <test-case id="1233" name="GetAnimationCurves_BlendShapeカーブと通常カーブを同時に取得できる" fullname="AnimationMergeTool.Editor.Tests.ClipMergerTests.GetAnimationCurves_BlendShapeカーブと通常カーブを同時に取得できる" methodname="GetAnimationCurves_BlendShapeカーブと通常カーブを同時に取得できる" classname="AnimationMergeTool.Editor.Tests.ClipMergerTests" runstate="Runnable" seed="1961445466" result="Passed" start-time="2026-01-26 16:48:49Z" end-time="2026-01-26 16:48:49Z" duration="0.000815" asserts="0">
                <properties>
                  <property name="retryIteration" value="0" />
                  <property name="repeatIteration" value="0" />
                </properties>
              </test-case>
              <test-case id="1231" name="GetAnimationCurves_BlendShapeカーブを取得できる" fullname="AnimationMergeTool.Editor.Tests.ClipMergerTests.GetAnimationCurves_BlendShapeカーブを取得できる" methodname="GetAnimationCurves_BlendShapeカーブを取得できる" classname="AnimationMergeTool.Editor.Tests.ClipMergerTests" runstate="Runnable" seed="1410729728" result="Passed" start-time="2026-01-26 16:48:49Z" end-time="2026-01-26 16:48:49Z" duration="0.000361" asserts="0">
                <properties>
                  <property name="retryIteration" value="0" />
                  <property name="repeatIteration" value="0" />
                </properties>
              </test-case>
              <test-case id="1232" name="GetAnimationCurves_複数のBlendShapeカーブを取得できる" fullname="AnimationMergeTool.Editor.Tests.ClipMergerTests.GetAnimationCurves_複数のBlendShapeカーブを取得できる" methodname="GetAnimationCurves_複数のBlendShapeカーブを取得できる" classname="AnimationMergeTool.Editor.Tests.ClipMergerTests" runstate="Runnable" seed="1057636728" result="Passed" start-time="2026-01-26 16:48:49Z" end-time="2026-01-26 16:48:49Z" duration="0.000282" asserts="0">
                <properties>
                  <property name="retryIteration" value="0" />
                  <property name="repeatIteration" value="0" />
                </properties>
              </test-case>
              <test-case id="1239" name="Merge_BlendShapeカーブとマッスルカーブを同時に統合できる" fullname="AnimationMergeTool.Editor.Tests.ClipMergerTests.Merge_BlendShapeカーブとマッスルカーブを同時に統合できる" methodname="Merge_BlendShapeカーブとマッスルカーブを同時に統合できる" classname="AnimationMergeTool.Editor.Tests.ClipMergerTests" runstate="Runnable" seed="1128065576" result="Passed" start-time="2026-01-26 16:48:49Z" end-time="2026-01-26 16:48:49Z" duration="0.002199" asserts="0">
                <properties>
                  <property name="retryIteration" value="0" />
                  <property name="repeatIteration" value="0" />
                </properties>
              </test-case>
              <test-case id="1240" name="Merge_BlendShapeカーブとルートモーションカーブを同時に統合できる" fullname="AnimationMergeTool.Editor.Tests.ClipMergerTests.Merge_BlendShapeカーブとルートモーションカーブを同時に統合できる" methodname="Merge_BlendShapeカーブとルートモーションカーブを同時に統合できる" classname="AnimationMergeTool.Editor.Tests.ClipMergerTests" runstate="Runnable" seed="610050827" result="Passed" start-time="2026-01-26 16:48:49Z" end-time="2026-01-26 16:48:49Z" duration="0.000931" asserts="0">
                <properties>
                  <property name="retryIteration" value="0" />
                  <property name="repeatIteration" value="0" />
                </properties>
              </test-case>
              <test-case id="1238" name="Merge_BlendShapeカーブと通常カーブを同時に統合できる" fullname="AnimationMergeTool.Editor.Tests.ClipMergerTests.Merge_BlendShapeカーブと通常カーブを同時に統合できる" methodname="Merge_BlendShapeカーブと通常カーブを同時に統合できる" classname="AnimationMergeTool.Editor.Tests.ClipMergerTests" runstate="Runnable" seed="2133528387" result="Passed" start-time="2026-01-26 16:48:49Z" end-time="2026-01-26 16:48:49Z" duration="0.000933" asserts="0">
                <properties>
                  <property name="retryIteration" value="0" />
                  <property name="repeatIteration" value="0" />
                </properties>
              </test-case>
              <test-case id="1243" name="Merge_BlendShapeカーブにTimeScaleが正しく適用される" fullname="AnimationMergeTool.Editor.Tests.ClipMergerTests.Merge_BlendShapeカーブにTimeScaleが正しく適用される" methodname="Merge_BlendShapeカーブにTimeScaleが正しく適用される" classname="AnimationMergeTool.Editor.Tests.ClipMergerTests" runstate="Runnable" seed="1679895670" result="Passed" start-time="2026-01-26 16:48:49Z" end-time="2026-01-26 16:48:49Z" duration="0.000910" asserts="0">
                <properties>
                  <property name="retryIteration" value="0" />
                  <property name="repeatIteration" value="0" />
                </properties>
              </test-case>
              <test-case id="1244" name="Merge_BlendShapeとマッスルとルートモーションと通常カーブを全て同時に統合できる" fullname="AnimationMergeTool.Editor.Tests.ClipMergerTests.Merge_BlendShapeとマッスルとルートモーションと通常カーブを全て同時に統合できる" methodname="Merge_BlendShapeとマッスルとルートモーションと通常カーブを全て同時に統合できる" classname="AnimationMergeTool.Editor.Tests.ClipMergerTests" runstate="Runnable" seed="1685344074" result="Passed" start-time="2026-01-26 16:48:49Z" end-time="2026-01-26 16:48:49Z" duration="0.001052" asserts="0">
                <properties>
                  <property name="retryIteration" value="0" />
                  <property name="repeatIteration" value="0" />
                </properties>
              </test-case>
              <test-case id="1237" name="Merge_異なるBlendShape名のカーブは別々に統合される" fullname="AnimationMergeTool.Editor.Tests.ClipMergerTests.Merge_異なるBlendShape名のカーブは別々に統合される" methodname="Merge_異なるBlendShape名のカーブは別々に統合される" classname="AnimationMergeTool.Editor.Tests.ClipMergerTests" runstate="Runnable" seed="1733982951" result="Passed" start-time="2026-01-26 16:48:49Z" end-time="2026-01-26 16:48:49Z" duration="0.001406" asserts="0">
                <properties>
                  <property name="retryIteration" value="0" />
                  <property name="repeatIteration" value="0" />
                </properties>
              </test-case>
              <test-case id="1236" name="Merge_異なるパスのBlendShapeカーブは別々に統合される" fullname="AnimationMergeTool.Editor.Tests.ClipMergerTests.Merge_異なるパスのBlendShapeカーブは別々に統合される" methodname="Merge_異なるパスのBlendShapeカーブは別々に統合される" classname="AnimationMergeTool.Editor.Tests.ClipMergerTests" runstate="Runnable" seed="1378721377" result="Passed" start-time="2026-01-26 16:48:49Z" end-time="2026-01-26 16:48:49Z" duration="0.001276" asserts="0">
                <properties>
                  <property name="retryIteration" value="0" />
                  <property name="repeatIteration" value="0" />
                </properties>
              </test-case>
              <test-case id="1234" name="Merge_単一ClipInfoのBlendShapeカーブを統合できる" fullname="AnimationMergeTool.Editor.Tests.ClipMergerTests.Merge_単一ClipInfoのBlendShapeカーブを統合できる" methodname="Merge_単一ClipInfoのBlendShapeカーブを統合できる" classname="AnimationMergeTool.Editor.Tests.ClipMergerTests" runstate="Runnable" seed="1810380571" result="Passed" start-time="2026-01-26 16:48:49Z" end-time="2026-01-26 16:48:49Z" duration="0.000932" asserts="0">
                <properties>
                  <property name="retryIteration" value="0" />
                  <property name="repeatIteration" value="0" />
                </properties>
              </test-case>
              <test-case id="1242" name="Merge_同じ時間のBlendShapeキーフレームは後のClipInfoのものが優先される" fullname="AnimationMergeTool.Editor.Tests.ClipMergerTests.Merge_同じ時間のBlendShapeキーフレームは後のClipInfoのものが優先される" methodname="Merge_同じ時間のBlendShapeキーフレームは後のClipInfoのものが優先される" classname="AnimationMergeTool.Editor.Tests.ClipMergerTests" runstate="Runnable" seed="404922546" result="Passed" start-time="2026-01-26 16:48:49Z" end-time="2026-01-26 16:48:49Z" duration="0.001347" asserts="0">
                <properties>
                  <property name="retryIteration" value="0" />
                  <property name="repeatIteration" value="0" />
                </properties>
              </test-case>
              <test-case id="1235" name="Merge_複数ClipInfoのBlendShapeカーブを時間軸上で統合できる" fullname="AnimationMergeTool.Editor.Tests.ClipMergerTests.Merge_複数ClipInfoのBlendShapeカーブを時間軸上で統合できる" methodname="Merge_複数ClipInfoのBlendShapeカーブを時間軸上で統合できる" classname="AnimationMergeTool.Editor.Tests.ClipMergerTests" runstate="Runnable" seed="1869200962" result="Passed" start-time="2026-01-26 16:48:49Z" end-time="2026-01-26 16:48:49Z" duration="0.001132" asserts="0">
                <properties>
                  <property name="retryIteration" value="0" />
                  <property name="repeatIteration" value="0" />
                </properties>
                <output><![CDATA[Saving results to: TestResults_P11005.xml
]]></output>
              </test-case>
            </test-suite>
          </test-suite>
        </test-suite>
      </test-suite>
    </test-suite>
  </test-suite>
</test-run>