<?xml version="1.0" encoding="utf-8"?>
<test-run id="2" testcasecount="11" result="Passed" total="11" passed="11" failed="0" inconclusive="0" skipped="0" asserts="0" engine-version="3.5.0.0" clr-version="4.0.30319.42000" start-time="2026-01-27 00:17:59Z" end-time="2026-01-27 00:18:01Z" duration="2.5161791">
  <test-suite type="TestSuite" id="1000" name="AnimationMergeToolForTimeline" fullname="AnimationMergeToolForTimeline" runstate="Runnable" testcasecount="887" result="Passed" start-time="2026-01-27 00:17:59Z" end-time="2026-01-27 00:18:01Z" duration="2.516179" total="11" passed="11" failed="0" inconclusive="0" skipped="0" asserts="0">
    <properties>
      <property name="platform" value="EditMode" />
    </properties>
    <test-suite type="Assembly" id="1911" name="AnimationMergeTool.Editor.Tests.dll" fullname="D:/Personal/Repositries/AnimationMergeToolForTimeline/AnimationMergeToolForTimeline/Library/ScriptAssemblies/AnimationMergeTool.Editor.Tests.dll" runstate="Runnable" testcasecount="887" result="Passed" start-time="2026-01-27 00:17:59Z" end-time="2026-01-27 00:18:01Z" duration="2.498579" total="11" passed="11" failed="0" inconclusive="0" skipped="0" asserts="0">
      <properties>
        <property name="_PID" value="568564" />
        <property name="_APPDOMAIN" value="Unity Child Domain" />
        <property name="platform" value="EditMode" />
        <property name="EditorOnly" value="True" />
      </properties>
      <test-suite type="TestSuite" id="1912" name="AnimationMergeTool" fullname="AnimationMergeTool" runstate="Runnable" testcasecount="887" result="Passed" start-time="2026-01-27 00:17:59Z" end-time="2026-01-27 00:18:01Z" duration="2.487315" total="11" passed="11" failed="0" inconclusive="0" skipped="0" asserts="0">
        <properties />
        <test-suite type="TestSuite" id="1913" name="Editor" fullname="AnimationMergeTool.Editor" runstate="Runnable" testcasecount="887" result="Passed" start-time="2026-01-27 00:17:59Z" end-time="2026-01-27 00:18:01Z" duration="2.475482" total="11" passed="11" failed="0" inconclusive="0" skipped="0" asserts="0">
          <properties />
          <test-suite type="TestSuite" id="1914" name="Tests" fullname="AnimationMergeTool.Editor.Tests" runstate="Runnable" testcasecount="887" result="Passed" start-time="2026-01-27 00:17:59Z" end-time="2026-01-27 00:18:01Z" duration="2.463509" total="11" passed="11" failed="0" inconclusive="0" skipped="0" asserts="0">
            <properties />
            <test-suite type="TestFixture" id="1735" name="PerformanceTests" fullname="AnimationMergeTool.Editor.Tests.PerformanceTests" classname="AnimationMergeTool.Editor.Tests.PerformanceTests" runstate="Runnable" testcasecount="11" result="Passed" start-time="2026-01-27 00:17:59Z" end-time="2026-01-27 00:18:01Z" duration="2.447353" total="11" passed="11" failed="0" inconclusive="0" skipped="0" asserts="0">
              <properties />
              <test-case id="1738" name="パフォーマンス_1000カーブのAnimationClipマージ処理が閾値内で完了する" fullname="AnimationMergeTool.Editor.Tests.PerformanceTests.パフォーマンス_1000カーブのAnimationClipマージ処理が閾値内で完了する" methodname="パフォーマンス_1000カーブのAnimationClipマージ処理が閾値内で完了する" classname="AnimationMergeTool.Editor.Tests.PerformanceTests" runstate="Runnable" seed="674730895" result="Passed" start-time="2026-01-27 00:17:59Z" end-time="2026-01-27 00:18:00Z" duration="1.403064" asserts="0">
                <properties>
                  <property name="retryIteration" value="0" />
                  <property name="repeatIteration" value="0" />
                </properties>
                <output><![CDATA[[パフォーマンス] 1000カーブのマージ処理: 691ms
]]></output>
              </test-case>
              <test-case id="1742" name="パフォーマンス_100BlendShapeカーブのマージ処理が閾値内で完了する" fullname="AnimationMergeTool.Editor.Tests.PerformanceTests.パフォーマンス_100BlendShapeカーブのマージ処理が閾値内で完了する" methodname="パフォーマンス_100BlendShapeカーブのマージ処理が閾値内で完了する" classname="AnimationMergeTool.Editor.Tests.PerformanceTests" runstate="Runnable" seed="1029316030" result="Passed" start-time="2026-01-27 00:18:00Z" end-time="2026-01-27 00:18:00Z" duration="0.013851" asserts="0">
                <properties>
                  <property name="retryIteration" value="0" />
                  <property name="repeatIteration" value="0" />
                </properties>
                <output><![CDATA[[パフォーマンス] 100BlendShapeカーブのマージ処理: 5ms
]]></output>
              </test-case>
              <test-case id="1736" name="パフォーマンス_100カーブのAnimationClipマージ処理が閾値内で完了する" fullname="AnimationMergeTool.Editor.Tests.PerformanceTests.パフォーマンス_100カーブのAnimationClipマージ処理が閾値内で完了する" methodname="パフォーマンス_100カーブのAnimationClipマージ処理が閾値内で完了する" classname="AnimationMergeTool.Editor.Tests.PerformanceTests" runstate="Runnable" seed="318544813" result="Passed" start-time="2026-01-27 00:18:00Z" end-time="2026-01-27 00:18:00Z" duration="0.010763" asserts="0">
                <properties>
                  <property name="retryIteration" value="0" />
                  <property name="repeatIteration" value="0" />
                </properties>
                <output><![CDATA[[パフォーマンス] 100カーブのマージ処理: 4ms
]]></output>
              </test-case>
              <test-case id="1740" name="パフォーマンス_300秒アニメーションのマージ処理が閾値内で完了する" fullname="AnimationMergeTool.Editor.Tests.PerformanceTests.パフォーマンス_300秒アニメーションのマージ処理が閾値内で完了する" methodname="パフォーマンス_300秒アニメーションのマージ処理が閾値内で完了する" classname="AnimationMergeTool.Editor.Tests.PerformanceTests" runstate="Runnable" seed="655204200" result="Passed" start-time="2026-01-27 00:18:00Z" end-time="2026-01-27 00:18:00Z" duration="0.002049" asserts="0">
                <properties>
                  <property name="retryIteration" value="0" />
                  <property name="repeatIteration" value="0" />
                </properties>
                <output><![CDATA[[パフォーマンス] 300秒（5分）アニメーションのマージ処理: 0ms
]]></output>
              </test-case>
              <test-case id="1743" name="パフォーマンス_500BlendShapeカーブのマージ処理が閾値内で完了する" fullname="AnimationMergeTool.Editor.Tests.PerformanceTests.パフォーマンス_500BlendShapeカーブのマージ処理が閾値内で完了する" methodname="パフォーマンス_500BlendShapeカーブのマージ処理が閾値内で完了する" classname="AnimationMergeTool.Editor.Tests.PerformanceTests" runstate="Runnable" seed="341730740" result="Passed" start-time="2026-01-27 00:18:00Z" end-time="2026-01-27 00:18:01Z" duration="0.520037" asserts="0">
                <properties>
                  <property name="retryIteration" value="0" />
                  <property name="repeatIteration" value="0" />
                </properties>
                <output><![CDATA[[パフォーマンス] 500BlendShapeカーブのマージ処理: 261ms
]]></output>
              </test-case>
              <test-case id="1737" name="パフォーマンス_500カーブのAnimationClipマージ処理が閾値内で完了する" fullname="AnimationMergeTool.Editor.Tests.PerformanceTests.パフォーマンス_500カーブのAnimationClipマージ処理が閾値内で完了する" methodname="パフォーマンス_500カーブのAnimationClipマージ処理が閾値内で完了する" classname="AnimationMergeTool.Editor.Tests.PerformanceTests" runstate="Runnable" seed="786386898" result="Passed" start-time="2026-01-27 00:18:01Z" end-time="2026-01-27 00:18:01Z" duration="0.245853" asserts="0">
                <properties>
                  <property name="retryIteration" value="0" />
                  <property name="repeatIteration" value="0" />
                </properties>
                <output><![CDATA[[パフォーマンス] 500カーブのマージ処理: 121ms
]]></output>
              </test-case>
              <test-case id="1741" name="パフォーマンス_600秒アニメーションのマージ処理が閾値内で完了する" fullname="AnimationMergeTool.Editor.Tests.PerformanceTests.パフォーマンス_600秒アニメーションのマージ処理が閾値内で完了する" methodname="パフォーマンス_600秒アニメーションのマージ処理が閾値内で完了する" classname="AnimationMergeTool.Editor.Tests.PerformanceTests" runstate="Runnable" seed="1902340546" result="Passed" start-time="2026-01-27 00:18:01Z" end-time="2026-01-27 00:18:01Z" duration="0.001851" asserts="0">
                <properties>
                  <property name="retryIteration" value="0" />
                  <property name="repeatIteration" value="0" />
                </properties>
                <output><![CDATA[[パフォーマンス] 600秒（10分）アニメーションのマージ処理: 0ms
]]></output>
              </test-case>
              <test-case id="1739" name="パフォーマンス_60秒アニメーションのマージ処理が閾値内で完了する" fullname="AnimationMergeTool.Editor.Tests.PerformanceTests.パフォーマンス_60秒アニメーションのマージ処理が閾値内で完了する" methodname="パフォーマンス_60秒アニメーションのマージ処理が閾値内で完了する" classname="AnimationMergeTool.Editor.Tests.PerformanceTests" runstate="Runnable" seed="2142434462" result="Passed" start-time="2026-01-27 00:18:01Z" end-time="2026-01-27 00:18:01Z" duration="0.001614" asserts="0">
                <properties>
                  <property name="retryIteration" value="0" />
                  <property name="repeatIteration" value="0" />
                </properties>
                <output><![CDATA[[パフォーマンス] 60秒アニメーションのマージ処理: 0ms
]]></output>
              </test-case>
              <test-case id="1745" name="パフォーマンス_TransformとBlendShape混合カーブのマージ処理が閾値内で完了する" fullname="AnimationMergeTool.Editor.Tests.PerformanceTests.パフォーマンス_TransformとBlendShape混合カーブのマージ処理が閾値内で完了する" methodname="パフォーマンス_TransformとBlendShape混合カーブのマージ処理が閾値内で完了する" classname="AnimationMergeTool.Editor.Tests.PerformanceTests" runstate="Runnable" seed="1332719537" result="Passed" start-time="2026-01-27 00:18:01Z" end-time="2026-01-27 00:18:01Z" duration="0.037490" asserts="0">
                <properties>
                  <property name="retryIteration" value="0" />
                  <property name="repeatIteration" value="0" />
                </properties>
                <output><![CDATA[[パフォーマンス] 混合カーブ(100Transform + 100BlendShape) x 60秒のマージ処理: 17ms
]]></output>
              </test-case>
              <test-case id="1744" name="パフォーマンス_大量カーブかつ長時間アニメーションのマージ処理が閾値内で完了する" fullname="AnimationMergeTool.Editor.Tests.PerformanceTests.パフォーマンス_大量カーブかつ長時間アニメーションのマージ処理が閾値内で完了する" methodname="パフォーマンス_大量カーブかつ長時間アニメーションのマージ処理が閾値内で完了する" classname="AnimationMergeTool.Editor.Tests.PerformanceTests" runstate="Runnable" seed="1850447731" result="Passed" start-time="2026-01-27 00:18:01Z" end-time="2026-01-27 00:18:01Z" duration="0.036403" asserts="0">
                <properties>
                  <property name="retryIteration" value="0" />
                  <property name="repeatIteration" value="0" />
                </properties>
                <output><![CDATA[[パフォーマンス] 200カーブ x 120秒アニメーションのマージ処理: 17ms
]]></output>
              </test-case>
              <test-case id="1746" name="パフォーマンス_複数トラックからの統合処理が閾値内で完了する" fullname="AnimationMergeTool.Editor.Tests.PerformanceTests.パフォーマンス_複数トラックからの統合処理が閾値内で完了する" methodname="パフォーマンス_複数トラックからの統合処理が閾値内で完了する" classname="AnimationMergeTool.Editor.Tests.PerformanceTests" runstate="Runnable" seed="1972551518" result="Passed" start-time="2026-01-27 00:18:01Z" end-time="2026-01-27 00:18:01Z" duration="0.163182" asserts="0">
                <properties>
                  <property name="retryIteration" value="0" />
                  <property name="repeatIteration" value="0" />
                </properties>
                <output><![CDATA[[パフォーマンス] 10トラック x 各50カーブ x 30秒のマージ処理: 143ms
Saving results to: ./TestResults_Performance.xml
]]></output>
              </test-case>
            </test-suite>
          </test-suite>
        </test-suite>
      </test-suite>
    </test-suite>
  </test-suite>
</test-run>