<?xml version="1.0" encoding="utf-8"?>
<test-run id="2" testcasecount="73" result="Passed" total="73" passed="73" failed="0" inconclusive="0" skipped="0" asserts="0" engine-version="3.5.0.0" clr-version="4.0.30319.42000" start-time="2026-01-26 06:10:38Z" end-time="2026-01-26 06:10:38Z" duration="0.1215255">
  <test-suite type="TestSuite" id="1000" name="AnimationMergeToolForTimeline" fullname="AnimationMergeToolForTimeline" runstate="Runnable" testcasecount="574" result="Passed" start-time="2026-01-26 06:10:38Z" end-time="2026-01-26 06:10:38Z" duration="0.121526" total="73" passed="73" failed="0" inconclusive="0" skipped="0" asserts="0">
    <properties>
      <property name="platform" value="EditMode" />
    </properties>
    <test-suite type="Assembly" id="1591" name="AnimationMergeTool.Editor.Tests.dll" fullname="D:/Personal/Repositries/AnimationMergeToolForTimeline/AnimationMergeToolForTimeline/Library/ScriptAssemblies/AnimationMergeTool.Editor.Tests.dll" runstate="Runnable" testcasecount="574" result="Passed" start-time="2026-01-26 06:10:38Z" end-time="2026-01-26 06:10:38Z" duration="0.108104" total="73" passed="73" failed="0" inconclusive="0" skipped="0" asserts="0">
      <properties>
        <property name="_PID" value="507400" />
        <property name="_APPDOMAIN" value="Unity Child Domain" />
        <property name="platform" value="EditMode" />
        <property name="EditorOnly" value="True" />
      </properties>
      <test-suite type="TestSuite" id="1592" name="AnimationMergeTool" fullname="AnimationMergeTool" runstate="Runnable" testcasecount="574" result="Passed" start-time="2026-01-26 06:10:38Z" end-time="2026-01-26 06:10:38Z" duration="0.101264" total="73" passed="73" failed="0" inconclusive="0" skipped="0" asserts="0">
        <properties />
        <test-suite type="TestSuite" id="1593" name="Editor" fullname="AnimationMergeTool.Editor" runstate="Runnable" testcasecount="574" result="Passed" start-time="2026-01-26 06:10:38Z" end-time="2026-01-26 06:10:38Z" duration="0.097295" total="73" passed="73" failed="0" inconclusive="0" skipped="0" asserts="0">
          <properties />
          <test-suite type="TestSuite" id="1594" name="Tests" fullname="AnimationMergeTool.Editor.Tests" runstate="Runnable" testcasecount="574" result="Passed" start-time="2026-01-26 06:10:38Z" end-time="2026-01-26 06:10:38Z" duration="0.091929" total="73" passed="73" failed="0" inconclusive="0" skipped="0" asserts="0">
            <properties />
            <test-suite type="TestFixture" id="1502" name="TrackAnalyzerTests" fullname="AnimationMergeTool.Editor.Tests.TrackAnalyzerTests" classname="AnimationMergeTool.Editor.Tests.TrackAnalyzerTests" runstate="Runnable" testcasecount="73" result="Passed" start-time="2026-01-26 06:10:38Z" end-time="2026-01-26 06:10:38Z" duration="0.085145" total="73" passed="73" failed="0" inconclusive="0" skipped="0" asserts="0">
              <properties />
              <test-case id="1545" name="AssignPriorities_nullのTrackInfoはスキップされる" fullname="AnimationMergeTool.Editor.Tests.TrackAnalyzerTests.AssignPriorities_nullのTrackInfoはスキップされる" methodname="AssignPriorities_nullのTrackInfoはスキップされる" classname="AnimationMergeTool.Editor.Tests.TrackAnalyzerTests" runstate="Runnable" seed="137454878" result="Passed" start-time="2026-01-26 06:10:38Z" end-time="2026-01-26 06:10:38Z" duration="0.014655" asserts="0">
                <properties>
                  <property name="retryIteration" value="0" />
                  <property name="repeatIteration" value="0" />
                </properties>
              </test-case>
              <test-case id="1543" name="AssignPriorities_TimelineAssetがnullの場合何もしない" fullname="AnimationMergeTool.Editor.Tests.TrackAnalyzerTests.AssignPriorities_TimelineAssetがnullの場合何もしない" methodname="AssignPriorities_TimelineAssetがnullの場合何もしない" classname="AnimationMergeTool.Editor.Tests.TrackAnalyzerTests" runstate="Runnable" seed="575760966" result="Passed" start-time="2026-01-26 06:10:38Z" end-time="2026-01-26 06:10:38Z" duration="0.000598" asserts="0">
                <properties>
                  <property name="retryIteration" value="0" />
                  <property name="repeatIteration" value="0" />
                </properties>
              </test-case>
              <test-case id="1546" name="AssignPriorities_Timelineに存在しないトラックは優先順位が変更されない" fullname="AnimationMergeTool.Editor.Tests.TrackAnalyzerTests.AssignPriorities_Timelineに存在しないトラックは優先順位が変更されない" methodname="AssignPriorities_Timelineに存在しないトラックは優先順位が変更されない" classname="AnimationMergeTool.Editor.Tests.TrackAnalyzerTests" runstate="Runnable" seed="53866651" result="Passed" start-time="2026-01-26 06:10:38Z" end-time="2026-01-26 06:10:38Z" duration="0.000748" asserts="0">
                <properties>
                  <property name="retryIteration" value="0" />
                  <property name="repeatIteration" value="0" />
                </properties>
              </test-case>
              <test-case id="1542" name="AssignPriorities_tracksがnullの場合例外を投げない" fullname="AnimationMergeTool.Editor.Tests.TrackAnalyzerTests.AssignPriorities_tracksがnullの場合例外を投げない" methodname="AssignPriorities_tracksがnullの場合例外を投げない" classname="AnimationMergeTool.Editor.Tests.TrackAnalyzerTests" runstate="Runnable" seed="1437504559" result="Passed" start-time="2026-01-26 06:10:38Z" end-time="2026-01-26 06:10:38Z" duration="0.000255" asserts="0">
                <properties>
                  <property name="retryIteration" value="0" />
                  <property name="repeatIteration" value="0" />
                </properties>
              </test-case>
              <test-case id="1544" name="AssignPriorities_トラックに正しい優先順位を割り当てる" fullname="AnimationMergeTool.Editor.Tests.TrackAnalyzerTests.AssignPriorities_トラックに正しい優先順位を割り当てる" methodname="AssignPriorities_トラックに正しい優先順位を割り当てる" classname="AnimationMergeTool.Editor.Tests.TrackAnalyzerTests" runstate="Runnable" seed="1601771456" result="Passed" start-time="2026-01-26 06:10:38Z" end-time="2026-01-26 06:10:38Z" duration="0.001584" asserts="0">
                <properties>
                  <property name="retryIteration" value="0" />
                  <property name="repeatIteration" value="0" />
                </properties>
              </test-case>
              <test-case id="1547" name="AssignPriorities_リスト内の順序に関係なく正しい優先順位が割り当てられる" fullname="AnimationMergeTool.Editor.Tests.TrackAnalyzerTests.AssignPriorities_リスト内の順序に関係なく正しい優先順位が割り当てられる" methodname="AssignPriorities_リスト内の順序に関係なく正しい優先順位が割り当てられる" classname="AnimationMergeTool.Editor.Tests.TrackAnalyzerTests" runstate="Runnable" seed="1934571665" result="Passed" start-time="2026-01-26 06:10:38Z" end-time="2026-01-26 06:10:38Z" duration="0.000761" asserts="0">
                <properties>
                  <property name="retryIteration" value="0" />
                  <property name="repeatIteration" value="0" />
                </properties>
              </test-case>
              <test-case id="1573" name="AssignPrioritiesIncludingHierarchy_GroupTrack内のトラックに正しい優先順位を割り当てる" fullname="AnimationMergeTool.Editor.Tests.TrackAnalyzerTests.AssignPrioritiesIncludingHierarchy_GroupTrack内のトラックに正しい優先順位を割り当てる" methodname="AssignPrioritiesIncludingHierarchy_GroupTrack内のトラックに正しい優先順位を割り当てる" classname="AnimationMergeTool.Editor.Tests.TrackAnalyzerTests" runstate="Runnable" seed="802932822" result="Passed" start-time="2026-01-26 06:10:38Z" end-time="2026-01-26 06:10:38Z" duration="0.002723" asserts="0">
                <properties>
                  <property name="retryIteration" value="0" />
                  <property name="repeatIteration" value="0" />
                </properties>
              </test-case>
              <test-case id="1575" name="AssignPrioritiesIncludingHierarchy_nullのTrackInfoはスキップされる" fullname="AnimationMergeTool.Editor.Tests.TrackAnalyzerTests.AssignPrioritiesIncludingHierarchy_nullのTrackInfoはスキップされる" methodname="AssignPrioritiesIncludingHierarchy_nullのTrackInfoはスキップされる" classname="AnimationMergeTool.Editor.Tests.TrackAnalyzerTests" runstate="Runnable" seed="1850665786" result="Passed" start-time="2026-01-26 06:10:38Z" end-time="2026-01-26 06:10:38Z" duration="0.000505" asserts="0">
                <properties>
                  <property name="retryIteration" value="0" />
                  <property name="repeatIteration" value="0" />
                </properties>
              </test-case>
              <test-case id="1572" name="AssignPrioritiesIncludingHierarchy_TimelineAssetがnullの場合何もしない" fullname="AnimationMergeTool.Editor.Tests.TrackAnalyzerTests.AssignPrioritiesIncludingHierarchy_TimelineAssetがnullの場合何もしない" methodname="AssignPrioritiesIncludingHierarchy_TimelineAssetがnullの場合何もしない" classname="AnimationMergeTool.Editor.Tests.TrackAnalyzerTests" runstate="Runnable" seed="468894538" result="Passed" start-time="2026-01-26 06:10:38Z" end-time="2026-01-26 06:10:38Z" duration="0.000485" asserts="0">
                <properties>
                  <property name="retryIteration" value="0" />
                  <property name="repeatIteration" value="0" />
                </properties>
              </test-case>
              <test-case id="1571" name="AssignPrioritiesIncludingHierarchy_tracksがnullの場合例外を投げない" fullname="AnimationMergeTool.Editor.Tests.TrackAnalyzerTests.AssignPrioritiesIncludingHierarchy_tracksがnullの場合例外を投げない" methodname="AssignPrioritiesIncludingHierarchy_tracksがnullの場合例外を投げない" classname="AnimationMergeTool.Editor.Tests.TrackAnalyzerTests" runstate="Runnable" seed="1279487292" result="Passed" start-time="2026-01-26 06:10:38Z" end-time="2026-01-26 06:10:38Z" duration="0.000250" asserts="0">
                <properties>
                  <property name="retryIteration" value="0" />
                  <property name="repeatIteration" value="0" />
                </properties>
              </test-case>
              <test-case id="1574" name="AssignPrioritiesIncludingHierarchy_リスト内の順序に関係なく正しい優先順位が割り当てられる" fullname="AnimationMergeTool.Editor.Tests.TrackAnalyzerTests.AssignPrioritiesIncludingHierarchy_リスト内の順序に関係なく正しい優先順位が割り当てられる" methodname="AssignPrioritiesIncludingHierarchy_リスト内の順序に関係なく正しい優先順位が割り当てられる" classname="AnimationMergeTool.Editor.Tests.TrackAnalyzerTests" runstate="Runnable" seed="487283163" result="Passed" start-time="2026-01-26 06:10:38Z" end-time="2026-01-26 06:10:38Z" duration="0.000940" asserts="0">
                <properties>
                  <property name="retryIteration" value="0" />
                  <property name="repeatIteration" value="0" />
                </properties>
              </test-case>
              <test-case id="1522" name="DetectUnboundTracks_BoundAnimatorがnullのトラックを検出する" fullname="AnimationMergeTool.Editor.Tests.TrackAnalyzerTests.DetectUnboundTracks_BoundAnimatorがnullのトラックを検出する" methodname="DetectUnboundTracks_BoundAnimatorがnullのトラックを検出する" classname="AnimationMergeTool.Editor.Tests.TrackAnalyzerTests" runstate="Runnable" seed="1702083436" result="Passed" start-time="2026-01-26 06:10:38Z" end-time="2026-01-26 06:10:38Z" duration="0.003073" asserts="0">
                <properties>
                  <property name="retryIteration" value="0" />
                  <property name="repeatIteration" value="0" />
                </properties>
                <output><![CDATA[[AnimationMergeTool] トラック "Track 1" にAnimatorがバインドされていません。
[AnimationMergeTool] トラック "Track 2" にAnimatorがバインドされていません。
]]></output>
              </test-case>
              <test-case id="1523" name="DetectUnboundTracks_BoundAnimatorが設定されているトラックは含まない" fullname="AnimationMergeTool.Editor.Tests.TrackAnalyzerTests.DetectUnboundTracks_BoundAnimatorが設定されているトラックは含まない" methodname="DetectUnboundTracks_BoundAnimatorが設定されているトラックは含まない" classname="AnimationMergeTool.Editor.Tests.TrackAnalyzerTests" runstate="Runnable" seed="1914525999" result="Passed" start-time="2026-01-26 06:10:38Z" end-time="2026-01-26 06:10:38Z" duration="0.001577" asserts="0">
                <properties>
                  <property name="retryIteration" value="0" />
                  <property name="repeatIteration" value="0" />
                </properties>
                <output><![CDATA[[AnimationMergeTool] トラック "Track 2" にAnimatorがバインドされていません。
]]></output>
              </test-case>
              <test-case id="1525" name="DetectUnboundTracks_nullのTrackInfoは除外される" fullname="AnimationMergeTool.Editor.Tests.TrackAnalyzerTests.DetectUnboundTracks_nullのTrackInfoは除外される" methodname="DetectUnboundTracks_nullのTrackInfoは除外される" classname="AnimationMergeTool.Editor.Tests.TrackAnalyzerTests" runstate="Runnable" seed="945244471" result="Passed" start-time="2026-01-26 06:10:38Z" end-time="2026-01-26 06:10:38Z" duration="0.000843" asserts="0">
                <properties>
                  <property name="retryIteration" value="0" />
                  <property name="repeatIteration" value="0" />
                </properties>
                <output><![CDATA[[AnimationMergeTool] トラック "Track 1" にAnimatorがバインドされていません。
]]></output>
              </test-case>
              <test-case id="1520" name="DetectUnboundTracks_tracksがnullの場合空のリストを返す" fullname="AnimationMergeTool.Editor.Tests.TrackAnalyzerTests.DetectUnboundTracks_tracksがnullの場合空のリストを返す" methodname="DetectUnboundTracks_tracksがnullの場合空のリストを返す" classname="AnimationMergeTool.Editor.Tests.TrackAnalyzerTests" runstate="Runnable" seed="495407533" result="Passed" start-time="2026-01-26 06:10:38Z" end-time="2026-01-26 06:10:38Z" duration="0.001191" asserts="0">
                <properties>
                  <property name="retryIteration" value="0" />
                  <property name="repeatIteration" value="0" />
                </properties>
              </test-case>
              <test-case id="1526" name="DetectUnboundTracks_エラーログが出力される" fullname="AnimationMergeTool.Editor.Tests.TrackAnalyzerTests.DetectUnboundTracks_エラーログが出力される" methodname="DetectUnboundTracks_エラーログが出力される" classname="AnimationMergeTool.Editor.Tests.TrackAnalyzerTests" runstate="Runnable" seed="795503153" result="Passed" start-time="2026-01-26 06:10:38Z" end-time="2026-01-26 06:10:38Z" duration="0.000747" asserts="0">
                <properties>
                  <property name="retryIteration" value="0" />
                  <property name="repeatIteration" value="0" />
                </properties>
                <output><![CDATA[[AnimationMergeTool] トラック "Unbound Track" にAnimatorがバインドされていません。
]]></output>
              </test-case>
              <test-case id="1521" name="DetectUnboundTracks_空のリストの場合空のリストを返す" fullname="AnimationMergeTool.Editor.Tests.TrackAnalyzerTests.DetectUnboundTracks_空のリストの場合空のリストを返す" methodname="DetectUnboundTracks_空のリストの場合空のリストを返す" classname="AnimationMergeTool.Editor.Tests.TrackAnalyzerTests" runstate="Runnable" seed="212685209" result="Passed" start-time="2026-01-26 06:10:38Z" end-time="2026-01-26 06:10:38Z" duration="0.000236" asserts="0">
                <properties>
                  <property name="retryIteration" value="0" />
                  <property name="repeatIteration" value="0" />
                </properties>
              </test-case>
              <test-case id="1524" name="DetectUnboundTracks_全てバインドされている場合空のリストを返す" fullname="AnimationMergeTool.Editor.Tests.TrackAnalyzerTests.DetectUnboundTracks_全てバインドされている場合空のリストを返す" methodname="DetectUnboundTracks_全てバインドされている場合空のリストを返す" classname="AnimationMergeTool.Editor.Tests.TrackAnalyzerTests" runstate="Runnable" seed="1220304078" result="Passed" start-time="2026-01-26 06:10:38Z" end-time="2026-01-26 06:10:38Z" duration="0.000788" asserts="0">
                <properties>
                  <property name="retryIteration" value="0" />
                  <property name="repeatIteration" value="0" />
                </properties>
              </test-case>
              <test-case id="1516" name="FilterNonMutedTracks_Muteされていないトラックのみを返す" fullname="AnimationMergeTool.Editor.Tests.TrackAnalyzerTests.FilterNonMutedTracks_Muteされていないトラックのみを返す" methodname="FilterNonMutedTracks_Muteされていないトラックのみを返す" classname="AnimationMergeTool.Editor.Tests.TrackAnalyzerTests" runstate="Runnable" seed="1965086180" result="Passed" start-time="2026-01-26 06:10:38Z" end-time="2026-01-26 06:10:38Z" duration="0.000966" asserts="0">
                <properties>
                  <property name="retryIteration" value="0" />
                  <property name="repeatIteration" value="0" />
                </properties>
              </test-case>
              <test-case id="1519" name="FilterNonMutedTracks_nullのTrackInfoは除外される" fullname="AnimationMergeTool.Editor.Tests.TrackAnalyzerTests.FilterNonMutedTracks_nullのTrackInfoは除外される" methodname="FilterNonMutedTracks_nullのTrackInfoは除外される" classname="AnimationMergeTool.Editor.Tests.TrackAnalyzerTests" runstate="Runnable" seed="661981860" result="Passed" start-time="2026-01-26 06:10:38Z" end-time="2026-01-26 06:10:38Z" duration="0.000443" asserts="0">
                <properties>
                  <property name="retryIteration" value="0" />
                  <property name="repeatIteration" value="0" />
                </properties>
              </test-case>
              <test-case id="1514" name="FilterNonMutedTracks_tracksがnullの場合空のリストを返す" fullname="AnimationMergeTool.Editor.Tests.TrackAnalyzerTests.FilterNonMutedTracks_tracksがnullの場合空のリストを返す" methodname="FilterNonMutedTracks_tracksがnullの場合空のリストを返す" classname="AnimationMergeTool.Editor.Tests.TrackAnalyzerTests" runstate="Runnable" seed="1233763271" result="Passed" start-time="2026-01-26 06:10:38Z" end-time="2026-01-26 06:10:38Z" duration="0.000213" asserts="0">
                <properties>
                  <property name="retryIteration" value="0" />
                  <property name="repeatIteration" value="0" />
                </properties>
              </test-case>
              <test-case id="1515" name="FilterNonMutedTracks_空のリストの場合空のリストを返す" fullname="AnimationMergeTool.Editor.Tests.TrackAnalyzerTests.FilterNonMutedTracks_空のリストの場合空のリストを返す" methodname="FilterNonMutedTracks_空のリストの場合空のリストを返す" classname="AnimationMergeTool.Editor.Tests.TrackAnalyzerTests" runstate="Runnable" seed="185005973" result="Passed" start-time="2026-01-26 06:10:38Z" end-time="2026-01-26 06:10:38Z" duration="0.000205" asserts="0">
                <properties>
                  <property name="retryIteration" value="0" />
                  <property name="repeatIteration" value="0" />
                </properties>
              </test-case>
              <test-case id="1518" name="FilterNonMutedTracks_全てMuteされていない場合全てのトラックを返す" fullname="AnimationMergeTool.Editor.Tests.TrackAnalyzerTests.FilterNonMutedTracks_全てMuteされていない場合全てのトラックを返す" methodname="FilterNonMutedTracks_全てMuteされていない場合全てのトラックを返す" classname="AnimationMergeTool.Editor.Tests.TrackAnalyzerTests" runstate="Runnable" seed="567938210" result="Passed" start-time="2026-01-26 06:10:38Z" end-time="2026-01-26 06:10:38Z" duration="0.000596" asserts="0">
                <properties>
                  <property name="retryIteration" value="0" />
                  <property name="repeatIteration" value="0" />
                </properties>
              </test-case>
              <test-case id="1517" name="FilterNonMutedTracks_全てMuteされている場合空のリストを返す" fullname="AnimationMergeTool.Editor.Tests.TrackAnalyzerTests.FilterNonMutedTracks_全てMuteされている場合空のリストを返す" methodname="FilterNonMutedTracks_全てMuteされている場合空のリストを返す" classname="AnimationMergeTool.Editor.Tests.TrackAnalyzerTests" runstate="Runnable" seed="1296553927" result="Passed" start-time="2026-01-26 06:10:38Z" end-time="2026-01-26 06:10:38Z" duration="0.000759" asserts="0">
                <properties>
                  <property name="retryIteration" value="0" />
                  <property name="repeatIteration" value="0" />
                </properties>
              </test-case>
              <test-case id="1505" name="GetAllAnimationTracks_AnimationTrackが1つある場合1つのTrackInfoを返す" fullname="AnimationMergeTool.Editor.Tests.TrackAnalyzerTests.GetAllAnimationTracks_AnimationTrackが1つある場合1つのTrackInfoを返す" methodname="GetAllAnimationTracks_AnimationTrackが1つある場合1つのTrackInfoを返す" classname="AnimationMergeTool.Editor.Tests.TrackAnalyzerTests" runstate="Runnable" seed="1810777873" result="Passed" start-time="2026-01-26 06:10:38Z" end-time="2026-01-26 06:10:38Z" duration="0.000917" asserts="0">
                <properties>
                  <property name="retryIteration" value="0" />
                  <property name="repeatIteration" value="0" />
                </properties>
              </test-case>
              <test-case id="1503" name="GetAllAnimationTracks_TimelineAssetがnullの場合空のリストを返す" fullname="AnimationMergeTool.Editor.Tests.TrackAnalyzerTests.GetAllAnimationTracks_TimelineAssetがnullの場合空のリストを返す" methodname="GetAllAnimationTracks_TimelineAssetがnullの場合空のリストを返す" classname="AnimationMergeTool.Editor.Tests.TrackAnalyzerTests" runstate="Runnable" seed="1389193947" result="Passed" start-time="2026-01-26 06:10:38Z" end-time="2026-01-26 06:10:38Z" duration="0.000249" asserts="0">
                <properties>
                  <property name="retryIteration" value="0" />
                  <property name="repeatIteration" value="0" />
                </properties>
              </test-case>
              <test-case id="1504" name="GetAllAnimationTracks_トラックがない場合空のリストを返す" fullname="AnimationMergeTool.Editor.Tests.TrackAnalyzerTests.GetAllAnimationTracks_トラックがない場合空のリストを返す" methodname="GetAllAnimationTracks_トラックがない場合空のリストを返す" classname="AnimationMergeTool.Editor.Tests.TrackAnalyzerTests" runstate="Runnable" seed="1502342434" result="Passed" start-time="2026-01-26 06:10:38Z" end-time="2026-01-26 06:10:38Z" duration="0.000276" asserts="0">
                <properties>
                  <property name="retryIteration" value="0" />
                  <property name="repeatIteration" value="0" />
                </properties>
              </test-case>
              <test-case id="1507" name="GetAllAnimationTracks_非AnimationTrackは除外される" fullname="AnimationMergeTool.Editor.Tests.TrackAnalyzerTests.GetAllAnimationTracks_非AnimationTrackは除外される" methodname="GetAllAnimationTracks_非AnimationTrackは除外される" classname="AnimationMergeTool.Editor.Tests.TrackAnalyzerTests" runstate="Runnable" seed="348280285" result="Passed" start-time="2026-01-26 06:10:38Z" end-time="2026-01-26 06:10:38Z" duration="0.000600" asserts="0">
                <properties>
                  <property name="retryIteration" value="0" />
                  <property name="repeatIteration" value="0" />
                </properties>
              </test-case>
              <test-case id="1506" name="GetAllAnimationTracks_複数のAnimationTrackがある場合全てのTrackInfoを返す" fullname="AnimationMergeTool.Editor.Tests.TrackAnalyzerTests.GetAllAnimationTracks_複数のAnimationTrackがある場合全てのTrackInfoを返す" methodname="GetAllAnimationTracks_複数のAnimationTrackがある場合全てのTrackInfoを返す" classname="AnimationMergeTool.Editor.Tests.TrackAnalyzerTests" runstate="Runnable" seed="257361699" result="Passed" start-time="2026-01-26 06:10:38Z" end-time="2026-01-26 06:10:38Z" duration="0.000796" asserts="0">
                <properties>
                  <property name="retryIteration" value="0" />
                  <property name="repeatIteration" value="0" />
                </properties>
              </test-case>
              <test-case id="1508" name="GetAllAnimationTracks_返されるTrackInfoのTrackプロパティが正しく設定される" fullname="AnimationMergeTool.Editor.Tests.TrackAnalyzerTests.GetAllAnimationTracks_返されるTrackInfoのTrackプロパティが正しく設定される" methodname="GetAllAnimationTracks_返されるTrackInfoのTrackプロパティが正しく設定される" classname="AnimationMergeTool.Editor.Tests.TrackAnalyzerTests" runstate="Runnable" seed="845122621" result="Passed" start-time="2026-01-26 06:10:38Z" end-time="2026-01-26 06:10:38Z" duration="0.000508" asserts="0">
                <properties>
                  <property name="retryIteration" value="0" />
                  <property name="repeatIteration" value="0" />
                </properties>
              </test-case>
              <test-case id="1557" name="GetAllGroupTracks_GroupTrackがない場合空のリストを返す" fullname="AnimationMergeTool.Editor.Tests.TrackAnalyzerTests.GetAllGroupTracks_GroupTrackがない場合空のリストを返す" methodname="GetAllGroupTracks_GroupTrackがない場合空のリストを返す" classname="AnimationMergeTool.Editor.Tests.TrackAnalyzerTests" runstate="Runnable" seed="1703550733" result="Passed" start-time="2026-01-26 06:10:38Z" end-time="2026-01-26 06:10:38Z" duration="0.000597" asserts="0">
                <properties>
                  <property name="retryIteration" value="0" />
                  <property name="repeatIteration" value="0" />
                </properties>
              </test-case>
              <test-case id="1556" name="GetAllGroupTracks_TimelineAssetがnullの場合空のリストを返す" fullname="AnimationMergeTool.Editor.Tests.TrackAnalyzerTests.GetAllGroupTracks_TimelineAssetがnullの場合空のリストを返す" methodname="GetAllGroupTracks_TimelineAssetがnullの場合空のリストを返す" classname="AnimationMergeTool.Editor.Tests.TrackAnalyzerTests" runstate="Runnable" seed="443337674" result="Passed" start-time="2026-01-26 06:10:38Z" end-time="2026-01-26 06:10:38Z" duration="0.000218" asserts="0">
                <properties>
                  <property name="retryIteration" value="0" />
                  <property name="repeatIteration" value="0" />
                </properties>
              </test-case>
              <test-case id="1558" name="GetAllGroupTracks_ルートレベルのGroupTrackを返す" fullname="AnimationMergeTool.Editor.Tests.TrackAnalyzerTests.GetAllGroupTracks_ルートレベルのGroupTrackを返す" methodname="GetAllGroupTracks_ルートレベルのGroupTrackを返す" classname="AnimationMergeTool.Editor.Tests.TrackAnalyzerTests" runstate="Runnable" seed="855050096" result="Passed" start-time="2026-01-26 06:10:38Z" end-time="2026-01-26 06:10:38Z" duration="0.000752" asserts="0">
                <properties>
                  <property name="retryIteration" value="0" />
                  <property name="repeatIteration" value="0" />
                </properties>
              </test-case>
              <test-case id="1555" name="GetAnimationTracksInGroup_AnimationTrackのみを返す" fullname="AnimationMergeTool.Editor.Tests.TrackAnalyzerTests.GetAnimationTracksInGroup_AnimationTrackのみを返す" methodname="GetAnimationTracksInGroup_AnimationTrackのみを返す" classname="AnimationMergeTool.Editor.Tests.TrackAnalyzerTests" runstate="Runnable" seed="579806609" result="Passed" start-time="2026-01-26 06:10:38Z" end-time="2026-01-26 06:10:38Z" duration="0.000878" asserts="0">
                <properties>
                  <property name="retryIteration" value="0" />
                  <property name="repeatIteration" value="0" />
                </properties>
              </test-case>
              <test-case id="1554" name="GetAnimationTracksInGroup_groupTrackがnullの場合空のリストを返す" fullname="AnimationMergeTool.Editor.Tests.TrackAnalyzerTests.GetAnimationTracksInGroup_groupTrackがnullの場合空のリストを返す" methodname="GetAnimationTracksInGroup_groupTrackがnullの場合空のリストを返す" classname="AnimationMergeTool.Editor.Tests.TrackAnalyzerTests" runstate="Runnable" seed="1247834251" result="Passed" start-time="2026-01-26 06:10:38Z" end-time="2026-01-26 06:10:38Z" duration="0.000215" asserts="0">
                <properties>
                  <property name="retryIteration" value="0" />
                  <property name="repeatIteration" value="0" />
                </properties>
              </test-case>
              <test-case id="1535" name="GetAnimationTracksWithIndex_AnimationTrackのみがインデックス付きで返される" fullname="AnimationMergeTool.Editor.Tests.TrackAnalyzerTests.GetAnimationTracksWithIndex_AnimationTrackのみがインデックス付きで返される" methodname="GetAnimationTracksWithIndex_AnimationTrackのみがインデックス付きで返される" classname="AnimationMergeTool.Editor.Tests.TrackAnalyzerTests" runstate="Runnable" seed="1906615837" result="Passed" start-time="2026-01-26 06:10:38Z" end-time="2026-01-26 06:10:38Z" duration="0.001245" asserts="0">
                <properties>
                  <property name="retryIteration" value="0" />
                  <property name="repeatIteration" value="0" />
                </properties>
              </test-case>
              <test-case id="1534" name="GetAnimationTracksWithIndex_TimelineAssetがnullの場合空のリストを返す" fullname="AnimationMergeTool.Editor.Tests.TrackAnalyzerTests.GetAnimationTracksWithIndex_TimelineAssetがnullの場合空のリストを返す" methodname="GetAnimationTracksWithIndex_TimelineAssetがnullの場合空のリストを返す" classname="AnimationMergeTool.Editor.Tests.TrackAnalyzerTests" runstate="Runnable" seed="277969116" result="Passed" start-time="2026-01-26 06:10:38Z" end-time="2026-01-26 06:10:38Z" duration="0.000204" asserts="0">
                <properties>
                  <property name="retryIteration" value="0" />
                  <property name="repeatIteration" value="0" />
                </properties>
              </test-case>
              <test-case id="1536" name="GetAnimationTracksWithIndex_インデックスはTimeline上の全トラック位置を反映する" fullname="AnimationMergeTool.Editor.Tests.TrackAnalyzerTests.GetAnimationTracksWithIndex_インデックスはTimeline上の全トラック位置を反映する" methodname="GetAnimationTracksWithIndex_インデックスはTimeline上の全トラック位置を反映する" classname="AnimationMergeTool.Editor.Tests.TrackAnalyzerTests" runstate="Runnable" seed="2022235797" result="Passed" start-time="2026-01-26 06:10:38Z" end-time="2026-01-26 06:10:38Z" duration="0.000813" asserts="0">
                <properties>
                  <property name="retryIteration" value="0" />
                  <property name="repeatIteration" value="0" />
                </properties>
              </test-case>
              <test-case id="1540" name="GetAnimationTracksWithPriority_GroupTrackを挟んでも正しい優先順位が割り当てられる" fullname="AnimationMergeTool.Editor.Tests.TrackAnalyzerTests.GetAnimationTracksWithPriority_GroupTrackを挟んでも正しい優先順位が割り当てられる" methodname="GetAnimationTracksWithPriority_GroupTrackを挟んでも正しい優先順位が割り当てられる" classname="AnimationMergeTool.Editor.Tests.TrackAnalyzerTests" runstate="Runnable" seed="1067220691" result="Passed" start-time="2026-01-26 06:10:38Z" end-time="2026-01-26 06:10:38Z" duration="0.000917" asserts="0">
                <properties>
                  <property name="retryIteration" value="0" />
                  <property name="repeatIteration" value="0" />
                </properties>
              </test-case>
              <test-case id="1537" name="GetAnimationTracksWithPriority_TimelineAssetがnullの場合空のリストを返す" fullname="AnimationMergeTool.Editor.Tests.TrackAnalyzerTests.GetAnimationTracksWithPriority_TimelineAssetがnullの場合空のリストを返す" methodname="GetAnimationTracksWithPriority_TimelineAssetがnullの場合空のリストを返す" classname="AnimationMergeTool.Editor.Tests.TrackAnalyzerTests" runstate="Runnable" seed="233590680" result="Passed" start-time="2026-01-26 06:10:38Z" end-time="2026-01-26 06:10:38Z" duration="0.000323" asserts="0">
                <properties>
                  <property name="retryIteration" value="0" />
                  <property name="repeatIteration" value="0" />
                </properties>
              </test-case>
              <test-case id="1538" name="GetAnimationTracksWithPriority_トラックがない場合空のリストを返す" fullname="AnimationMergeTool.Editor.Tests.TrackAnalyzerTests.GetAnimationTracksWithPriority_トラックがない場合空のリストを返す" methodname="GetAnimationTracksWithPriority_トラックがない場合空のリストを返す" classname="AnimationMergeTool.Editor.Tests.TrackAnalyzerTests" runstate="Runnable" seed="724599704" result="Passed" start-time="2026-01-26 06:10:38Z" end-time="2026-01-26 06:10:38Z" duration="0.000222" asserts="0">
                <properties>
                  <property name="retryIteration" value="0" />
                  <property name="repeatIteration" value="0" />
                </properties>
              </test-case>
              <test-case id="1539" name="GetAnimationTracksWithPriority_下にあるトラックほど高い優先順位を持つ" fullname="AnimationMergeTool.Editor.Tests.TrackAnalyzerTests.GetAnimationTracksWithPriority_下にあるトラックほど高い優先順位を持つ" methodname="GetAnimationTracksWithPriority_下にあるトラックほど高い優先順位を持つ" classname="AnimationMergeTool.Editor.Tests.TrackAnalyzerTests" runstate="Runnable" seed="101137360" result="Passed" start-time="2026-01-26 06:10:38Z" end-time="2026-01-26 06:10:38Z" duration="0.000773" asserts="0">
                <properties>
                  <property name="retryIteration" value="0" />
                  <property name="repeatIteration" value="0" />
                </properties>
              </test-case>
              <test-case id="1541" name="GetAnimationTracksWithPriority_優先順位の大小関係が正しい" fullname="AnimationMergeTool.Editor.Tests.TrackAnalyzerTests.GetAnimationTracksWithPriority_優先順位の大小関係が正しい" methodname="GetAnimationTracksWithPriority_優先順位の大小関係が正しい" classname="AnimationMergeTool.Editor.Tests.TrackAnalyzerTests" runstate="Runnable" seed="334111843" result="Passed" start-time="2026-01-26 06:10:38Z" end-time="2026-01-26 06:10:38Z" duration="0.000884" asserts="0">
                <properties>
                  <property name="retryIteration" value="0" />
                  <property name="repeatIteration" value="0" />
                </properties>
              </test-case>
              <test-case id="1568" name="GetAnimationTracksWithPriorityIncludingHierarchy_GroupTrack内のトラックも含めて正しい優先順位を返す" fullname="AnimationMergeTool.Editor.Tests.TrackAnalyzerTests.GetAnimationTracksWithPriorityIncludingHierarchy_GroupTrack内のトラックも含めて正しい優先順位を返す" methodname="GetAnimationTracksWithPriorityIncludingHierarchy_GroupTrack内のトラックも含めて正しい優先順位を返す" classname="AnimationMergeTool.Editor.Tests.TrackAnalyzerTests" runstate="Runnable" seed="1339858798" result="Passed" start-time="2026-01-26 06:10:38Z" end-time="2026-01-26 06:10:38Z" duration="0.001117" asserts="0">
                <properties>
                  <property name="retryIteration" value="0" />
                  <property name="repeatIteration" value="0" />
                </properties>
              </test-case>
              <test-case id="1566" name="GetAnimationTracksWithPriorityIncludingHierarchy_TimelineAssetがnullの場合空のリストを返す" fullname="AnimationMergeTool.Editor.Tests.TrackAnalyzerTests.GetAnimationTracksWithPriorityIncludingHierarchy_TimelineAssetがnullの場合空のリストを返す" methodname="GetAnimationTracksWithPriorityIncludingHierarchy_TimelineAssetがnullの場合空のリストを返す" classname="AnimationMergeTool.Editor.Tests.TrackAnalyzerTests" runstate="Runnable" seed="241102649" result="Passed" start-time="2026-01-26 06:10:38Z" end-time="2026-01-26 06:10:38Z" duration="0.000215" asserts="0">
                <properties>
                  <property name="retryIteration" value="0" />
                  <property name="repeatIteration" value="0" />
                </properties>
              </test-case>
              <test-case id="1567" name="GetAnimationTracksWithPriorityIncludingHierarchy_トラックがない場合空のリストを返す" fullname="AnimationMergeTool.Editor.Tests.TrackAnalyzerTests.GetAnimationTracksWithPriorityIncludingHierarchy_トラックがない場合空のリストを返す" methodname="GetAnimationTracksWithPriorityIncludingHierarchy_トラックがない場合空のリストを返す" classname="AnimationMergeTool.Editor.Tests.TrackAnalyzerTests" runstate="Runnable" seed="1842079790" result="Passed" start-time="2026-01-26 06:10:38Z" end-time="2026-01-26 06:10:38Z" duration="0.000201" asserts="0">
                <properties>
                  <property name="retryIteration" value="0" />
                  <property name="repeatIteration" value="0" />
                </properties>
              </test-case>
              <test-case id="1569" name="GetAnimationTracksWithPriorityIncludingHierarchy_ネストされたGroupTrackも正しく処理する" fullname="AnimationMergeTool.Editor.Tests.TrackAnalyzerTests.GetAnimationTracksWithPriorityIncludingHierarchy_ネストされたGroupTrackも正しく処理する" methodname="GetAnimationTracksWithPriorityIncludingHierarchy_ネストされたGroupTrackも正しく処理する" classname="AnimationMergeTool.Editor.Tests.TrackAnalyzerTests" runstate="Runnable" seed="804731844" result="Passed" start-time="2026-01-26 06:10:38Z" end-time="2026-01-26 06:10:38Z" duration="0.001174" asserts="0">
                <properties>
                  <property name="retryIteration" value="0" />
                  <property name="repeatIteration" value="0" />
                </properties>
              </test-case>
              <test-case id="1570" name="GetAnimationTracksWithPriorityIncludingHierarchy_複数のGroupTrackがある場合も正しく処理する" fullname="AnimationMergeTool.Editor.Tests.TrackAnalyzerTests.GetAnimationTracksWithPriorityIncludingHierarchy_複数のGroupTrackがある場合も正しく処理する" methodname="GetAnimationTracksWithPriorityIncludingHierarchy_複数のGroupTrackがある場合も正しく処理する" classname="AnimationMergeTool.Editor.Tests.TrackAnalyzerTests" runstate="Runnable" seed="867266356" result="Passed" start-time="2026-01-26 06:10:38Z" end-time="2026-01-26 06:10:38Z" duration="0.001052" asserts="0">
                <properties>
                  <property name="retryIteration" value="0" />
                  <property name="repeatIteration" value="0" />
                </properties>
              </test-case>
              <test-case id="1551" name="GetChildTracksInGroup_groupTrackがnullの場合空のリストを返す" fullname="AnimationMergeTool.Editor.Tests.TrackAnalyzerTests.GetChildTracksInGroup_groupTrackがnullの場合空のリストを返す" methodname="GetChildTracksInGroup_groupTrackがnullの場合空のリストを返す" classname="AnimationMergeTool.Editor.Tests.TrackAnalyzerTests" runstate="Runnable" seed="1089053795" result="Passed" start-time="2026-01-26 06:10:38Z" end-time="2026-01-26 06:10:38Z" duration="0.000296" asserts="0">
                <properties>
                  <property name="retryIteration" value="0" />
                  <property name="repeatIteration" value="0" />
                </properties>
              </test-case>
              <test-case id="1553" name="GetChildTracksInGroup_子トラックがある場合全ての子トラックを返す" fullname="AnimationMergeTool.Editor.Tests.TrackAnalyzerTests.GetChildTracksInGroup_子トラックがある場合全ての子トラックを返す" methodname="GetChildTracksInGroup_子トラックがある場合全ての子トラックを返す" classname="AnimationMergeTool.Editor.Tests.TrackAnalyzerTests" runstate="Runnable" seed="1716276650" result="Passed" start-time="2026-01-26 06:10:38Z" end-time="2026-01-26 06:10:38Z" duration="0.000779" asserts="0">
                <properties>
                  <property name="retryIteration" value="0" />
                  <property name="repeatIteration" value="0" />
                </properties>
              </test-case>
              <test-case id="1552" name="GetChildTracksInGroup_子トラックがない場合空のリストを返す" fullname="AnimationMergeTool.Editor.Tests.TrackAnalyzerTests.GetChildTracksInGroup_子トラックがない場合空のリストを返す" methodname="GetChildTracksInGroup_子トラックがない場合空のリストを返す" classname="AnimationMergeTool.Editor.Tests.TrackAnalyzerTests" runstate="Runnable" seed="503826173" result="Passed" start-time="2026-01-26 06:10:38Z" end-time="2026-01-26 06:10:38Z" duration="0.000419" asserts="0">
                <properties>
                  <property name="retryIteration" value="0" />
                  <property name="repeatIteration" value="0" />
                </properties>
              </test-case>
              <test-case id="1531" name="GetOutputTracksInOrder_TimelineAssetがnullの場合空のリストを返す" fullname="AnimationMergeTool.Editor.Tests.TrackAnalyzerTests.GetOutputTracksInOrder_TimelineAssetがnullの場合空のリストを返す" methodname="GetOutputTracksInOrder_TimelineAssetがnullの場合空のリストを返す" classname="AnimationMergeTool.Editor.Tests.TrackAnalyzerTests" runstate="Runnable" seed="1759713371" result="Passed" start-time="2026-01-26 06:10:38Z" end-time="2026-01-26 06:10:38Z" duration="0.000269" asserts="0">
                <properties>
                  <property name="retryIteration" value="0" />
                  <property name="repeatIteration" value="0" />
                </properties>
              </test-case>
              <test-case id="1532" name="GetOutputTracksInOrder_トラックがない場合空のリストを返す" fullname="AnimationMergeTool.Editor.Tests.TrackAnalyzerTests.GetOutputTracksInOrder_トラックがない場合空のリストを返す" methodname="GetOutputTracksInOrder_トラックがない場合空のリストを返す" classname="AnimationMergeTool.Editor.Tests.TrackAnalyzerTests" runstate="Runnable" seed="908577441" result="Passed" start-time="2026-01-26 06:10:38Z" end-time="2026-01-26 06:10:38Z" duration="0.000214" asserts="0">
                <properties>
                  <property name="retryIteration" value="0" />
                  <property name="repeatIteration" value="0" />
                </properties>
              </test-case>
              <test-case id="1533" name="GetOutputTracksInOrder_トラックが作成順に返される" fullname="AnimationMergeTool.Editor.Tests.TrackAnalyzerTests.GetOutputTracksInOrder_トラックが作成順に返される" methodname="GetOutputTracksInOrder_トラックが作成順に返される" classname="AnimationMergeTool.Editor.Tests.TrackAnalyzerTests" runstate="Runnable" seed="2125955467" result="Passed" start-time="2026-01-26 06:10:38Z" end-time="2026-01-26 06:10:38Z" duration="0.000712" asserts="0">
                <properties>
                  <property name="retryIteration" value="0" />
                  <property name="repeatIteration" value="0" />
                </properties>
              </test-case>
              <test-case id="1511" name="GetOverrideTracks_OverrideTrackが1つある場合1つのTrackInfoを返す" fullname="AnimationMergeTool.Editor.Tests.TrackAnalyzerTests.GetOverrideTracks_OverrideTrackが1つある場合1つのTrackInfoを返す" methodname="GetOverrideTracks_OverrideTrackが1つある場合1つのTrackInfoを返す" classname="AnimationMergeTool.Editor.Tests.TrackAnalyzerTests" runstate="Runnable" seed="893107011" result="Passed" start-time="2026-01-26 06:10:38Z" end-time="2026-01-26 06:10:38Z" duration="0.000704" asserts="0">
                <properties>
                  <property name="retryIteration" value="0" />
                  <property name="repeatIteration" value="0" />
                </properties>
              </test-case>
              <test-case id="1509" name="GetOverrideTracks_parentTrackがnullの場合空のリストを返す" fullname="AnimationMergeTool.Editor.Tests.TrackAnalyzerTests.GetOverrideTracks_parentTrackがnullの場合空のリストを返す" methodname="GetOverrideTracks_parentTrackがnullの場合空のリストを返す" classname="AnimationMergeTool.Editor.Tests.TrackAnalyzerTests" runstate="Runnable" seed="1932185491" result="Passed" start-time="2026-01-26 06:10:38Z" end-time="2026-01-26 06:10:38Z" duration="0.000210" asserts="0">
                <properties>
                  <property name="retryIteration" value="0" />
                  <property name="repeatIteration" value="0" />
                </properties>
              </test-case>
              <test-case id="1510" name="GetOverrideTracks_子トラックがない場合空のリストを返す" fullname="AnimationMergeTool.Editor.Tests.TrackAnalyzerTests.GetOverrideTracks_子トラックがない場合空のリストを返す" methodname="GetOverrideTracks_子トラックがない場合空のリストを返す" classname="AnimationMergeTool.Editor.Tests.TrackAnalyzerTests" runstate="Runnable" seed="821600094" result="Passed" start-time="2026-01-26 06:10:38Z" end-time="2026-01-26 06:10:38Z" duration="0.001842" asserts="0">
                <properties>
                  <property name="retryIteration" value="0" />
                  <property name="repeatIteration" value="0" />
                </properties>
              </test-case>
              <test-case id="1513" name="GetOverrideTracks_親トラックのバインド情報とは独立したTrackInfoが返される" fullname="AnimationMergeTool.Editor.Tests.TrackAnalyzerTests.GetOverrideTracks_親トラックのバインド情報とは独立したTrackInfoが返される" methodname="GetOverrideTracks_親トラックのバインド情報とは独立したTrackInfoが返される" classname="AnimationMergeTool.Editor.Tests.TrackAnalyzerTests" runstate="Runnable" seed="542727097" result="Passed" start-time="2026-01-26 06:10:38Z" end-time="2026-01-26 06:10:38Z" duration="0.000627" asserts="0">
                <properties>
                  <property name="retryIteration" value="0" />
                  <property name="repeatIteration" value="0" />
                </properties>
              </test-case>
              <test-case id="1512" name="GetOverrideTracks_複数のOverrideTrackがある場合全てのTrackInfoを返す" fullname="AnimationMergeTool.Editor.Tests.TrackAnalyzerTests.GetOverrideTracks_複数のOverrideTrackがある場合全てのTrackInfoを返す" methodname="GetOverrideTracks_複数のOverrideTrackがある場合全てのTrackInfoを返す" classname="AnimationMergeTool.Editor.Tests.TrackAnalyzerTests" runstate="Runnable" seed="274377118" result="Passed" start-time="2026-01-26 06:10:38Z" end-time="2026-01-26 06:10:38Z" duration="0.000844" asserts="0">
                <properties>
                  <property name="retryIteration" value="0" />
                  <property name="repeatIteration" value="0" />
                </properties>
              </test-case>
              <test-case id="1550" name="GetParentGroup_GroupTrack内のトラックの場合親GroupTrackを返す" fullname="AnimationMergeTool.Editor.Tests.TrackAnalyzerTests.GetParentGroup_GroupTrack内のトラックの場合親GroupTrackを返す" methodname="GetParentGroup_GroupTrack内のトラックの場合親GroupTrackを返す" classname="AnimationMergeTool.Editor.Tests.TrackAnalyzerTests" runstate="Runnable" seed="1953120669" result="Passed" start-time="2026-01-26 06:10:38Z" end-time="2026-01-26 06:10:38Z" duration="0.000672" asserts="0">
                <properties>
                  <property name="retryIteration" value="0" />
                  <property name="repeatIteration" value="0" />
                </properties>
              </test-case>
              <test-case id="1548" name="GetParentGroup_trackがnullの場合nullを返す" fullname="AnimationMergeTool.Editor.Tests.TrackAnalyzerTests.GetParentGroup_trackがnullの場合nullを返す" methodname="GetParentGroup_trackがnullの場合nullを返す" classname="AnimationMergeTool.Editor.Tests.TrackAnalyzerTests" runstate="Runnable" seed="1702383879" result="Passed" start-time="2026-01-26 06:10:38Z" end-time="2026-01-26 06:10:38Z" duration="0.000258" asserts="0">
                <properties>
                  <property name="retryIteration" value="0" />
                  <property name="repeatIteration" value="0" />
                </properties>
              </test-case>
              <test-case id="1549" name="GetParentGroup_ルートトラックの場合nullを返す" fullname="AnimationMergeTool.Editor.Tests.TrackAnalyzerTests.GetParentGroup_ルートトラックの場合nullを返す" methodname="GetParentGroup_ルートトラックの場合nullを返す" classname="AnimationMergeTool.Editor.Tests.TrackAnalyzerTests" runstate="Runnable" seed="1716676078" result="Passed" start-time="2026-01-26 06:10:38Z" end-time="2026-01-26 06:10:38Z" duration="0.000511" asserts="0">
                <properties>
                  <property name="retryIteration" value="0" />
                  <property name="repeatIteration" value="0" />
                </properties>
              </test-case>
              <test-case id="1564" name="GetTrackDepth_GroupTrack内のトラックの場合1を返す" fullname="AnimationMergeTool.Editor.Tests.TrackAnalyzerTests.GetTrackDepth_GroupTrack内のトラックの場合1を返す" methodname="GetTrackDepth_GroupTrack内のトラックの場合1を返す" classname="AnimationMergeTool.Editor.Tests.TrackAnalyzerTests" runstate="Runnable" seed="1328240160" result="Passed" start-time="2026-01-26 06:10:38Z" end-time="2026-01-26 06:10:38Z" duration="0.000664" asserts="0">
                <properties>
                  <property name="retryIteration" value="0" />
                  <property name="repeatIteration" value="0" />
                </properties>
              </test-case>
              <test-case id="1562" name="GetTrackDepth_trackがnullの場合マイナス1を返す" fullname="AnimationMergeTool.Editor.Tests.TrackAnalyzerTests.GetTrackDepth_trackがnullの場合マイナス1を返す" methodname="GetTrackDepth_trackがnullの場合マイナス1を返す" classname="AnimationMergeTool.Editor.Tests.TrackAnalyzerTests" runstate="Runnable" seed="1262492195" result="Passed" start-time="2026-01-26 06:10:38Z" end-time="2026-01-26 06:10:38Z" duration="0.000192" asserts="0">
                <properties>
                  <property name="retryIteration" value="0" />
                  <property name="repeatIteration" value="0" />
                </properties>
              </test-case>
              <test-case id="1565" name="GetTrackDepth_ネストされたGroupTrack内のトラックの場合2を返す" fullname="AnimationMergeTool.Editor.Tests.TrackAnalyzerTests.GetTrackDepth_ネストされたGroupTrack内のトラックの場合2を返す" methodname="GetTrackDepth_ネストされたGroupTrack内のトラックの場合2を返す" classname="AnimationMergeTool.Editor.Tests.TrackAnalyzerTests" runstate="Runnable" seed="886971824" result="Passed" start-time="2026-01-26 06:10:38Z" end-time="2026-01-26 06:10:38Z" duration="0.000770" asserts="0">
                <properties>
                  <property name="retryIteration" value="0" />
                  <property name="repeatIteration" value="0" />
                </properties>
              </test-case>
              <test-case id="1563" name="GetTrackDepth_ルートトラックの場合0を返す" fullname="AnimationMergeTool.Editor.Tests.TrackAnalyzerTests.GetTrackDepth_ルートトラックの場合0を返す" methodname="GetTrackDepth_ルートトラックの場合0を返す" classname="AnimationMergeTool.Editor.Tests.TrackAnalyzerTests" runstate="Runnable" seed="1741900426" result="Passed" start-time="2026-01-26 06:10:38Z" end-time="2026-01-26 06:10:38Z" duration="0.000482" asserts="0">
                <properties>
                  <property name="retryIteration" value="0" />
                  <property name="repeatIteration" value="0" />
                </properties>
              </test-case>
              <test-case id="1527" name="GetTrackIndex_TimelineAssetがnullの場合マイナス1を返す" fullname="AnimationMergeTool.Editor.Tests.TrackAnalyzerTests.GetTrackIndex_TimelineAssetがnullの場合マイナス1を返す" methodname="GetTrackIndex_TimelineAssetがnullの場合マイナス1を返す" classname="AnimationMergeTool.Editor.Tests.TrackAnalyzerTests" runstate="Runnable" seed="178628019" result="Passed" start-time="2026-01-26 06:10:38Z" end-time="2026-01-26 06:10:38Z" duration="0.000503" asserts="0">
                <properties>
                  <property name="retryIteration" value="0" />
                  <property name="repeatIteration" value="0" />
                </properties>
              </test-case>
              <test-case id="1528" name="GetTrackIndex_trackがnullの場合マイナス1を返す" fullname="AnimationMergeTool.Editor.Tests.TrackAnalyzerTests.GetTrackIndex_trackがnullの場合マイナス1を返す" methodname="GetTrackIndex_trackがnullの場合マイナス1を返す" classname="AnimationMergeTool.Editor.Tests.TrackAnalyzerTests" runstate="Runnable" seed="857471872" result="Passed" start-time="2026-01-26 06:10:38Z" end-time="2026-01-26 06:10:38Z" duration="0.000192" asserts="0">
                <properties>
                  <property name="retryIteration" value="0" />
                  <property name="repeatIteration" value="0" />
                </properties>
              </test-case>
              <test-case id="1530" name="GetTrackIndex_トラックが存在しない場合マイナス1を返す" fullname="AnimationMergeTool.Editor.Tests.TrackAnalyzerTests.GetTrackIndex_トラックが存在しない場合マイナス1を返す" methodname="GetTrackIndex_トラックが存在しない場合マイナス1を返す" classname="AnimationMergeTool.Editor.Tests.TrackAnalyzerTests" runstate="Runnable" seed="1427020517" result="Passed" start-time="2026-01-26 06:10:38Z" end-time="2026-01-26 06:10:38Z" duration="0.000635" asserts="0">
                <properties>
                  <property name="retryIteration" value="0" />
                  <property name="repeatIteration" value="0" />
                </properties>
              </test-case>
              <test-case id="1529" name="GetTrackIndex_トラックが存在する場合正しいインデックスを返す" fullname="AnimationMergeTool.Editor.Tests.TrackAnalyzerTests.GetTrackIndex_トラックが存在する場合正しいインデックスを返す" methodname="GetTrackIndex_トラックが存在する場合正しいインデックスを返す" classname="AnimationMergeTool.Editor.Tests.TrackAnalyzerTests" runstate="Runnable" seed="1027746412" result="Passed" start-time="2026-01-26 06:10:38Z" end-time="2026-01-26 06:10:38Z" duration="0.000699" asserts="0">
                <properties>
                  <property name="retryIteration" value="0" />
                  <property name="repeatIteration" value="0" />
                </properties>
              </test-case>
              <test-case id="1561" name="IsTrackInGroup_GroupTrack内のトラックの場合trueを返す" fullname="AnimationMergeTool.Editor.Tests.TrackAnalyzerTests.IsTrackInGroup_GroupTrack内のトラックの場合trueを返す" methodname="IsTrackInGroup_GroupTrack内のトラックの場合trueを返す" classname="AnimationMergeTool.Editor.Tests.TrackAnalyzerTests" runstate="Runnable" seed="2032601699" result="Passed" start-time="2026-01-26 06:10:38Z" end-time="2026-01-26 06:10:38Z" duration="0.000698" asserts="0">
                <properties>
                  <property name="retryIteration" value="0" />
                  <property name="repeatIteration" value="0" />
                </properties>
              </test-case>
              <test-case id="1559" name="IsTrackInGroup_trackがnullの場合falseを返す" fullname="AnimationMergeTool.Editor.Tests.TrackAnalyzerTests.IsTrackInGroup_trackがnullの場合falseを返す" methodname="IsTrackInGroup_trackがnullの場合falseを返す" classname="AnimationMergeTool.Editor.Tests.TrackAnalyzerTests" runstate="Runnable" seed="452789723" result="Passed" start-time="2026-01-26 06:10:38Z" end-time="2026-01-26 06:10:38Z" duration="0.000291" asserts="0">
                <properties>
                  <property name="retryIteration" value="0" />
                  <property name="repeatIteration" value="0" />
                </properties>
              </test-case>
              <test-case id="1560" name="IsTrackInGroup_ルートトラックの場合falseを返す" fullname="AnimationMergeTool.Editor.Tests.TrackAnalyzerTests.IsTrackInGroup_ルートトラックの場合falseを返す" methodname="IsTrackInGroup_ルートトラックの場合falseを返す" classname="AnimationMergeTool.Editor.Tests.TrackAnalyzerTests" runstate="Runnable" seed="1964366978" result="Passed" start-time="2026-01-26 06:10:38Z" end-time="2026-01-26 06:10:38Z" duration="0.000427" asserts="0">
                <properties>
                  <property name="retryIteration" value="0" />
                  <property name="repeatIteration" value="0" />
                </properties>
                <output><![CDATA[Saving results to: ./TrackAnalyzerTestResults2.xml
]]></output>
              </test-case>
            </test-suite>
          </test-suite>
        </test-suite>
      </test-suite>
    </test-suite>
  </test-suite>
</test-run>